2021-07-27 07:50:21,755 ENTRY: E:308.32 at t:2021-07-27T10:50:21.706385664
2021-07-27 07:52:06,906 STOPLOSS: Δabs: -6.000000000000227; Δ%: -1.946030098598932%; cumulative profit: -1.946030098598932%
2021-07-27 07:52:09,021 ENTRY: E:308.25 at t:2021-07-27T10:52:08.953754112
2021-07-27 07:53:12,723 PROFIT: Δabs: 18.999999999999773; Δ%: 6.163828061638207%; cumulative profit: 4.217797963039275%
2021-07-27 07:53:26,081 ENTRY: E:308.37 at t:2021-07-27T10:53:26.050192640
2021-07-27 07:53:32,109 STOPLOSS: Δabs: -3.000000000002956; Δ%: -0.9728572818377131%; cumulative profit: 3.244940681201562%
2021-07-27 07:53:33,136 ENTRY: E:308.39 at t:2021-07-27T10:53:33.116779008
2021-07-27 07:53:39,190 STOPLOSS: Δabs: -1.999999999998181; Δ%: -0.6485294594501058%; cumulative profit: 2.596411221751456%
2021-07-27 07:53:40,249 ENTRY: E:308.37 at t:2021-07-27T10:53:40.203898624
2021-07-27 07:53:46,291 STOPLOSS: Δabs: -4.000000000002046; Δ%: -1.2971430424496695%; cumulative profit: 1.2992681793017866%
2021-07-27 07:53:47,336 ENTRY: E:308.32 at t:2021-07-27T10:53:47.296574464
2021-07-27 07:54:06,779 PROFIT: Δabs: 16.0000000000025; Δ%: 5.189413596264434%; cumulative profit: 6.488681775566221%
2021-07-27 07:54:14,106 ENTRY: E:308.39 at t:2021-07-27T10:54:14.063730944
2021-07-27 07:54:30,542 STOPLOSS: Δabs: -1.999999999998181; Δ%: -0.6485294594501058%; cumulative profit: 5.840152316116115%
2021-07-27 07:54:31,600 ENTRY: E:308.36 at t:2021-07-27T10:54:31.551532800
2021-07-27 07:54:53,103 STOPLOSS: Δabs: -2.0000000000038654; Δ%: -0.6485925541587318%; cumulative profit: 5.191559761957383%
2021-07-27 07:54:54,149 ENTRY: E:308.33 at t:2021-07-27T10:54:54.111671552
2021-07-27 07:55:45,620 PROFIT: Δabs: 17.00000000000159; Δ%: 5.5135731197099185%; cumulative profit: 10.705132881667302%
2021-07-27 07:56:01,014 ENTRY: E:308.46 at t:2021-07-27T10:56:00.997021440
2021-07-27 07:56:09,119 STOPLOSS: Δabs: -1.999999999998181; Δ%: -0.6483822861953514%; cumulative profit: 10.05675059547195%
2021-07-27 07:56:10,143 ENTRY: E:308.45 at t:2021-07-27T10:56:10.123766016
2021-07-27 07:56:18,236 STOPLOSS: Δabs: -1.999999999998181; Δ%: -0.6484033068562753%; cumulative profit: 9.408347288615674%
2021-07-27 07:56:19,261 ENTRY: E:308.44 at t:2021-07-27T10:56:19.242900736
2021-07-27 07:56:53,208 PROFIT: Δabs: 16.0000000000025; Δ%: 5.1873946310473675%; cumulative profit: 14.595741919663041%
2021-07-27 07:57:01,420 ENTRY: E:308.55 at t:2021-07-27T10:57:01.405687552
2021-07-27 07:57:07,472 STOPLOSS: Δabs: -2.0000000000038654; Δ%: -0.6481931615633982%; cumulative profit: 13.947548758099643%
2021-07-27 07:57:08,509 ENTRY: E:308.53 at t:2021-07-27T10:57:08.478318592
2021-07-27 07:57:43,416 PROFIT: Δabs: 19.000000000005457; Δ%: 6.158234207372202%; cumulative profit: 20.105782965471846%
2021-07-27 07:57:59,847 ENTRY: E:308.85 at t:2021-07-27T10:57:59.831911424
2021-07-27 07:58:05,867 STOPLOSS: Δabs: -4.000000000002046; Δ%: -1.2951270843458138%; cumulative profit: 18.81065588112603%
2021-07-27 07:58:06,895 ENTRY: E:308.84 at t:2021-07-27T10:58:06.870479616
2021-07-27 07:58:21,109 PROFIT: Δabs: 22.00000000000273; Δ%: 7.123429607564671%; cumulative profit: 25.9340854886907%
2021-07-27 07:58:44,780 ENTRY: E:309.37 at t:2021-07-27T10:58:44.743825664
2021-07-27 07:58:50,816 STOPLOSS: Δabs: -1.999999999998181; Δ%: -0.6464750945463946%; cumulative profit: 25.287610394144306%
2021-07-27 07:58:51,840 ENTRY: E:309.34 at t:2021-07-27T10:58:51.824844800
2021-07-27 07:59:15,711 PROFIT: Δabs: 16.0000000000025; Δ%: 5.172302321071475%; cumulative profit: 30.45991271521578%
2021-07-27 07:59:16,739 ENTRY: E:309.49 at t:2021-07-27T10:59:16.721403392
2021-07-27 07:59:22,784 STOPLOSS: Δabs: -5.000000000001137; Δ%: -1.6155610843649673%; cumulative profit: 28.844351630850813%
2021-07-27 07:59:23,805 ENTRY: E:309.4 at t:2021-07-27T10:59:23.790191104
2021-07-27 07:59:40,103 STOPLOSS: Δabs: -1.999999999998181; Δ%: -0.6464124111177055%; cumulative profit: 28.197939219733108%
2021-07-27 07:59:41,139 ENTRY: E:309.39 at t:2021-07-27T10:59:41.107062528
2021-07-27 08:00:04,967 STOPLOSS: Δabs: -6.999999999999318; Δ%: -2.262516564853201%; cumulative profit: 25.935422654879908%
2021-07-27 08:00:05,999 ENTRY: E:309.31 at t:2021-07-27T11:00:05.973688832
2021-07-27 08:00:14,072 STOPLOSS: Δabs: -6.000000000000227; Δ%: -1.9398014936472239%; cumulative profit: 23.995621161232684%
2021-07-27 08:00:15,093 ENTRY: E:309.22 at t:2021-07-27T11:00:15.076949504
2021-07-27 08:00:21,110 STOPLOSS: Δabs: -5.000000000001137; Δ%: -1.616971735334434%; cumulative profit: 22.37864942589825%
2021-07-27 08:00:22,135 ENTRY: E:309.18 at t:2021-07-27T11:00:22.117031936
2021-07-27 08:00:28,170 STOPLOSS: Δabs: -1.999999999998181; Δ%: -0.6468723720804%; cumulative profit: 21.73177705381785%
2021-07-27 08:00:29,205 ENTRY: E:309.15 at t:2021-07-27T11:00:29.175579904
2021-07-27 08:00:36,264 STOPLOSS: Δabs: -6.000000000000227; Δ%: -1.9408054342552896%; cumulative profit: 19.790971619562562%
2021-07-27 08:00:37,290 ENTRY: E:309.09 at t:2021-07-27T11:00:37.272381696
2021-07-27 08:00:44,334 STOPLOSS: Δabs: -1.999999999998181; Δ%: -0.6470607266486075%; cumulative profit: 19.143910892913954%
2021-07-27 08:00:45,357 ENTRY: E:309.11 at t:2021-07-27T11:00:45.340761856
2021-07-27 08:00:53,448 STOPLOSS: Δabs: -3.000000000002956; Δ%: -0.9705282909006359%; cumulative profit: 18.17338260201332%
2021-07-27 08:00:54,479 ENTRY: E:309.06 at t:2021-07-27T11:00:54.453393664
2021-07-27 08:01:01,525 STOPLOSS: Δabs: -1.999999999998181; Δ%: -0.6471235358824114%; cumulative profit: 17.52625906613091%
2021-07-27 08:02:02,323 ENTRY: E:309.17 at t:2021-07-27T11:02:02.308784384
2021-07-27 08:02:21,675 PROFIT: Δabs: 15.999999999996817; Δ%: 5.175146359606953%; cumulative profit: 22.70140542573786%
2021-07-27 08:02:28,949 ENTRY: E:309.29 at t:2021-07-27T11:02:28.926332416
2021-07-27 08:02:36,000 STOPLOSS: Δabs: -3.000000000002956; Δ%: -0.9699634647104516%; cumulative profit: 21.731441961027407%
2021-07-27 08:02:37,057 ENTRY: E:309.26 at t:2021-07-27T11:02:37.023632128
2021-07-27 08:02:52,363 STOPLOSS: Δabs: -6.999999999999318; Δ%: -2.263467632412636%; cumulative profit: 19.467974328614773%
2021-07-27 08:02:53,382 ENTRY: E:309.18 at t:2021-07-27T11:02:53.367030528
2021-07-27 08:03:01,593 STOPLOSS: Δabs: -6.999999999999318; Δ%: -2.2640533022832385%; cumulative profit: 17.203921026331535%
2021-07-27 08:03:02,646 ENTRY: E:309.16 at t:2021-07-27T11:03:02.609723136
2021-07-27 08:03:08,671 STOPLOSS: Δabs: -6.000000000000227; Δ%: -1.9407426575236857%; cumulative profit: 15.26317836880785%
2021-07-27 08:03:09,696 ENTRY: E:309.1 at t:2021-07-27T11:03:09.677100544
2021-07-27 08:03:17,813 STOPLOSS: Δabs: -3.000000000002956; Δ%: -0.9705596894218556%; cumulative profit: 14.292618679385994%
2021-07-27 08:03:18,839 ENTRY: E:309.07 at t:2021-07-27T11:03:18.818725120
2021-07-27 08:03:42,375 STOPLOSS: Δabs: -2.9999999999972715; Δ%: -0.9706538971745143%; cumulative profit: 13.321964782211479%
2021-07-27 08:04:26,560 ENTRY: E:309.12 at t:2021-07-27T11:04:26.545107456
2021-07-27 08:04:55,269 STOPLOSS: Δabs: -5.000000000001137; Δ%: -1.617494824016931%; cumulative profit: 11.704469958194547%
2021-07-27 08:04:56,292 ENTRY: E:309.08 at t:2021-07-27T11:04:56.276944384
2021-07-27 08:05:09,534 STOPLOSS: Δabs: -2.9999999999972715; Δ%: -0.9706224925576781%; cumulative profit: 10.733847465636869%
2021-07-27 08:05:10,604 ENTRY: E:309.04 at t:2021-07-27T11:05:10.540381184
2021-07-27 08:05:16,638 STOPLOSS: Δabs: -4.000000000002046; Δ%: -1.2943308309610555%; cumulative profit: 9.439516634675813%
2021-07-27 08:05:17,674 ENTRY: E:309.0 at t:2021-07-27T11:05:17.646944512
2021-07-27 08:05:23,714 STOPLOSS: Δabs: -5.000000000001137; Δ%: -1.6181229773466463%; cumulative profit: 7.821393657329168%
2021-07-27 08:05:24,739 ENTRY: E:308.95 at t:2021-07-27T11:05:24.722958848
2021-07-27 08:05:30,766 STOPLOSS: Δabs: -8.999999999997499; Δ%: -2.9130927334512053%; cumulative profit: 4.908300923877962%
2021-07-27 08:05:31,798 ENTRY: E:308.86 at t:2021-07-27T11:05:31.771383296
2021-07-27 08:05:37,818 PROFIT: Δabs: 15.999999999996817; Δ%: 5.180340607393905%; cumulative profit: 10.088641531271868%
2021-07-27 08:05:41,926 ENTRY: E:308.87 at t:2021-07-27T11:05:41.902616576
2021-07-27 08:05:48,988 STOPLOSS: Δabs: -6.999999999999318; Δ%: -2.266325638617968%; cumulative profit: 7.822315892653901%
2021-07-27 08:05:50,009 ENTRY: E:308.8 at t:2021-07-27T11:05:49.993211136
2021-07-27 08:06:06,378 STOPLOSS: Δabs: -6.999999999999318; Δ%: -2.266839378238121%; cumulative profit: 5.55547651441578%
2021-07-27 08:06:09,490 ENTRY: E:308.71 at t:2021-07-27T11:06:09.458330880
2021-07-27 08:07:25,481 PROFIT: Δabs: 17.00000000000159; Δ%: 5.506786304299049%; cumulative profit: 11.062262818714828%
2021-07-27 08:07:45,085 ENTRY: E:309.03 at t:2021-07-27T11:07:45.043438336
2021-07-27 08:08:01,461 STOPLOSS: Δabs: -1.999999999998181; Δ%: -0.6471863573109994%; cumulative profit: 10.415076461403828%
2021-07-27 08:08:02,490 ENTRY: E:308.99 at t:2021-07-27T11:08:02.466831616
2021-07-27 08:08:11,620 STOPLOSS: Δabs: -7.999999999998408; Δ%: -2.5890805527681833%; cumulative profit: 7.825995908635645%
2021-07-27 08:08:12,646 ENTRY: E:308.91 at t:2021-07-27T11:08:12.626393856
2021-07-27 08:08:18,684 STOPLOSS: Δabs: -6.000000000000227; Δ%: -1.9423132951345785%; cumulative profit: 5.883682613501066%
2021-07-27 08:08:19,718 ENTRY: E:308.83 at t:2021-07-27T11:08:19.692686592
2021-07-27 08:08:26,761 STOPLOSS: Δabs: -2.9999999999972715; Δ%: -0.9714082181126418%; cumulative profit: 4.912274395388424%
2021-07-27 08:08:27,783 ENTRY: E:308.79 at t:2021-07-27T11:08:27.768464384
2021-07-27 08:08:39,982 STOPLOSS: Δabs: -3.000000000002956; Δ%: -0.9715340522694892%; cumulative profit: 3.940740343118935%
2021-07-27 08:08:41,008 ENTRY: E:308.76 at t:2021-07-27T11:08:40.986827776
2021-07-27 08:08:53,222 STOPLOSS: Δabs: -1.999999999998181; Δ%: -0.6477522995200742%; cumulative profit: 3.2929880435988608%
2021-07-27 08:09:27,822 ENTRY: E:308.71 at t:2021-07-27T11:09:27.794206208
2021-07-27 08:10:55,570 STOPLOSS: Δabs: -4.9999999999954525; Δ%: -1.6196430306745662%; cumulative profit: 1.6733450129242946%
2021-07-27 08:10:56,603 ENTRY: E:308.67 at t:2021-07-27T11:10:56.586499840
2021-07-27 08:11:04,688 STOPLOSS: Δabs: -2.0000000000038654; Δ%: -0.6479411669432938%; cumulative profit: 1.0254038459810007%
2021-07-27 08:11:05,710 ENTRY: E:308.65 at t:2021-07-27T11:11:05.692236032
2021-07-27 08:12:01,398 PROFIT: Δabs: 16.0000000000025; Δ%: 5.183865219505104%; cumulative profit: 6.2092690654861045%
2021-07-27 08:12:09,639 ENTRY: E:308.78 at t:2021-07-27T11:12:09.618587904
2021-07-27 08:12:21,831 STOPLOSS: Δabs: -1.999999999998181; Δ%: -0.6477103439336036%; cumulative profit: 5.561558721552501%
2021-07-27 08:12:22,858 ENTRY: E:308.75 at t:2021-07-27T11:12:22.840252416
2021-07-27 08:12:51,538 PROFIT: Δabs: 17.00000000000159; Δ%: 5.506072874494443%; cumulative profit: 11.067631596046944%
2021-07-27 08:12:56,654 ENTRY: E:308.87 at t:2021-07-27T11:12:56.642475776
2021-07-27 08:15:10,339 PROFIT: Δabs: 15.999999999996817; Δ%: 5.180172888269116%; cumulative profit: 16.24780448431606%
2021-07-27 08:15:38,047 ENTRY: E:309.17 at t:2021-07-27T11:15:38.031584256
2021-07-27 08:15:48,199 STOPLOSS: Δabs: -2.0000000000038654; Δ%: -0.6468932949522481%; cumulative profit: 15.600911189363812%
2021-07-27 08:15:49,237 ENTRY: E:309.15 at t:2021-07-27T11:15:49.206875648
2021-07-27 08:16:05,498 STOPLOSS: Δabs: -1.999999999998181; Δ%: -0.6469351447511502%; cumulative profit: 14.953976044612661%
2021-07-27 08:16:06,520 ENTRY: E:309.14 at t:2021-07-27T11:16:06.503769600
2021-07-27 08:16:21,807 STOPLOSS: Δabs: -5.000000000001137; Δ%: -1.6173901792071996%; cumulative profit: 13.33658586540546%
2021-07-27 08:16:22,833 ENTRY: E:309.09 at t:2021-07-27T11:16:22.811872768
2021-07-27 08:16:41,229 STOPLOSS: Δabs: -1.999999999998181; Δ%: -0.6470607266486075%; cumulative profit: 12.689525138756853%
2021-07-27 08:16:43,306 ENTRY: E:309.09 at t:2021-07-27T11:16:43.268172800
2021-07-27 08:16:54,465 STOPLOSS: Δabs: -1.999999999998181; Δ%: -0.6470607266486075%; cumulative profit: 12.042464412108245%
2021-07-27 08:16:59,592 ENTRY: E:309.04 at t:2021-07-27T11:16:59.577393920
2021-07-27 08:17:42,906 STOPLOSS: Δabs: -2.0000000000038654; Δ%: -0.6471654154814475%; cumulative profit: 11.395298996626797%
2021-07-27 08:17:43,927 ENTRY: E:309.01 at t:2021-07-27T11:17:43.910203136
2021-07-27 08:18:05,416 PROFIT: Δabs: 18.999999999999773; Δ%: 6.148668327885756%; cumulative profit: 17.543967324512554%
2021-07-27 08:18:21,818 ENTRY: E:309.28 at t:2021-07-27T11:18:21.796439552
2021-07-27 08:18:35,012 STOPLOSS: Δabs: -1.999999999998181; Δ%: -0.6466632177955837%; cumulative profit: 16.89730410671697%
2021-07-27 08:18:36,062 ENTRY: E:309.26 at t:2021-07-27T11:18:36.018838016
2021-07-27 08:18:58,608 STOPLOSS: Δabs: -1.999999999998181; Δ%: -0.6467050378316566%; cumulative profit: 16.250599068885315%
2021-07-27 08:18:59,627 ENTRY: E:309.24 at t:2021-07-27T11:18:59.613158144
2021-07-27 08:19:08,768 STOPLOSS: Δabs: -6.000000000000227; Δ%: -1.940240589833213%; cumulative profit: 14.310358479052102%
2021-07-27 08:19:09,800 ENTRY: E:309.16 at t:2021-07-27T11:19:09.773190912
2021-07-27 08:19:15,832 STOPLOSS: Δabs: -2.0000000000038654; Δ%: -0.6469142191757876%; cumulative profit: 13.663444259876314%
2021-07-27 08:19:16,863 ENTRY: E:309.1 at t:2021-07-27T11:19:16.843487744
2021-07-27 08:19:25,970 STOPLOSS: Δabs: -4.000000000002046; Δ%: -1.2940795858951946%; cumulative profit: 12.36936467398112%
2021-07-27 08:19:26,997 ENTRY: E:309.03 at t:2021-07-27T11:19:26.975219712
2021-07-27 08:19:34,047 STOPLOSS: Δabs: -1.999999999998181; Δ%: -0.6471863573109994%; cumulative profit: 11.72217831667012%
2021-07-27 08:19:35,071 ENTRY: E:309.01 at t:2021-07-27T11:19:35.056910336
2021-07-27 08:19:44,200 STOPLOSS: Δabs: -5.000000000001137; Δ%: -1.6180706126019018%; cumulative profit: 10.10410770406822%
2021-07-27 08:19:45,225 ENTRY: E:308.78 at t:2021-07-27T11:19:45.205654784
2021-07-27 08:19:55,408 STOPLOSS: Δabs: -2.9999999999972715; Δ%: -0.9715655159004055%; cumulative profit: 9.132542188167815%
2021-07-27 08:19:56,438 ENTRY: E:308.73 at t:2021-07-27T11:19:56.414652160
2021-07-27 08:20:04,519 STOPLOSS: Δabs: -4.000000000002046; Δ%: -1.2956304861860026%; cumulative profit: 7.836911701981812%
2021-07-27 08:20:05,539 ENTRY: E:308.7 at t:2021-07-27T11:20:05.523595264
2021-07-27 08:20:29,149 STOPLOSS: Δabs: -3.999999999996362; Δ%: -1.2957563977960358%; cumulative profit: 6.541155304185776%
2021-07-27 08:20:59,243 ENTRY: E:308.74 at t:2021-07-27T11:20:59.225501952
2021-07-27 08:21:17,928 STOPLOSS: Δabs: -6.999999999999318; Δ%: -2.2672799118997595%; cumulative profit: 4.273875392286016%
2021-07-27 08:21:18,994 ENTRY: E:308.64 at t:2021-07-27T11:21:18.960198400
2021-07-27 08:21:27,119 STOPLOSS: Δabs: -6.000000000000227; Δ%: -1.9440124416797007%; cumulative profit: 2.3298629506063158%
2021-07-27 08:21:28,164 ENTRY: E:308.57 at t:2021-07-27T11:21:28.146537472
2021-07-27 08:22:33,754 PROFIT: Δabs: 16.0000000000025; Δ%: 5.185209190784102%; cumulative profit: 7.515072141390418%
2021-07-27 08:22:47,448 ENTRY: E:308.73 at t:2021-07-27T11:22:47.399919616
2021-07-27 08:22:54,502 STOPLOSS: Δabs: -2.0000000000038654; Δ%: -0.6478152430939219%; cumulative profit: 6.867256898296496%
2021-07-27 08:22:55,527 ENTRY: E:308.71 at t:2021-07-27T11:22:55.508748544
2021-07-27 08:23:05,664 STOPLOSS: Δabs: -1.999999999998181; Δ%: -0.6478572122698265%; cumulative profit: 6.219399686026669%
2021-07-27 08:23:06,701 ENTRY: E:308.67 at t:2021-07-27T11:23:06.670155776
2021-07-27 08:23:12,717 STOPLOSS: Δabs: -2.0000000000038654; Δ%: -0.6479411669432938%; cumulative profit: 5.571458519083375%
2021-07-27 08:23:13,740 ENTRY: E:308.65 at t:2021-07-27T11:23:13.724799744
2021-07-27 08:23:22,887 STOPLOSS: Δabs: -2.9999999999972715; Δ%: -0.9719747286561711%; cumulative profit: 4.599483790427204%
2021-07-27 08:23:23,913 ENTRY: E:308.63 at t:2021-07-27T11:23:23.895972096
2021-07-27 08:23:30,963 STOPLOSS: Δabs: -1.999999999998181; Δ%: -0.6480251433749736%; cumulative profit: 3.95145864705223%
2021-07-27 08:23:31,988 ENTRY: E:308.61 at t:2021-07-27T11:23:31.968039168
2021-07-27 08:24:13,070 PROFIT: Δabs: 18.999999999999773; Δ%: 6.156637827678873%; cumulative profit: 10.108096474731102%
2021-07-27 08:24:24,424 ENTRY: E:308.83 at t:2021-07-27T11:24:24.400212480
2021-07-27 08:25:18,950 STOPLOSS: Δabs: -8.999999999997499; Δ%: -2.9142246543397663%; cumulative profit: 7.193871820391336%
2021-07-27 08:25:19,986 ENTRY: E:308.74 at t:2021-07-27T11:25:19.958269952
2021-07-27 08:25:28,084 STOPLOSS: Δabs: -1.999999999998181; Δ%: -0.6477942605422624%; cumulative profit: 6.546077559849073%
2021-07-27 08:25:29,123 ENTRY: E:308.75 at t:2021-07-27T11:25:29.092901376
2021-07-27 08:25:37,204 STOPLOSS: Δabs: -2.9999999999972715; Δ%: -0.9716599190274563%; cumulative profit: 5.574417640821617%
2021-07-27 08:25:38,235 ENTRY: E:308.76 at t:2021-07-27T11:25:38.209197824
2021-07-27 08:25:50,555 STOPLOSS: Δabs: -5.000000000001137; Δ%: -1.6193807488020266%; cumulative profit: 3.95503689201959%
2021-07-27 08:25:53,730 ENTRY: E:308.68 at t:2021-07-27T11:25:53.668877568
2021-07-27 08:26:32,636 STOPLOSS: Δabs: -1.999999999998181; Δ%: -0.6479201762336986%; cumulative profit: 3.3071167157858916%
2021-07-27 08:26:34,685 ENTRY: E:308.66 at t:2021-07-27T11:26:34.666420736
2021-07-27 08:26:42,767 STOPLOSS: Δabs: -2.0000000000038654; Δ%: -0.6479621590111662%; cumulative profit: 2.6591545567747255%
2021-07-27 08:26:43,791 ENTRY: E:308.64 at t:2021-07-27T11:26:43.775226624
2021-07-27 08:26:53,915 STOPLOSS: Δabs: -1.999999999998181; Δ%: -0.648004147225953%; cumulative profit: 2.0111504095487724%
2021-07-27 08:26:54,935 ENTRY: E:308.62 at t:2021-07-27T11:26:54.923002624
2021-07-27 08:27:01,995 STOPLOSS: Δabs: -1.999999999998181; Δ%: -0.6480461408846416%; cumulative profit: 1.3631042686641308%
2021-07-27 08:27:03,040 ENTRY: E:308.61 at t:2021-07-27T11:27:03.005544192
2021-07-27 08:27:18,445 PROFIT: Δabs: 15.999999999996817; Δ%: 5.184537118044398%; cumulative profit: 6.547641386708529%
2021-07-27 08:27:28,753 ENTRY: E:308.67 at t:2021-07-27T11:27:28.738863872
2021-07-27 08:27:38,925 STOPLOSS: Δabs: -2.0000000000038654; Δ%: -0.6479411669432938%; cumulative profit: 5.899700219765235%
2021-07-27 08:27:39,985 ENTRY: E:308.65 at t:2021-07-27T11:27:39.960843264
2021-07-27 08:27:47,047 STOPLOSS: Δabs: -2.9999999999972715; Δ%: -0.9719747286561711%; cumulative profit: 4.927725491109063%
2021-07-27 08:27:48,081 ENTRY: E:308.62 at t:2021-07-27T11:27:48.052665088
2021-07-27 08:28:02,556 STOPLOSS: Δabs: -1.999999999998181; Δ%: -0.6480461408846416%; cumulative profit: 4.279679350224422%
2021-07-27 08:28:03,594 ENTRY: E:308.63 at t:2021-07-27T11:28:03.569603328
2021-07-27 08:28:29,171 STOPLOSS: Δabs: -1.999999999998181; Δ%: -0.6480251433749736%; cumulative profit: 3.631654206849448%
2021-07-27 08:28:32,270 ENTRY: E:308.61 at t:2021-07-27T11:28:32.246043904
2021-07-27 08:29:28,061 PROFIT: Δabs: 15.999999999996817; Δ%: 5.184537118044398%; cumulative profit: 8.816191324893847%
2021-07-27 08:29:39,608 ENTRY: E:308.65 at t:2021-07-27T11:29:39.546770176
2021-07-27 08:29:54,014 STOPLOSS: Δabs: -1.999999999998181; Δ%: -0.6479831524374474%; cumulative profit: 8.1682081724564%
2021-07-27 08:29:55,036 ENTRY: E:308.63 at t:2021-07-27T11:29:55.020207872
2021-07-27 08:30:02,088 STOPLOSS: Δabs: -1.999999999998181; Δ%: -0.6480251433749736%; cumulative profit: 7.5201830290814256%
2021-07-27 08:30:03,112 ENTRY: E:308.61 at t:2021-07-27T11:30:03.095859456
2021-07-27 08:30:15,393 PROFIT: Δabs: 24.00000000000091; Δ%: 7.776805677068439%; cumulative profit: 15.296988706149865%
2021-07-27 08:30:35,034 ENTRY: E:308.92 at t:2021-07-27T11:30:34.999435008
2021-07-27 08:30:47,256 PROFIT: Δabs: 21.999999999997044; Δ%: 7.121584876342432%; cumulative profit: 22.418573582492296%
2021-07-27 08:30:53,432 ENTRY: E:309.01 at t:2021-07-27T11:30:53.410318592
2021-07-27 08:31:22,105 PROFIT: Δabs: 23.00000000000182; Δ%: 7.443124817967645%; cumulative profit: 29.861698400459943%
2021-07-27 08:31:29,298 ENTRY: E:309.15 at t:2021-07-27T11:31:29.275286272
2021-07-27 08:31:55,922 STOPLOSS: Δabs: -9.99999999999659; Δ%: -3.23467572375759%; cumulative profit: 26.627022676702353%
2021-07-27 08:31:56,959 ENTRY: E:309.05 at t:2021-07-27T11:31:56.926863104
2021-07-27 08:32:06,065 STOPLOSS: Δabs: -2.0000000000038654; Δ%: -0.6471444750052953%; cumulative profit: 25.97987820169706%
2021-07-27 08:32:07,098 ENTRY: E:309.03 at t:2021-07-27T11:32:07.070261504
2021-07-27 08:32:14,142 STOPLOSS: Δabs: -9.99999999999659; Δ%: -3.2359317865568364%; cumulative profit: 22.743946415140222%
2021-07-27 08:32:15,162 ENTRY: E:308.94 at t:2021-07-27T11:32:15.146901504
2021-07-27 08:33:06,696 PROFIT: Δabs: 18.999999999999773; Δ%: 6.150061500614933%; cumulative profit: 28.894007915755154%
2021-07-27 08:33:20,370 ENTRY: E:309.1 at t:2021-07-27T11:33:20.335318016
2021-07-27 08:33:35,752 STOPLOSS: Δabs: -2.0000000000038654; Δ%: -0.6470397929485168%; cumulative profit: 28.24696812280664%
2021-07-27 08:33:36,789 ENTRY: E:309.09 at t:2021-07-27T11:33:36.758116096
2021-07-27 08:33:49,019 STOPLOSS: Δabs: -1.999999999998181; Δ%: -0.6470607266486075%; cumulative profit: 27.59990739615803%
2021-07-27 08:33:50,048 ENTRY: E:309.07 at t:2021-07-27T11:33:50.024476672
2021-07-27 08:33:57,113 STOPLOSS: Δabs: -1.999999999998181; Δ%: -0.647102598116343%; cumulative profit: 26.952804798041686%
2021-07-27 08:33:58,136 ENTRY: E:309.05 at t:2021-07-27T11:33:58.119176448
2021-07-27 08:34:04,170 STOPLOSS: Δabs: -4.000000000002046; Δ%: -1.2942889500087515%; cumulative profit: 25.658515848032934%
2021-07-27 08:34:05,201 ENTRY: E:309.0 at t:2021-07-27T11:34:05.176215552
2021-07-27 08:34:12,269 STOPLOSS: Δabs: -6.000000000000227; Δ%: -1.9417475728156077%; cumulative profit: 23.716768275217326%
2021-07-27 08:34:13,300 ENTRY: E:308.94 at t:2021-07-27T11:34:13.275229696
2021-07-27 08:34:21,379 STOPLOSS: Δabs: -2.9999999999972715; Δ%: -0.9710623422014862%; cumulative profit: 22.74570593301584%
2021-07-27 08:34:22,413 ENTRY: E:308.89 at t:2021-07-27T11:34:22.384754688
2021-07-27 08:34:28,434 STOPLOSS: Δabs: -1.999999999998181; Δ%: -0.647479685324284%; cumulative profit: 22.098226247691557%
2021-07-27 08:34:29,516 ENTRY: E:308.87 at t:2021-07-27T11:34:29.469554688
2021-07-27 08:34:41,689 STOPLOSS: Δabs: -3.000000000002956; Δ%: -0.9712824165516094%; cumulative profit: 21.126943831139947%
2021-07-27 08:35:10,449 ENTRY: E:308.8 at t:2021-07-27T11:35:10.406845184
2021-07-27 08:35:18,525 STOPLOSS: Δabs: -3.000000000002956; Δ%: -0.9715025906745324%; cumulative profit: 20.155441240465414%
2021-07-27 08:35:19,546 ENTRY: E:308.77 at t:2021-07-27T11:35:19.530191360
2021-07-27 08:37:16,535 PROFIT: Δabs: 18.000000000000682; Δ%: 5.829581889432485%; cumulative profit: 25.9850231298979%
2021-07-27 08:37:25,752 ENTRY: E:308.92 at t:2021-07-27T11:37:25.736816128
2021-07-27 08:37:43,128 STOPLOSS: Δabs: -2.0000000000038654; Δ%: -0.6474168069415595%; cumulative profit: 25.33760632295634%
2021-07-27 08:37:44,162 ENTRY: E:308.9 at t:2021-07-27T11:37:44.135066624
2021-07-27 08:38:46,629 STOPLOSS: Δabs: -1.999999999998181; Δ%: -0.6474587245057238%; cumulative profit: 24.690147598450615%
2021-07-27 08:38:47,654 ENTRY: E:308.86 at t:2021-07-27T11:38:47.635646464
2021-07-27 08:38:54,709 STOPLOSS: Δabs: -4.000000000002046; Δ%: -1.2950851518493967%; cumulative profit: 23.39506244660122%
2021-07-27 08:38:55,752 ENTRY: E:308.75 at t:2021-07-27T11:38:55.725788160
2021-07-27 08:39:03,857 STOPLOSS: Δabs: -2.9999999999972715; Δ%: -0.9716599190274563%; cumulative profit: 22.423402527573764%
2021-07-27 08:39:04,880 ENTRY: E:308.75 at t:2021-07-27T11:39:04.864909568
2021-07-27 08:39:17,105 PROFIT: Δabs: 19.999999999998863; Δ%: 6.4777327935218985%; cumulative profit: 28.901135321095662%
2021-07-27 08:39:36,602 ENTRY: E:308.92 at t:2021-07-27T11:39:36.583367936
2021-07-27 08:40:42,299 PROFIT: Δabs: 18.000000000000682; Δ%: 5.826751262462994%; cumulative profit: 34.72788658355866%
2021-07-27 08:40:52,821 ENTRY: E:309.03 at t:2021-07-27T11:40:52.805739520
2021-07-27 08:40:59,922 STOPLOSS: Δabs: -8.999999999997499; Δ%: -2.9123386079013365%; cumulative profit: 31.81554797565732%
2021-07-27 08:41:00,974 ENTRY: E:308.94 at t:2021-07-27T11:41:00.949847040
2021-07-27 08:41:24,493 STOPLOSS: Δabs: -1.999999999998181; Δ%: -0.6473748948009909%; cumulative profit: 31.16817308085633%
2021-07-27 08:41:25,526 ENTRY: E:308.93 at t:2021-07-27T11:41:25.505264896
2021-07-27 08:41:44,015 PROFIT: Δabs: 18.000000000000682; Δ%: 5.826562651733623%; cumulative profit: 36.99473573258995%
2021-07-27 08:42:00,451 ENTRY: E:309.06 at t:2021-07-27T11:42:00.426681344
2021-07-27 08:42:07,507 STOPLOSS: Δabs: -3.000000000002956; Δ%: -0.9706853038254564%; cumulative profit: 36.0240504287645%
2021-07-27 08:42:08,535 ENTRY: E:309.02 at t:2021-07-27T11:42:08.517661440
2021-07-27 08:42:16,607 STOPLOSS: Δabs: -1.999999999998181; Δ%: -0.647207300497761%; cumulative profit: 35.376843128266735%
2021-07-27 08:42:17,646 ENTRY: E:309.0 at t:2021-07-27T11:42:17.616560640
2021-07-27 08:42:25,748 STOPLOSS: Δabs: -6.000000000000227; Δ%: -1.9417475728156077%; cumulative profit: 33.43509555545113%
2021-07-27 08:42:26,782 ENTRY: E:308.94 at t:2021-07-27T11:42:26.755380480
2021-07-27 08:44:13,754 PROFIT: Δabs: 17.00000000000159; Δ%: 5.502686605813942%; cumulative profit: 38.93778216126507%
2021-07-27 08:44:33,760 ENTRY: E:309.12 at t:2021-07-27T11:44:33.742406400
2021-07-27 08:44:48,073 PROFIT: Δabs: 18.000000000000682; Δ%: 5.822981366459848%; cumulative profit: 44.76076352772492%
2021-07-27 08:44:59,491 ENTRY: E:309.3 at t:2021-07-27T11:44:59.426891008
2021-07-27 08:46:25,963 PROFIT: Δabs: 17.00000000000159; Δ%: 5.496281926932296%; cumulative profit: 50.25704545465722%
2021-07-27 08:46:38,411 ENTRY: E:309.37 at t:2021-07-27T11:46:38.386730752
2021-07-27 08:46:54,755 STOPLOSS: Δabs: -5.000000000001137; Δ%: -1.6161877363678239%; cumulative profit: 48.64085771828939%
2021-07-27 08:46:55,796 ENTRY: E:309.37 at t:2021-07-27T11:46:55.764557568
2021-07-27 08:47:05,979 STOPLOSS: Δabs: -4.000000000002046; Δ%: -1.2929501890946264%; cumulative profit: 47.347907529194764%
2021-07-27 08:47:07,008 ENTRY: E:309.36 at t:2021-07-27T11:47:06.989840384
2021-07-27 08:47:15,135 STOPLOSS: Δabs: -3.000000000002956; Δ%: -0.9697439875882323%; cumulative profit: 46.37816354160653%
2021-07-27 08:47:16,177 ENTRY: E:309.35 at t:2021-07-27T11:47:16.145234176
2021-07-27 08:47:27,444 STOPLOSS: Δabs: -4.000000000002046; Δ%: -1.2930337805081773%; cumulative profit: 45.08512976109836%
2021-07-27 08:47:29,508 ENTRY: E:309.32 at t:2021-07-27T11:47:29.491567360
2021-07-27 08:47:43,775 STOPLOSS: Δabs: -1.999999999998181; Δ%: -0.646579593947427%; cumulative profit: 44.43855016715093%
2021-07-27 08:47:51,012 ENTRY: E:309.25 at t:2021-07-27T11:47:50.992676096
2021-07-27 08:47:57,034 STOPLOSS: Δabs: -7.999999999998408; Δ%: -2.5869037995144404%; cumulative profit: 41.85164636763649%
2021-07-27 08:47:58,060 ENTRY: E:309.15 at t:2021-07-27T11:47:58.041789184
2021-07-27 08:48:04,080 STOPLOSS: Δabs: -3.999999999996362; Δ%: -1.2938702895023004%; cumulative profit: 40.55777607813419%
2021-07-27 08:48:05,113 ENTRY: E:309.11 at t:2021-07-27T11:48:05.091421440
2021-07-27 08:48:12,171 STOPLOSS: Δabs: -9.000000000003183; Δ%: -2.9115848727000686%; cumulative profit: 37.64619120543412%
2021-07-27 08:48:13,196 ENTRY: E:309.02 at t:2021-07-27T11:48:13.181201152
2021-07-27 08:48:19,217 STOPLOSS: Δabs: -1.999999999998181; Δ%: -0.647207300497761%; cumulative profit: 36.99898390493636%
2021-07-27 08:48:20,245 ENTRY: E:308.95 at t:2021-07-27T11:48:20.230125056
2021-07-27 08:48:26,285 STOPLOSS: Δabs: -2.9999999999972715; Δ%: -0.9710309111497886%; cumulative profit: 36.02795299378657%
2021-07-27 08:48:27,310 ENTRY: E:308.87 at t:2021-07-27T11:48:27.293329152
2021-07-27 08:48:35,403 STOPLOSS: Δabs: -1.999999999998181; Δ%: -0.6475216110331794%; cumulative profit: 35.38043138275339%
2021-07-27 08:48:36,469 ENTRY: E:308.91 at t:2021-07-27T11:48:36.443648256
2021-07-27 08:49:06,390 STOPLOSS: Δabs: -2.0000000000038654; Δ%: -0.6474377650460863%; cumulative profit: 34.73299361770731%
2021-07-27 08:49:14,619 ENTRY: E:308.81 at t:2021-07-27T11:49:14.603385344
2021-07-27 08:49:41,214 STOPLOSS: Δabs: -6.000000000000227; Δ%: -1.942942262232514%; cumulative profit: 32.790051355474795%
2021-07-27 08:49:44,300 ENTRY: E:308.7 at t:2021-07-27T11:49:44.283066112
2021-07-27 08:49:51,370 STOPLOSS: Δabs: -1.999999999998181; Δ%: -0.6478781988980179%; cumulative profit: 32.142173156576774%
2021-07-27 08:49:52,397 ENTRY: E:308.67 at t:2021-07-27T11:49:52.378982912
2021-07-27 08:50:28,248 PROFIT: Δabs: 19.999999999998863; Δ%: 6.479411669420047%; cumulative profit: 38.62158482599682%
2021-07-27 08:50:38,560 ENTRY: E:308.75 at t:2021-07-27T11:50:38.526772992
2021-07-27 08:51:11,400 PROFIT: Δabs: 16.0000000000025; Δ%: 5.182186234818623%; cumulative profit: 43.80377106081544%
2021-07-27 08:51:29,887 ENTRY: E:308.91 at t:2021-07-27T11:51:29.868983296
2021-07-27 08:51:39,008 STOPLOSS: Δabs: -2.0000000000038654; Δ%: -0.6474377650460863%; cumulative profit: 43.15633329576936%
2021-07-27 08:51:40,035 ENTRY: E:308.89 at t:2021-07-27T11:51:40.017210624
2021-07-27 08:52:23,450 PROFIT: Δabs: 16.0000000000025; Δ%: 5.179837482599793%; cumulative profit: 48.33617077836915%
2021-07-27 08:52:31,953 ENTRY: E:308.99 at t:2021-07-27T11:52:31.931955712
2021-07-27 08:52:39,018 STOPLOSS: Δabs: -3.000000000002956; Δ%: -0.9709052072892183%; cumulative profit: 47.36526557107993%
2021-07-27 08:52:40,058 ENTRY: E:308.95 at t:2021-07-27T11:52:40.026301184
2021-07-27 08:53:23,919 PROFIT: Δabs: 16.0000000000025; Δ%: 5.178831526137725%; cumulative profit: 52.54409709721766%
2021-07-27 08:53:28,071 ENTRY: E:309.0 at t:2021-07-27T11:53:28.051721728
2021-07-27 08:53:39,399 STOPLOSS: Δabs: -1.999999999998181; Δ%: -0.6472491909379227%; cumulative profit: 51.89684790627974%
2021-07-27 08:53:40,448 ENTRY: E:308.98 at t:2021-07-27T11:53:40.423339264
2021-07-27 08:54:38,570 STOPLOSS: Δabs: -4.000000000002046; Δ%: -1.2945821736041316%; cumulative profit: 50.602265732675605%
2021-07-27 08:54:39,620 ENTRY: E:308.93 at t:2021-07-27T11:54:39.591428352
2021-07-27 08:54:45,642 STOPLOSS: Δabs: -1.999999999998181; Δ%: -0.6473958501920115%; cumulative profit: 49.95486988248359%
2021-07-27 08:54:46,707 ENTRY: E:308.89 at t:2021-07-27T11:54:46.668049920
2021-07-27 08:54:53,799 STOPLOSS: Δabs: -5.000000000001137; Δ%: -1.6186992133125504%; cumulative profit: 48.33617066917104%
2021-07-27 08:54:54,839 ENTRY: E:308.83 at t:2021-07-27T11:54:54.822741504
2021-07-27 08:55:10,161 STOPLOSS: Δabs: -1.999999999998181; Δ%: -0.6476054787417612%; cumulative profit: 47.68856519042928%
2021-07-27 08:55:11,211 ENTRY: E:308.81 at t:2021-07-27T11:55:11.172654848
2021-07-27 08:55:17,232 STOPLOSS: Δabs: -3.000000000002956; Δ%: -0.9714711311171775%; cumulative profit: 46.7170940593121%
2021-07-27 08:55:18,253 ENTRY: E:308.75 at t:2021-07-27T11:55:18.238207744
2021-07-27 08:55:41,794 PROFIT: Δabs: 16.0000000000025; Δ%: 5.182186234818623%; cumulative profit: 51.899280294130726%
2021-07-27 08:55:47,929 ENTRY: E:308.79 at t:2021-07-27T11:55:47.912851712
2021-07-27 08:55:54,976 STOPLOSS: Δabs: -2.0000000000038654; Δ%: -0.647689368180273%; cumulative profit: 51.25159092595045%
2021-07-27 08:55:56,019 ENTRY: E:308.81 at t:2021-07-27T11:55:55.986345472
2021-07-27 08:56:05,181 STOPLOSS: Δabs: -1.999999999998181; Δ%: -0.6476474207435579%; cumulative profit: 50.60394350520689%
2021-07-27 08:56:40,029 ENTRY: E:309.02 at t:2021-07-27T11:56:39.996007168
2021-07-27 08:56:49,159 STOPLOSS: Δabs: -4.9999999999954525; Δ%: -1.6180182512444026%; cumulative profit: 48.98592525396249%
2021-07-27 08:56:50,191 ENTRY: E:308.99 at t:2021-07-27T11:56:50.168830976
2021-07-27 08:57:18,812 STOPLOSS: Δabs: -1.999999999998181; Δ%: -0.6472701381915857%; cumulative profit: 48.338655115770905%
2021-07-27 08:57:19,838 ENTRY: E:308.98 at t:2021-07-27T11:57:19.819724032
2021-07-27 08:57:31,056 STOPLOSS: Δabs: -3.000000000002956; Δ%: -0.9709366302035588%; cumulative profit: 47.367718485567345%
2021-07-27 08:57:32,083 ENTRY: E:308.97 at t:2021-07-27T11:57:32.066134272
2021-07-27 08:57:49,495 STOPLOSS: Δabs: -2.0000000000038654; Δ%: -0.6473120367685747%; cumulative profit: 46.72040644879877%
2021-07-27 08:57:52,593 ENTRY: E:308.93 at t:2021-07-27T11:57:52.570035712
2021-07-27 08:58:12,055 STOPLOSS: Δabs: -3.000000000002956; Δ%: -0.9710937752898571%; cumulative profit: 45.74931267350891%
2021-07-27 08:58:13,081 ENTRY: E:308.88 at t:2021-07-27T11:58:13.064851200
2021-07-27 08:58:25,294 STOPLOSS: Δabs: -1.999999999998181; Δ%: -0.6475006475000586%; cumulative profit: 45.10181202600885%
2021-07-27 08:58:26,342 ENTRY: E:308.86 at t:2021-07-27T11:58:26.306785792
2021-07-27 08:58:35,512 STOPLOSS: Δabs: -2.0000000000038654; Δ%: -0.6475425759256185%; cumulative profit: 44.45426945008323%
2021-07-27 08:58:36,574 ENTRY: E:308.83 at t:2021-07-27T11:58:36.534229760
2021-07-27 08:58:46,752 PROFIT: Δabs: 17.00000000000159; Δ%: 5.504646569310492%; cumulative profit: 49.958916019393726%
2021-07-27 08:59:04,559 ENTRY: E:309.0 at t:2021-07-27T11:59:04.508507392
2021-07-27 08:59:15,747 STOPLOSS: Δabs: -6.000000000000227; Δ%: -1.9417475728156077%; cumulative profit: 48.01716844657812%
2021-07-27 08:59:16,771 ENTRY: E:308.94 at t:2021-07-27T11:59:16.756341504
2021-07-27 08:59:24,888 STOPLOSS: Δabs: -4.000000000002046; Δ%: -1.2947497896038216%; cumulative profit: 46.7224186569743%
2021-07-27 08:59:25,911 ENTRY: E:308.97 at t:2021-07-27T11:59:25.897762560
2021-07-27 08:59:33,996 STOPLOSS: Δabs: -4.000000000002046; Δ%: -1.2946240735353096%; cumulative profit: 45.42779458343899%
2021-07-27 08:59:35,029 ENTRY: E:308.92 at t:2021-07-27T11:59:35.005574400
2021-07-27 08:59:43,141 STOPLOSS: Δabs: -4.000000000002046; Δ%: -1.2948336138812788%; cumulative profit: 44.13296096955771%
2021-07-27 08:59:44,168 ENTRY: E:308.88 at t:2021-07-27T11:59:44.149828864
2021-07-27 08:59:55,410 STOPLOSS: Δabs: -2.9999999999972715; Δ%: -0.9712509712500879%; cumulative profit: 43.16170999830762%
2021-07-27 08:59:56,442 ENTRY: E:308.85 at t:2021-07-27T11:59:56.416463104
2021-07-27 09:00:10,924 STOPLOSS: Δabs: -2.0000000000038654; Δ%: -0.6475635421738273%; cumulative profit: 42.514146456133794%
2021-07-27 09:01:00,962 ENTRY: E:308.92 at t:2021-07-27T12:01:00.935383808
2021-07-27 09:01:06,987 STOPLOSS: Δabs: -6.000000000000227; Δ%: -1.942250420820998%; cumulative profit: 40.5718960353128%
2021-07-27 09:01:08,014 ENTRY: E:308.85 at t:2021-07-27T12:01:07.996724480
2021-07-27 09:01:18,153 STOPLOSS: Δabs: -5.000000000001137; Δ%: -1.6189088554318072%; cumulative profit: 38.95298717988099%
2021-07-27 09:01:19,182 ENTRY: E:308.8 at t:2021-07-27T12:01:19.161771008
2021-07-27 09:01:26,278 STOPLOSS: Δabs: -2.0000000000038654; Δ%: -0.647668393783635%; cumulative profit: 38.30531878609736%
2021-07-27 09:01:27,308 ENTRY: E:308.78 at t:2021-07-27T12:01:27.283391488
2021-07-27 09:02:22,006 PROFIT: Δabs: 22.00000000000273; Δ%: 7.124813783277002%; cumulative profit: 45.430132569374365%
2021-07-27 09:02:47,859 ENTRY: E:309.02 at t:2021-07-27T12:02:47.844759296
2021-07-27 09:02:58,022 STOPLOSS: Δabs: -2.9999999999972715; Δ%: -0.9708109507466416%; cumulative profit: 44.459321618627726%
2021-07-27 09:02:59,073 ENTRY: E:308.99 at t:2021-07-27T12:02:59.053429760
2021-07-27 09:03:37,632 STOPLOSS: Δabs: -6.000000000000227; Δ%: -1.941810414576597%; cumulative profit: 42.51751120405113%
2021-07-27 09:03:38,685 ENTRY: E:308.88 at t:2021-07-27T12:03:38.668198912
2021-07-27 09:03:58,178 STOPLOSS: Δabs: -1.999999999998181; Δ%: -0.6475006475000586%; cumulative profit: 41.87001055655107%
2021-07-27 09:04:57,003 ENTRY: E:309.0 at t:2021-07-27T12:04:56.971296512
2021-07-27 09:05:03,040 STOPLOSS: Δabs: -4.000000000002046; Δ%: -1.294498381877685%; cumulative profit: 40.575512174673385%
2021-07-27 09:05:04,070 ENTRY: E:308.97 at t:2021-07-27T12:05:04.051642880
2021-07-27 09:05:11,112 STOPLOSS: Δabs: -2.0000000000038654; Δ%: -0.6473120367685747%; cumulative profit: 39.92820013790481%
2021-07-27 09:05:12,131 ENTRY: E:308.95 at t:2021-07-27T12:05:12.119668480
2021-07-27 09:05:27,432 STOPLOSS: Δabs: -1.999999999998181; Δ%: -0.6473539407665257%; cumulative profit: 39.28084619713828%
2021-07-27 09:05:28,464 ENTRY: E:308.94 at t:2021-07-27T12:05:28.441004288
2021-07-27 09:05:37,600 STOPLOSS: Δabs: -1.999999999998181; Δ%: -0.6473748948009909%; cumulative profit: 38.63347130233729%
2021-07-27 09:05:38,639 ENTRY: E:308.92 at t:2021-07-27T12:05:38.607969792
2021-07-27 09:07:24,684 PROFIT: Δabs: 20.999999999997954; Δ%: 6.797876472872573%; cumulative profit: 45.431347775209865%
2021-07-27 09:07:36,071 ENTRY: E:309.18 at t:2021-07-27T12:07:36.049947904
2021-07-27 09:07:43,124 STOPLOSS: Δabs: -4.000000000002046; Δ%: -1.2937447441626386%; cumulative profit: 44.13760303104723%
2021-07-27 09:07:44,146 ENTRY: E:309.14 at t:2021-07-27T12:07:44.131749120
2021-07-27 09:07:51,211 STOPLOSS: Δabs: -6.999999999999318; Δ%: -2.264346250889344%; cumulative profit: 41.87325678015788%
2021-07-27 09:07:52,248 ENTRY: E:309.01 at t:2021-07-27T12:07:52.221592320
2021-07-27 09:08:20,414 PROFIT: Δabs: 21.000000000003638; Δ%: 6.795896572927619%; cumulative profit: 48.6691533530855%
2021-07-27 09:08:39,428 ENTRY: E:309.11 at t:2021-07-27T12:08:39.408547328
2021-07-27 09:09:31,292 PROFIT: Δabs: 18.000000000000682; Δ%: 5.823169745398298%; cumulative profit: 54.492323098483794%
2021-07-27 09:09:55,825 ENTRY: E:309.34 at t:2021-07-27T12:09:55.791454464
2021-07-27 09:10:08,081 STOPLOSS: Δabs: -1.999999999998181; Δ%: -0.6465377901332453%; cumulative profit: 53.84578530835055%
2021-07-27 09:10:09,112 ENTRY: E:309.31 at t:2021-07-27T12:10:09.092309248
2021-07-27 09:10:29,566 STOPLOSS: Δabs: -11.000000000001364; Δ%: -3.556302738353549%; cumulative profit: 50.289482569997%
2021-07-27 09:10:31,632 ENTRY: E:309.13 at t:2021-07-27T12:10:31.612553728
2021-07-27 09:10:37,668 STOPLOSS: Δabs: -1.999999999998181; Δ%: -0.6469769999670628%; cumulative profit: 49.64250557002993%
2021-07-27 09:10:38,704 ENTRY: E:309.09 at t:2021-07-27T12:10:38.677970176
2021-07-27 09:10:44,729 STOPLOSS: Δabs: -3.999999999996362; Δ%: -1.294121453297215%; cumulative profit: 48.34838411673272%
2021-07-27 09:10:45,753 ENTRY: E:309.05 at t:2021-07-27T12:10:45.736303104
2021-07-27 09:12:09,598 STOPLOSS: Δabs: -2.0000000000038654; Δ%: -0.6471444750052953%; cumulative profit: 47.70123964172742%
2021-07-27 09:12:10,662 ENTRY: E:309.03 at t:2021-07-27T12:12:10.627603968
2021-07-27 09:13:05,286 PROFIT: Δabs: 16.0000000000025; Δ%: 5.177490858493512%; cumulative profit: 52.87873050022093%
2021-07-27 09:13:12,685 ENTRY: E:309.15 at t:2021-07-27T12:13:12.636303360
2021-07-27 09:13:22,842 PROFIT: Δabs: 20.000000000004547; Δ%: 6.469351447518858%; cumulative profit: 59.34808194773979%
2021-07-27 09:13:37,312 ENTRY: E:309.26 at t:2021-07-27T12:13:37.296588544
2021-07-27 09:14:03,936 STOPLOSS: Δabs: -5.000000000001137; Δ%: -1.6167625945809794%; cumulative profit: 57.73131935315882%
2021-07-27 09:14:04,987 ENTRY: E:309.2 at t:2021-07-27T12:14:04.944495360
2021-07-27 09:14:12,053 STOPLOSS: Δabs: -1.999999999998181; Δ%: -0.6468305304004466%; cumulative profit: 57.084488822758374%
2021-07-27 09:14:13,094 ENTRY: E:309.18 at t:2021-07-27T12:14:13.063413504
2021-07-27 09:14:22,198 PROFIT: Δabs: 15.999999999996817; Δ%: 5.174978976646878%; cumulative profit: 62.25946779940525%
2021-07-27 09:14:42,796 ENTRY: E:309.36 at t:2021-07-27T12:14:42.765747200
2021-07-27 09:15:00,165 STOPLOSS: Δabs: -4.000000000002046; Δ%: -1.292991983450364%; cumulative profit: 60.96647581595489%
2021-07-27 09:15:01,195 ENTRY: E:309.31 at t:2021-07-27T12:15:01.179179008
2021-07-27 09:15:07,218 STOPLOSS: Δabs: -1.999999999998181; Δ%: -0.6466004978817953%; cumulative profit: 60.319875318073095%
2021-07-27 09:15:08,241 ENTRY: E:309.28 at t:2021-07-27T12:15:08.226022912
2021-07-27 09:15:57,575 STOPLOSS: Δabs: -10.99999999999568; Δ%: -3.5566476978775485%; cumulative profit: 56.76322762019554%
2021-07-27 09:15:58,614 ENTRY: E:309.17 at t:2021-07-27T12:15:58.582705920
2021-07-27 09:16:05,689 STOPLOSS: Δabs: -4.000000000002046; Δ%: -1.2937865899026573%; cumulative profit: 55.469441030292884%
2021-07-27 09:16:06,721 ENTRY: E:309.13 at t:2021-07-27T12:16:06.699928320
2021-07-27 09:16:13,850 STOPLOSS: Δabs: -1.999999999998181; Δ%: -0.6469769999670628%; cumulative profit: 54.82246403032582%
2021-07-27 09:16:14,928 ENTRY: E:309.12 at t:2021-07-27T12:16:14.883913216
2021-07-27 09:16:33,279 PROFIT: Δabs: 17.00000000000159; Δ%: 5.49948240165683%; cumulative profit: 60.321946431982646%
2021-07-27 09:16:46,923 ENTRY: E:309.15 at t:2021-07-27T12:16:46.902150400
2021-07-27 09:16:55,009 STOPLOSS: Δabs: -2.9999999999972715; Δ%: -0.9704027171267254%; cumulative profit: 59.35154371485592%
2021-07-27 09:16:56,043 ENTRY: E:309.12 at t:2021-07-27T12:16:56.016032256
2021-07-27 09:17:11,409 STOPLOSS: Δabs: -1.999999999998181; Δ%: -0.6469979296060369%; cumulative profit: 58.704545785249884%
2021-07-27 09:17:13,491 ENTRY: E:309.11 at t:2021-07-27T12:17:13.456072192
2021-07-27 09:17:36,107 STOPLOSS: Δabs: -6.000000000000227; Δ%: -1.941056581799433%; cumulative profit: 56.763489203450455%
2021-07-27 09:17:37,154 ENTRY: E:309.05 at t:2021-07-27T12:17:37.115045376
2021-07-27 09:18:07,929 STOPLOSS: Δabs: -4.000000000002046; Δ%: -1.2942889500087515%; cumulative profit: 55.469200253441706%
2021-07-27 09:18:10,005 ENTRY: E:309.01 at t:2021-07-27T12:18:09.977916672
2021-07-27 09:18:47,167 STOPLOSS: Δabs: -2.9999999999972715; Δ%: -0.9708423675600373%; cumulative profit: 54.49835788588167%
2021-07-27 09:18:49,243 ENTRY: E:308.98 at t:2021-07-27T12:18:49.215701504
2021-07-27 09:19:05,600 STOPLOSS: Δabs: -2.0000000000038654; Δ%: -0.6472910868029857%; cumulative profit: 53.85106679907868%
2021-07-27 09:19:06,626 ENTRY: E:308.96 at t:2021-07-27T12:19:06.609847552
2021-07-27 09:19:25,082 STOPLOSS: Δabs: -2.9999999999972715; Δ%: -0.9709994821327265%; cumulative profit: 52.880067316945954%
2021-07-27 09:19:26,109 ENTRY: E:308.93 at t:2021-07-27T12:19:26.091099392
2021-07-27 09:19:36,233 STOPLOSS: Δabs: -1.999999999998181; Δ%: -0.6473958501920115%; cumulative profit: 52.23267146675394%
2021-07-27 09:19:37,277 ENTRY: E:308.91 at t:2021-07-27T12:19:37.251094016
2021-07-27 09:19:43,298 STOPLOSS: Δabs: -3.000000000002956; Δ%: -0.9711566475682094%; cumulative profit: 51.261514819185734%
2021-07-27 09:19:44,340 ENTRY: E:308.87 at t:2021-07-27T12:19:44.306018048
2021-07-27 09:20:04,808 STOPLOSS: Δabs: -1.999999999998181; Δ%: -0.6475216110331794%; cumulative profit: 50.61399320815256%
2021-07-27 09:20:36,831 ENTRY: E:309.0 at t:2021-07-27T12:20:36.806536192
2021-07-27 09:21:04,613 STOPLOSS: Δabs: -2.9999999999972715; Δ%: -0.9708737864068839%; cumulative profit: 49.64311942174567%
2021-07-27 09:21:05,663 ENTRY: E:308.98 at t:2021-07-27T12:21:05.624672000
2021-07-27 09:21:22,147 STOPLOSS: Δabs: -2.0000000000038654; Δ%: -0.6472910868029857%; cumulative profit: 48.995828334942686%
2021-07-27 09:21:23,212 ENTRY: E:308.96 at t:2021-07-27T12:21:23.176510720
2021-07-27 09:21:39,584 STOPLOSS: Δabs: -2.9999999999972715; Δ%: -0.9709994821327265%; cumulative profit: 48.02482885280996%
2021-07-27 09:21:40,613 ENTRY: E:308.93 at t:2021-07-27T12:21:40.597647616
2021-07-27 09:22:52,242 PROFIT: Δabs: 17.00000000000159; Δ%: 5.502864726637617%; cumulative profit: 53.52769357944758%
2021-07-27 09:23:13,312 ENTRY: E:308.99 at t:2021-07-27T12:23:13.295913984
2021-07-27 09:23:33,761 STOPLOSS: Δabs: -1.999999999998181; Δ%: -0.6472701381915857%; cumulative profit: 52.88042344125599%
2021-07-27 09:23:34,809 ENTRY: E:308.97 at t:2021-07-27T12:23:34.793361664
2021-07-27 09:23:43,938 STOPLOSS: Δabs: -3.000000000002956; Δ%: -0.9709680551519421%; cumulative profit: 51.90945538610405%
2021-07-27 09:23:45,015 ENTRY: E:308.94 at t:2021-07-27T12:23:44.982402560
2021-07-27 09:25:02,916 PROFIT: Δabs: 16.0000000000025; Δ%: 5.178999158413446%; cumulative profit: 57.0884545445175%
2021-07-27 09:25:30,293 ENTRY: E:309.21 at t:2021-07-27T12:25:30.267014912
2021-07-27 09:26:01,107 STOPLOSS: Δabs: -9.99999999999659; Δ%: -3.234048057953039%; cumulative profit: 53.85440648656446%
2021-07-27 09:26:02,152 ENTRY: E:309.08 at t:2021-07-27T12:26:02.118718976
2021-07-27 09:26:34,223 PROFIT: Δabs: 16.0000000000025; Δ%: 5.176653293646467%; cumulative profit: 59.031059780210924%
2021-07-27 09:26:51,125 ENTRY: E:309.22 at t:2021-07-27T12:26:51.106725888
2021-07-27 09:27:20,914 PROFIT: Δabs: 23.999999999995225; Δ%: 7.761464329601973%; cumulative profit: 66.7925241098129%
2021-07-27 09:27:40,561 ENTRY: E:309.53 at t:2021-07-27T12:27:40.521256448
2021-07-27 09:27:46,582 STOPLOSS: Δabs: -1.999999999998181; Δ%: -0.6461409233347919%; cumulative profit: 66.1463831864781%
2021-07-27 09:27:47,615 ENTRY: E:309.53 at t:2021-07-27T12:27:47.593191680
2021-07-27 09:27:53,648 STOPLOSS: Δabs: -2.9999999999972715; Δ%: -0.9692113850021876%; cumulative profit: 65.17717180147592%
2021-07-27 09:27:54,701 ENTRY: E:309.5 at t:2021-07-27T12:27:54.658514176
2021-07-27 09:28:16,204 PROFIT: Δabs: 16.0000000000025; Δ%: 5.169628432957189%; cumulative profit: 70.3468002344331%
2021-07-27 09:28:27,698 ENTRY: E:309.67 at t:2021-07-27T12:28:27.664922624
2021-07-27 09:28:33,722 STOPLOSS: Δabs: -2.0000000000038654; Δ%: -0.6458488067955777%; cumulative profit: 69.70095142763752%
2021-07-27 09:28:34,757 ENTRY: E:309.65 at t:2021-07-27T12:28:34.732760576
2021-07-27 09:28:43,857 STOPLOSS: Δabs: -3.999999999996362; Δ%: -1.2917810431120174%; cumulative profit: 68.40917038452551%
2021-07-27 09:28:44,881 ENTRY: E:309.61 at t:2021-07-27T12:28:44.865063168
2021-07-27 09:29:03,340 STOPLOSS: Δabs: -3.000000000002956; Δ%: -0.9689609508746344%; cumulative profit: 67.44020943365088%
2021-07-27 09:29:04,365 ENTRY: E:309.58 at t:2021-07-27T12:29:04.347993600
2021-07-27 09:30:48,207 STOPLOSS: Δabs: -6.999999999999318; Δ%: -2.261127979843439%; cumulative profit: 65.17908145380744%
2021-07-27 09:30:49,236 ENTRY: E:309.53 at t:2021-07-27T12:30:49.219782144
2021-07-27 09:31:02,528 STOPLOSS: Δabs: -10.99999999999568; Δ%: -3.553775078343192%; cumulative profit: 61.62530637546425%
2021-07-27 09:31:03,572 ENTRY: E:309.37 at t:2021-07-27T12:31:03.539835904
2021-07-27 09:31:09,589 STOPLOSS: Δabs: -1.999999999998181; Δ%: -0.6464750945463946%; cumulative profit: 60.97883128091785%
2021-07-27 09:31:10,622 ENTRY: E:309.32 at t:2021-07-27T12:31:10.601888256
2021-07-27 09:31:23,873 STOPLOSS: Δabs: -1.999999999998181; Δ%: -0.646579593947427%; cumulative profit: 60.33225168697042%
2021-07-27 09:31:24,900 ENTRY: E:309.28 at t:2021-07-27T12:31:24.883145984
2021-07-27 09:31:30,921 STOPLOSS: Δabs: -6.999999999999318; Δ%: -2.2633212622863805%; cumulative profit: 58.06893042468404%
2021-07-27 09:31:31,970 ENTRY: E:309.21 at t:2021-07-27T12:31:31.933118208
2021-07-27 09:31:43,124 PROFIT: Δabs: 18.000000000000682; Δ%: 5.821286504317675%; cumulative profit: 63.89021692900172%
2021-07-27 09:32:12,618 ENTRY: E:309.47 at t:2021-07-27T12:32:12.574668032
2021-07-27 09:32:22,834 STOPLOSS: Δabs: -3.000000000002956; Δ%: -0.9693992955708003%; cumulative profit: 62.920817633430914%
2021-07-27 09:32:23,889 ENTRY: E:309.46 at t:2021-07-27T12:32:23.856066816
2021-07-27 09:32:29,920 STOPLOSS: Δabs: -7.999999999998408; Δ%: -2.5851483228845114%; cumulative profit: 60.3356693105464%
2021-07-27 09:32:30,985 ENTRY: E:309.4 at t:2021-07-27T12:32:30.934300160
2021-07-27 09:32:37,014 STOPLOSS: Δabs: -1.999999999998181; Δ%: -0.6464124111177055%; cumulative profit: 59.68925689942869%
2021-07-27 09:32:38,044 ENTRY: E:309.38 at t:2021-07-27T12:32:38.026488576
2021-07-27 09:32:44,066 STOPLOSS: Δabs: -7.999999999998408; Δ%: -2.5858167948795683%; cumulative profit: 57.10344010454912%
2021-07-27 09:32:45,092 ENTRY: E:309.29 at t:2021-07-27T12:32:45.073158912
2021-07-27 09:32:55,299 STOPLOSS: Δabs: -8.000000000004093; Δ%: -2.586569239226646%; cumulative profit: 54.516870865322474%
2021-07-27 09:32:56,338 ENTRY: E:309.24 at t:2021-07-27T12:32:56.311866368
2021-07-27 09:33:33,495 PROFIT: Δabs: 18.999999999999773; Δ%: 6.1440952011382%; cumulative profit: 60.660966066460674%
2021-07-27 09:33:50,399 ENTRY: E:309.42 at t:2021-07-27T12:33:50.373235456
2021-07-27 09:33:59,563 STOPLOSS: Δabs: -2.0000000000038654; Δ%: -0.6463706289198711%; cumulative profit: 60.014595437540805%
2021-07-27 09:34:00,635 ENTRY: E:309.38 at t:2021-07-27T12:34:00.620205824
2021-07-27 09:34:28,356 PROFIT: Δabs: 25.0; Δ%: 8.080677484000258%; cumulative profit: 68.09527292154107%
2021-07-27 09:34:37,650 ENTRY: E:309.55 at t:2021-07-27T12:34:37.634735872
2021-07-27 09:34:59,139 STOPLOSS: Δabs: -2.0000000000038654; Δ%: -0.6460991762247991%; cumulative profit: 67.44917374531627%
2021-07-27 09:35:00,170 ENTRY: E:309.49 at t:2021-07-27T12:35:00.151798528
2021-07-27 09:35:08,242 STOPLOSS: Δabs: -9.000000000003183; Δ%: -2.9080099518573084%; cumulative profit: 64.54116379345896%
2021-07-27 09:35:09,301 ENTRY: E:309.38 at t:2021-07-27T12:35:09.284173568
2021-07-27 09:36:08,404 PROFIT: Δabs: 16.0000000000025; Δ%: 5.171633589760974%; cumulative profit: 69.71279738321994%
2021-07-27 09:36:09,505 ENTRY: E:309.53 at t:2021-07-27T12:36:09.445825280
2021-07-27 09:37:54,713 PROFIT: Δabs: 17.00000000000159; Δ%: 5.492197848351239%; cumulative profit: 75.20499523157117%
2021-07-27 09:38:13,184 ENTRY: E:309.75 at t:2021-07-27T12:38:13.166458368
2021-07-27 09:38:51,732 STOPLOSS: Δabs: -1.999999999998181; Δ%: -0.6456820016136178%; cumulative profit: 74.55931322995755%
2021-07-27 09:38:52,788 ENTRY: E:309.66 at t:2021-07-27T12:38:52.753520128
2021-07-27 09:39:01,902 STOPLOSS: Δabs: -5.000000000001137; Δ%: -1.61467415875513%; cumulative profit: 72.94463907120242%
2021-07-27 09:39:02,941 ENTRY: E:309.6 at t:2021-07-27T12:39:02.912727808
2021-07-27 09:39:27,594 PROFIT: Δabs: 15.999999999996817; Δ%: 5.167958656329722%; cumulative profit: 78.11259772753213%
2021-07-27 09:39:40,079 ENTRY: E:309.63 at t:2021-07-27T12:39:40.048764160
2021-07-27 09:39:48,188 STOPLOSS: Δabs: -1.999999999998181; Δ%: -0.6459322417072574%; cumulative profit: 77.46666548582488%
2021-07-27 09:39:49,226 ENTRY: E:309.61 at t:2021-07-27T12:39:49.196427520
2021-07-27 09:39:56,275 STOPLOSS: Δabs: -5.000000000001137; Δ%: -1.6149349181231665%; cumulative profit: 75.85173056770171%
2021-07-27 09:39:57,306 ENTRY: E:309.55 at t:2021-07-27T12:39:57.288343808
2021-07-27 09:40:27,010 PROFIT: Δabs: 36.000000000001364; Δ%: 11.629785172024345%; cumulative profit: 87.48151573972605%
2021-07-27 09:40:42,518 ENTRY: E:309.92 at t:2021-07-27T12:40:42.495685632
2021-07-27 09:40:55,785 STOPLOSS: Δabs: -2.0000000000038654; Δ%: -0.6453278265371274%; cumulative profit: 86.83618791318892%
2021-07-27 09:40:56,820 ENTRY: E:309.9 at t:2021-07-27T12:40:56.794332672
2021-07-27 09:41:31,789 PROFIT: Δabs: 21.000000000003638; Δ%: 6.776379477251901%; cumulative profit: 93.61256739044083%
2021-07-27 09:41:48,475 ENTRY: E:310.19 at t:2021-07-27T12:41:48.443274496
2021-07-27 09:43:08,906 PROFIT: Δabs: 17.00000000000159; Δ%: 5.48051194429272%; cumulative profit: 99.09307933473355%
2021-07-27 09:43:18,196 ENTRY: E:310.28 at t:2021-07-27T12:43:18.178679552
2021-07-27 09:43:26,298 PROFIT: Δabs: 24.00000000000091; Δ%: 7.734949078252196%; cumulative profit: 106.82802841298574%
2021-07-27 09:43:41,702 ENTRY: E:310.43 at t:2021-07-27T12:43:41.687233536
2021-07-27 09:44:45,411 STOPLOSS: Δabs: -3.000000000002956; Δ%: -0.9664014431604405%; cumulative profit: 105.86162696982531%
2021-07-27 09:44:46,458 ENTRY: E:310.4 at t:2021-07-27T12:44:46.419658752
2021-07-27 09:44:54,547 STOPLOSS: Δabs: -1.999999999998181; Δ%: -0.6443298969066305%; cumulative profit: 105.21729707291868%
2021-07-27 09:44:55,578 ENTRY: E:310.38 at t:2021-07-27T12:44:55.561142272
2021-07-27 09:45:39,552 STOPLOSS: Δabs: -1.999999999998181; Δ%: -0.6443714156834142%; cumulative profit: 104.57292565723527%
2021-07-27 09:45:40,574 ENTRY: E:310.41 at t:2021-07-27T12:45:40.563019520
2021-07-27 09:45:51,793 STOPLOSS: Δabs: -3.000000000002956; Δ%: -0.9664637092886684%; cumulative profit: 103.6064619479466%
2021-07-27 09:45:53,852 ENTRY: E:310.3 at t:2021-07-27T12:45:53.835312384
2021-07-27 09:46:03,986 STOPLOSS: Δabs: -12.000000000000455; Δ%: -3.8672252658718835%; cumulative profit: 99.73923668207472%
2021-07-27 09:46:05,017 ENTRY: E:310.12 at t:2021-07-27T12:46:04.998678016
2021-07-27 09:46:11,039 STOPLOSS: Δabs: -6.999999999999318; Δ%: -2.2571907648649936%; cumulative profit: 97.48204591720973%
2021-07-27 09:46:12,073 ENTRY: E:310.04 at t:2021-07-27T12:46:12.048198656
2021-07-27 09:46:31,501 STOPLOSS: Δabs: -2.0000000000038654; Δ%: -0.6450780544458345%; cumulative profit: 96.8369678627639%
2021-07-27 09:47:01,610 ENTRY: E:309.9 at t:2021-07-27T12:47:01.571867648
2021-07-27 09:47:45,979 STOPLOSS: Δabs: -1.999999999998181; Δ%: -0.6453694740232918%; cumulative profit: 96.1915983887406%
2021-07-27 09:47:49,169 ENTRY: E:309.85 at t:2021-07-27T12:47:49.151841280
2021-07-27 09:47:55,199 STOPLOSS: Δabs: -7.000000000005002; Δ%: -2.2591576569323872%; cumulative profit: 93.93244073180821%
2021-07-27 09:47:56,233 ENTRY: E:309.72 at t:2021-07-27T12:47:56.208639488
2021-07-27 09:48:03,277 STOPLOSS: Δabs: -3.000000000002956; Δ%: -0.968616815188866%; cumulative profit: 92.96382391661935%
2021-07-27 09:48:04,299 ENTRY: E:309.69 at t:2021-07-27T12:48:04.285864704
2021-07-27 09:48:10,321 PROFIT: Δabs: 18.999999999999773; Δ%: 6.135167425489932%; cumulative profit: 99.09899134210929%
2021-07-27 09:48:54,585 ENTRY: E:310.27 at t:2021-07-27T12:48:54.567936512
2021-07-27 09:49:28,484 PROFIT: Δabs: 16.0000000000025; Δ%: 5.156798917073034%; cumulative profit: 104.25579025918232%
2021-07-27 09:49:42,880 ENTRY: E:310.5 at t:2021-07-27T12:49:42.864631296
2021-07-27 09:51:25,204 PROFIT: Δabs: 16.0000000000025; Δ%: 5.152979066023349%; cumulative profit: 109.40876932520567%
2021-07-27 09:51:43,340 ENTRY: E:310.67 at t:2021-07-27T12:51:43.300226560
2021-07-27 09:51:53,542 STOPLOSS: Δabs: -12.000000000000455; Δ%: -3.862619499790921%; cumulative profit: 105.54614982541474%
2021-07-27 09:51:54,576 ENTRY: E:310.54 at t:2021-07-27T12:51:54.553129984
2021-07-27 09:52:27,933 PROFIT: Δabs: 15.999999999996817; Δ%: 5.152315321696663%; cumulative profit: 110.6984651471114%
2021-07-27 09:52:36,193 ENTRY: E:310.64 at t:2021-07-27T12:52:36.181079040
2021-07-27 09:53:05,180 STOPLOSS: Δabs: -1.999999999998181; Δ%: -0.6438320885907098%; cumulative profit: 110.0546330585207%
2021-07-27 09:53:06,208 ENTRY: E:310.62 at t:2021-07-27T12:53:06.193000704
2021-07-27 09:53:17,418 STOPLOSS: Δabs: -1.999999999998181; Δ%: -0.6438735432355229%; cumulative profit: 109.41075951528516%
2021-07-27 09:53:18,440 ENTRY: E:310.6 at t:2021-07-27T12:53:18.429625344
2021-07-27 09:54:17,912 PROFIT: Δabs: 17.999999999994998; Δ%: 5.795235028974564%; cumulative profit: 115.20599454425972%
2021-07-27 09:54:36,878 ENTRY: E:310.89 at t:2021-07-27T12:54:36.849689856
2021-07-27 09:55:09,868 PROFIT: Δabs: 18.000000000000682; Δ%: 5.789829200038818%; cumulative profit: 120.99582374429855%
2021-07-27 09:55:26,803 ENTRY: E:311.1 at t:2021-07-27T12:55:26.786597376
2021-07-27 09:55:35,967 STOPLOSS: Δabs: -3.000000000002956; Δ%: -0.9643201542921748%; cumulative profit: 120.03150359000637%
2021-07-27 09:55:37,017 ENTRY: E:311.07 at t:2021-07-27T12:55:37.001175040
2021-07-27 09:56:08,904 STOPLOSS: Δabs: -2.9999999999972715; Δ%: -0.9644131545945515%; cumulative profit: 119.06709043541181%
2021-07-27 09:56:09,935 ENTRY: E:310.97 at t:2021-07-27T12:56:09.916143360
2021-07-27 09:56:15,959 STOPLOSS: Δabs: -3.000000000002956; Δ%: -0.964723285205311%; cumulative profit: 118.1023671502065%
2021-07-27 09:56:16,988 ENTRY: E:310.94 at t:2021-07-27T12:56:16.969663488
2021-07-27 09:56:54,545 PROFIT: Δabs: 16.0000000000025; Δ%: 5.145687270856918%; cumulative profit: 123.24805442106342%
2021-07-27 09:57:16,173 ENTRY: E:311.23 at t:2021-07-27T12:57:16.158232832
2021-07-27 09:57:26,402 STOPLOSS: Δabs: -11.000000000001364; Δ%: -3.5343636538898444%; cumulative profit: 119.71369076717357%
2021-07-27 09:57:28,529 ENTRY: E:311.12 at t:2021-07-27T12:57:28.491913216
2021-07-27 09:58:06,718 PROFIT: Δabs: 17.00000000000159; Δ%: 5.46412959629776%; cumulative profit: 125.17782036347134%
2021-07-27 09:58:13,026 ENTRY: E:311.24 at t:2021-07-27T12:58:13.005560064
2021-07-27 09:58:26,231 PROFIT: Δabs: 27.99999999999727; Δ%: 8.99627297262475%; cumulative profit: 134.1740933360961%
2021-07-27 09:58:36,926 ENTRY: E:311.4 at t:2021-07-27T12:58:36.902091008
2021-07-27 09:59:07,727 STOPLOSS: Δabs: -3.999999999996362; Δ%: -1.2845215157342205%; cumulative profit: 132.88957182036188%
2021-07-27 09:59:08,762 ENTRY: E:311.37 at t:2021-07-27T12:59:08.735602944
2021-07-27 09:59:17,999 STOPLOSS: Δabs: -1.999999999998181; Δ%: -0.6423226386608153%; cumulative profit: 132.24724918170105%
2021-07-27 09:59:19,038 ENTRY: E:311.36 at t:2021-07-27T12:59:19.022491648
2021-07-27 09:59:32,248 PROFIT: Δabs: 15.999999999996817; Δ%: 5.138746145939368%; cumulative profit: 137.38599532764042%
2021-07-27 09:59:38,423 ENTRY: E:311.36 at t:2021-07-27T12:59:38.398573056
2021-07-27 09:59:44,444 STOPLOSS: Δabs: -2.0000000000038654; Δ%: -0.6423432682437903%; cumulative profit: 136.74365205939662%
2021-07-27 09:59:45,474 ENTRY: E:311.38 at t:2021-07-27T12:59:45.455358208
2021-07-27 09:59:51,511 STOPLOSS: Δabs: -1.999999999998181; Δ%: -0.6423020104047084%; cumulative profit: 136.10135004899192%
2021-07-27 09:59:52,559 ENTRY: E:311.4 at t:2021-07-27T12:59:52.525022208
2021-07-27 09:59:58,591 STOPLOSS: Δabs: -2.9999999999972715; Δ%: -0.9633911368006653%; cumulative profit: 135.13795891219127%
2021-07-27 09:59:59,620 ENTRY: E:311.36 at t:2021-07-27T12:59:59.604343808
2021-07-27 10:00:06,667 STOPLOSS: Δabs: -2.0000000000038654; Δ%: -0.6423432682437903%; cumulative profit: 134.49561564394747%
2021-07-27 10:00:07,715 ENTRY: E:311.34 at t:2021-07-27T13:00:07.681540352
2021-07-27 10:00:34,249 PROFIT: Δabs: 16.0000000000025; Δ%: 5.139076251044679%; cumulative profit: 139.63469189499216%
2021-07-27 10:00:49,028 ENTRY: E:311.5 at t:2021-07-27T13:00:49.012880384
2021-07-27 10:00:55,052 PROFIT: Δabs: 50.99999999999909; Δ%: 16.37239165329024%; cumulative profit: 156.0070835482824%
2021-07-27 10:01:11,827 ENTRY: E:312.16 at t:2021-07-27T13:01:11.812071936
2021-07-27 10:02:23,468 PROFIT: Δabs: 16.999999999995907; Δ%: 5.445925166579928%; cumulative profit: 161.45300871486234%
2021-07-27 10:02:35,967 ENTRY: E:312.23 at t:2021-07-27T13:02:35.935497728
2021-07-27 10:03:00,627 STOPLOSS: Δabs: -2.0000000000038654; Δ%: -0.6405534381718173%; cumulative profit: 160.8124552766905%
2021-07-27 10:03:02,697 ENTRY: E:312.29 at t:2021-07-27T13:03:02.680809472
2021-07-27 10:03:09,741 STOPLOSS: Δabs: -2.0000000000038654; Δ%: -0.6404303692093456%; cumulative profit: 160.17202490748116%
2021-07-27 10:03:10,771 ENTRY: E:312.22 at t:2021-07-27T13:03:10.754689024
2021-07-27 10:03:50,831 PROFIT: Δabs: 20.999999999997954; Δ%: 6.726026519761051%; cumulative profit: 166.89805142724222%
2021-07-27 10:04:02,257 ENTRY: E:312.4 at t:2021-07-27T13:04:02.221131008
2021-07-27 10:04:17,547 STOPLOSS: Δabs: -1.999999999998181; Δ%: -0.640204865556396%; cumulative profit: 166.25784656168582%
2021-07-27 10:04:18,575 ENTRY: E:312.42 at t:2021-07-27T13:04:18.558724864
2021-07-27 10:04:27,706 STOPLOSS: Δabs: -6.999999999999318; Δ%: -2.240573586838012%; cumulative profit: 164.0172729748478%
2021-07-27 10:04:28,744 ENTRY: E:312.34 at t:2021-07-27T13:04:28.719652864
2021-07-27 10:04:43,108 STOPLOSS: Δabs: -1.999999999998181; Δ%: -0.640327847857521%; cumulative profit: 163.37694512699028%
2021-07-27 10:04:44,154 ENTRY: E:312.31 at t:2021-07-27T13:04:44.119649280
2021-07-27 10:04:50,175 STOPLOSS: Δabs: -4.000000000002046; Δ%: -1.2807787134584374%; cumulative profit: 162.09616641353185%
2021-07-27 10:04:51,216 ENTRY: E:312.23 at t:2021-07-27T13:04:51.186203136
2021-07-27 10:05:58,790 PROFIT: Δabs: 39.999999999997726; Δ%: 12.811068763410857%; cumulative profit: 174.9072351769427%
2021-07-27 10:06:27,032 ENTRY: E:312.88 at t:2021-07-27T13:06:27.016636672
2021-07-27 10:06:50,166 STOPLOSS: Δabs: -7.999999999998408; Δ%: -2.5568908207614447%; cumulative profit: 172.35034435618124%
2021-07-27 10:06:51,309 ENTRY: E:312.8 at t:2021-07-27T13:06:51.282590976
2021-07-27 10:07:08,646 PROFIT: Δabs: 62.999999999999545; Δ%: 20.140664961636684%; cumulative profit: 192.4910093178179%
2021-07-27 10:07:27,211 ENTRY: E:313.97 at t:2021-07-27T13:07:27.189563648
2021-07-27 10:07:33,228 STOPLOSS: Δabs: -2.0000000000038654; Δ%: -0.6370035353708523%; cumulative profit: 191.85400578244705%
2021-07-27 10:07:34,258 ENTRY: E:313.98 at t:2021-07-27T13:07:34.241943296
2021-07-27 10:07:40,276 STOPLOSS: Δabs: -8.000000000004093; Δ%: -2.547932989363683%; cumulative profit: 189.30607279308336%
2021-07-27 10:07:41,310 ENTRY: E:313.91 at t:2021-07-27T13:07:41.286585856
2021-07-27 10:07:55,637 STOPLOSS: Δabs: -3.000000000002956; Δ%: -0.9556879360335623%; cumulative profit: 188.3503848570498%
2021-07-27 10:07:56,663 ENTRY: E:313.87 at t:2021-07-27T13:07:56.648010752
2021-07-27 10:08:16,118 STOPLOSS: Δabs: -5.000000000001137; Δ%: -1.5930162169054505%; cumulative profit: 186.75736864014434%
2021-07-27 10:08:17,152 ENTRY: E:313.85 at t:2021-07-27T13:08:17.129394176
2021-07-27 10:08:23,167 STOPLOSS: Δabs: -4.000000000002046; Δ%: -1.2744941851209322%; cumulative profit: 185.4828744550234%
2021-07-27 10:08:24,197 ENTRY: E:313.81 at t:2021-07-27T13:08:24.181105408
2021-07-27 10:08:32,280 STOPLOSS: Δabs: -1.999999999998181; Δ%: -0.6373283196833055%; cumulative profit: 184.8455461353401%
2021-07-27 10:08:33,332 ENTRY: E:313.71 at t:2021-07-27T13:08:33.289631232
2021-07-27 10:08:39,353 STOPLOSS: Δabs: -6.999999999999318; Δ%: -2.2313601734083446%; cumulative profit: 182.61418596193175%
2021-07-27 10:08:40,381 ENTRY: E:313.64 at t:2021-07-27T13:08:40.365145344
2021-07-27 10:08:51,551 STOPLOSS: Δabs: -6.000000000000227; Δ%: -1.9130212983038606%; cumulative profit: 180.70116466362788%
2021-07-27 10:08:52,575 ENTRY: E:313.55 at t:2021-07-27T13:08:52.559508992
2021-07-27 10:09:07,979 STOPLOSS: Δabs: -3.000000000002956; Δ%: -0.9567852017231562%; cumulative profit: 179.7443794619047%
2021-07-27 10:09:50,605 ENTRY: E:313.42 at t:2021-07-27T13:09:50.585976064
2021-07-27 10:09:59,700 STOPLOSS: Δabs: -6.999999999999318; Δ%: -2.233424797396247%; cumulative profit: 177.51095466450846%
2021-07-27 10:10:00,729 ENTRY: E:313.27 at t:2021-07-27T13:10:00.714367232
2021-07-27 10:10:27,508 PROFIT: Δabs: 16.0000000000025; Δ%: 5.107415328631054%; cumulative profit: 182.6183699931395%
2021-07-27 10:10:43,211 ENTRY: E:313.41 at t:2021-07-27T13:10:43.193961472
2021-07-27 10:10:57,547 PROFIT: Δabs: 15.999999999996817; Δ%: 5.105133850227119%; cumulative profit: 187.72350384336664%
2021-07-27 10:11:04,854 ENTRY: E:313.49 at t:2021-07-27T13:11:04.826278144
2021-07-27 10:11:19,309 PROFIT: Δabs: 15.999999999996817; Δ%: 5.1038310631907935%; cumulative profit: 192.82733490655744%
2021-07-27 10:11:27,981 ENTRY: E:313.57 at t:2021-07-27T13:11:27.919507968
2021-07-27 10:11:34,008 STOPLOSS: Δabs: -2.9999999999972715; Δ%: -0.956724176419068%; cumulative profit: 191.87061073013837%
2021-07-27 10:11:35,034 ENTRY: E:313.54 at t:2021-07-27T13:11:35.019680512
2021-07-27 10:11:54,526 STOPLOSS: Δabs: -2.0000000000038654; Δ%: -0.6378771448631323%; cumulative profit: 191.23273358527524%
2021-07-27 10:11:55,551 ENTRY: E:313.51 at t:2021-07-27T13:11:55.538492672
2021-07-27 10:12:02,640 STOPLOSS: Δabs: -9.99999999999659; Δ%: -3.189690918948866%; cumulative profit: 188.0430426663264%
2021-07-27 10:12:03,685 ENTRY: E:313.38 at t:2021-07-27T13:12:03.650859776
2021-07-27 10:12:12,799 STOPLOSS: Δabs: -11.000000000001364; Δ%: -3.5101155147110106%; cumulative profit: 184.53292715161538%
2021-07-27 10:12:13,830 ENTRY: E:313.35 at t:2021-07-27T13:12:13.811304192
2021-07-27 10:12:36,444 PROFIT: Δabs: 15.999999999996817; Δ%: 5.106111377053395%; cumulative profit: 189.63903852866878%
2021-07-27 10:12:54,095 ENTRY: E:313.45 at t:2021-07-27T13:12:54.069649408
2021-07-27 10:13:01,149 STOPLOSS: Δabs: -1.999999999998181; Δ%: -0.6380602966974577%; cumulative profit: 189.00097823197132%
2021-07-27 10:13:02,189 ENTRY: E:313.42 at t:2021-07-27T13:13:02.158643456
2021-07-27 10:13:08,217 STOPLOSS: Δabs: -5.000000000001137; Δ%: -1.5953034267121233%; cumulative profit: 187.4056748052592%
2021-07-27 10:13:09,258 ENTRY: E:313.35 at t:2021-07-27T13:13:09.229381632
2021-07-27 10:13:15,279 STOPLOSS: Δabs: -3.000000000002956; Δ%: -0.9573958831986454%; cumulative profit: 186.44827892206055%
2021-07-27 10:13:16,308 ENTRY: E:313.6 at t:2021-07-27T13:13:16.289511680
2021-07-27 10:13:34,858 PROFIT: Δabs: 17.999999999994998; Δ%: 5.739795918365751%; cumulative profit: 192.1880748404263%
2021-07-27 10:13:42,086 ENTRY: E:313.58 at t:2021-07-27T13:13:42.069097728
2021-07-27 10:13:51,239 STOPLOSS: Δabs: -1.999999999998181; Δ%: -0.637795777791371%; cumulative profit: 191.55027906263493%
2021-07-27 10:13:52,290 ENTRY: E:313.57 at t:2021-07-27T13:13:52.249182720
2021-07-27 10:13:58,310 STOPLOSS: Δabs: -12.000000000000455; Δ%: -3.8268967056798977%; cumulative profit: 187.72338235695503%
2021-07-27 10:13:59,366 ENTRY: E:313.5 at t:2021-07-27T13:13:59.349507328
2021-07-27 10:14:16,878 PROFIT: Δabs: 17.00000000000159; Δ%: 5.422647527911193%; cumulative profit: 193.1460298848662%
2021-07-27 10:14:23,255 ENTRY: E:313.58 at t:2021-07-27T13:14:23.241318912
2021-07-27 10:14:31,374 STOPLOSS: Δabs: -1.999999999998181; Δ%: -0.637795777791371%; cumulative profit: 192.50823410707483%
2021-07-27 10:14:32,427 ENTRY: E:313.56 at t:2021-07-27T13:14:32.387983616
2021-07-27 10:15:07,474 PROFIT: Δabs: 19.999999999998863; Δ%: 6.378364587319448%; cumulative profit: 198.88659869439428%
2021-07-27 10:15:14,733 ENTRY: E:313.69 at t:2021-07-27T13:15:14.705533696
2021-07-27 10:15:20,771 STOPLOSS: Δabs: -2.9999999999972715; Δ%: -0.95635818801915%; cumulative profit: 197.93024050637513%
2021-07-27 10:15:21,818 ENTRY: E:313.66 at t:2021-07-27T13:15:21.786232320
2021-07-27 10:15:28,876 STOPLOSS: Δabs: -6.000000000000227; Δ%: -1.912899317732649%; cumulative profit: 196.0173411886425%
2021-07-27 10:15:29,909 ENTRY: E:313.66 at t:2021-07-27T13:15:29.889537024
2021-07-27 10:16:11,476 PROFIT: Δabs: 17.999999999994998; Δ%: 5.7386979531961355%; cumulative profit: 201.7560391418386%
2021-07-27 10:16:32,747 ENTRY: E:313.91 at t:2021-07-27T13:16:32.692935936
2021-07-27 10:16:39,815 STOPLOSS: Δabs: -4.000000000002046; Δ%: -1.2742505813774796%; cumulative profit: 200.48178856046113%
2021-07-27 10:16:40,848 ENTRY: E:313.93 at t:2021-07-27T13:16:40.826223616
2021-07-27 10:16:47,923 STOPLOSS: Δabs: -3.000000000002956; Δ%: -0.955627050617321%; cumulative profit: 199.5261615098438%
2021-07-27 10:16:48,955 ENTRY: E:313.9 at t:2021-07-27T13:16:48.932984576
2021-07-27 10:16:59,101 PROFIT: Δabs: 16.0000000000025; Δ%: 5.0971647021352355%; cumulative profit: 204.62332621197905%
2021-07-27 10:17:06,346 ENTRY: E:313.88 at t:2021-07-27T13:17:06.327409152
2021-07-27 10:17:18,615 STOPLOSS: Δabs: -2.9999999999972715; Δ%: -0.9557792787043684%; cumulative profit: 203.66754693327468%
2021-07-27 10:17:19,644 ENTRY: E:313.89 at t:2021-07-27T13:17:19.626127872
2021-07-27 10:17:30,836 STOPLOSS: Δabs: -2.9999999999972715; Δ%: -0.955748829206815%; cumulative profit: 202.71179810406787%
2021-07-27 10:17:32,920 ENTRY: E:313.86 at t:2021-07-27T13:17:32.889063424
2021-07-27 10:18:11,937 STOPLOSS: Δabs: -2.0000000000038654; Δ%: -0.6372267890154416%; cumulative profit: 202.07457131505242%
2021-07-27 10:18:12,972 ENTRY: E:313.81 at t:2021-07-27T13:18:12.951767040
2021-07-27 10:18:18,997 STOPLOSS: Δabs: -6.999999999999318; Δ%: -2.2306491188933806%; cumulative profit: 199.84392219615904%
2021-07-27 10:18:20,026 ENTRY: E:313.74 at t:2021-07-27T13:18:20.009803264
2021-07-27 10:18:26,051 STOPLOSS: Δabs: -3.000000000002956; Δ%: -0.956205775483826%; cumulative profit: 198.88771642067522%
2021-07-27 10:18:27,076 ENTRY: E:313.71 at t:2021-07-27T13:18:27.061973504
2021-07-27 10:18:33,098 STOPLOSS: Δabs: -6.999999999999318; Δ%: -2.2313601734083446%; cumulative profit: 196.65635624726687%
2021-07-27 10:18:34,129 ENTRY: E:313.65 at t:2021-07-27T13:18:34.111026944
2021-07-27 10:18:48,440 STOPLOSS: Δabs: -1.999999999998181; Δ%: -0.6376534353573031%; cumulative profit: 196.01870281190958%
2021-07-27 10:18:59,836 ENTRY: E:313.55 at t:2021-07-27T13:18:59.818639872
2021-07-27 10:19:07,951 STOPLOSS: Δabs: -5.000000000001137; Δ%: -1.5946420028707182%; cumulative profit: 194.42406080903885%
2021-07-27 10:19:08,987 ENTRY: E:313.48 at t:2021-07-27T13:19:08.970783232
2021-07-27 10:19:24,350 STOPLOSS: Δabs: -4.000000000002046; Δ%: -1.27599846880249%; cumulative profit: 193.14806234023635%
2021-07-27 10:19:40,893 ENTRY: E:313.87 at t:2021-07-27T13:19:40.855301376
2021-07-27 10:19:46,917 STOPLOSS: Δabs: -4.000000000002046; Δ%: -1.2744129735247225%; cumulative profit: 191.87364936671162%
2021-07-27 10:19:47,966 ENTRY: E:313.78 at t:2021-07-27T13:19:47.925925376
2021-07-27 10:19:57,095 STOPLOSS: Δabs: -1.999999999998181; Δ%: -0.6373892536166043%; cumulative profit: 191.236260113095%
2021-07-27 10:19:58,127 ENTRY: E:313.76 at t:2021-07-27T13:19:58.107561216
