2021-07-27 01:22:54,487 ENTRY: E:301.92 at t:2021-07-27T04:22:54.458442240
2021-07-27 01:23:00,518 sl check: 0.0;
                sl: -0.4
                check? False
                is positioned? True
2021-07-27 01:23:00,519 exit check, 0.0;
                tp: 5.0;
                check? 1st condition: False; 2nd condition: False
                is positioned? True
2021-07-27 01:23:05,681 STOPLOSS:
                                    Δabs: -2.0000000000038654;
                                    Δ%: -0.6624271330166486%;
                                    cumulative profit: -0.6624271330166486%
2021-07-27 01:23:06,711 ENTRY: E:301.9 at t:2021-07-27T04:23:06.683584768
2021-07-27 01:23:21,982 STOPLOSS:
                                    Δabs: -7.999999999998408;
                                    Δ%: -2.6498840675715165%;
                                    cumulative profit: -3.312311200588165%
2021-07-27 01:23:23,012 ENTRY: E:301.82 at t:2021-07-27T04:23:22.983864320
2021-07-27 01:23:30,076 sl check: -0.6626466105619233;
                sl: -0.4
                check? True
                is positioned? False
2021-07-27 01:23:30,077 STOPLOSS:
                                    Δabs: -1.999999999998181;
                                    Δ%: -0.6626466105619843%;
                                    cumulative profit: -3.974957811150149%
2021-07-27 01:23:31,093 ENTRY: E:301.8 at t:2021-07-27T04:23:31.078613760
2021-07-27 01:23:43,204 STOPLOSS:
                                    Δabs: -3.000000000002956;
                                    Δ%: -0.9940357852892496%;
                                    cumulative profit: -4.9689935964393985%
2021-07-27 01:23:44,220 ENTRY: E:301.78 at t:2021-07-27T04:23:44.205990144
2021-07-27 01:24:00,542 sl check: 5.301875538472611;
                sl: -0.4
                check? False
                is positioned? True
2021-07-27 01:24:00,543 exit check, 5.301875538472611;
                tp: 5.0;
                check? 1st condition: True; 2nd condition: False
                is positioned? True
2021-07-27 01:24:30,366 sl check: 0.9941016634651412;
                sl: -0.4
                check? False
                is positioned? True
2021-07-27 01:24:30,367 exit check, 0.9941016634651412;
                tp: 5.0;
                check? 1st condition: False; 2nd condition: False
                is positioned? True
2021-07-27 01:25:00,253 sl check: 7.290078865398453;
                sl: -0.4
                check? False
                is positioned? True
2021-07-27 01:25:00,254 exit check, 7.290078865398453;
                tp: 5.0;
                check? 1st condition: True; 2nd condition: False
                is positioned? True
2021-07-27 01:25:30,067 sl check: 8.284180528861373;
                sl: -0.4
                check? False
                is positioned? True
2021-07-27 01:25:30,067 exit check, 8.284180528861373;
                tp: 5.0;
                check? 1st condition: True; 2nd condition: False
                is positioned? True
2021-07-27 01:26:00,060 sl check: 5.964609980781965;
                sl: -0.4
                check? False
                is positioned? True
2021-07-27 01:26:00,072 exit check, 5.964609980781965;
                tp: 5.0;
                check? 1st condition: True; 2nd condition: False
                is positioned? True
