2021-07-27 01:22:42,810 ENTRY: E:2182.0 at t:2021-07-27T04:22:42.778368512
2021-07-27 01:22:54,010 STOPLOSS:
                                    Δabs: -15.000000000009095;
                                    Δ%: -0.6874427131076578%;
                                    cumulative profit: -0.6874427131076578%
2021-07-27 01:22:55,033 ENTRY: E:2181.8 at t:2021-07-27T04:22:55.018341376
2021-07-27 01:23:24,723 STOPLOSS:
                                    Δabs: -21.000000000003638;
                                    Δ%: -0.9625080209003409%;
                                    cumulative profit: -1.6499507340079989%
2021-07-27 01:23:25,752 ENTRY: E:2181.74 at t:2021-07-27T04:23:25.725295616
2021-07-27 01:23:31,786 STOPLOSS:
                                    Δabs: -19.99999999998181;
                                    Δ%: -0.9166995150651228%;
                                    cumulative profit: -2.566650249073122%
2021-07-27 01:23:32,818 ENTRY: E:2181.53 at t:2021-07-27T04:23:32.787144192
2021-07-27 01:23:45,025 STOPLOSS:
                                    Δabs: -24.000000000023647;
                                    Δ%: -1.1001453108608932%;
                                    cumulative profit: -3.666795559934015%
2021-07-27 01:23:46,057 ENTRY: E:2181.26 at t:2021-07-27T04:23:46.027172608
2021-07-27 01:23:55,168 STOPLOSS:
                                    Δabs: -11.000000000012733;
                                    Δ%: -0.5042956823126419%;
                                    cumulative profit: -4.171091242246657%
2021-07-27 01:23:56,200 ENTRY: E:2181.14 at t:2021-07-27T04:23:56.170151424
2021-07-27 01:24:06,310 STOPLOSS:
                                    Δabs: -12.99999999996544;
                                    Δ%: -0.5960185957786037%;
                                    cumulative profit: -4.767109838025261%
2021-07-27 01:24:07,335 ENTRY: E:2181.0 at t:2021-07-27T04:24:07.311829504
