2021-07-27 01:22:44,863 ENTRY: E:36865.7 at t:2021-07-27T04:22:44.841531904
2021-07-27 01:22:56,065 STOPLOSS:
                                    Δabs: -454.99999999956344;
                                    Δ%: -1.2342095769226231%;
                                    cumulative profit: -1.2342095769226231%
2021-07-27 01:22:57,097 ENTRY: E:36861.15 at t:2021-07-27T04:22:57.066913536
2021-07-27 01:23:05,161 STOPLOSS:
                                    Δabs: -155.00000000029104;
                                    Δ%: -0.4204969188435278%;
                                    cumulative profit: -1.6547064957661508%
2021-07-27 01:23:06,184 ENTRY: E:36859.59 at t:2021-07-27T04:23:06.169029120
2021-07-27 01:23:17,356 STOPLOSS:
                                    Δabs: -303.9999999993597;
                                    Δ%: -0.8247514418889623%;
                                    cumulative profit: -2.479457937655113%
2021-07-27 01:23:18,384 ENTRY: E:36856.92 at t:2021-07-27T04:23:18.357097216
2021-07-27 01:23:25,422 STOPLOSS:
                                    Δabs: -577.9999999998836;
                                    Δ%: -1.5682265365632386%;
                                    cumulative profit: -4.047684474218352%
2021-07-27 01:23:26,440 ENTRY: E:36851.0 at t:2021-07-27T04:23:26.423726848
2021-07-27 01:23:48,950 STOPLOSS:
                                    Δabs: -248.00000000032014;
                                    Δ%: -0.6729803804518741%;
                                    cumulative profit: -4.720664854670226%
2021-07-27 01:23:49,969 ENTRY: E:36846.34 at t:2021-07-27T04:23:49.951426304
2021-07-27 01:23:56,003 STOPLOSS:
                                    Δabs: -175.0;
                                    Δ%: -0.4749454084177696%;
                                    cumulative profit: -5.195610263087996%
2021-07-27 01:23:57,032 ENTRY: E:36844.58 at t:2021-07-27T04:23:57.003768320
2021-07-27 01:24:03,065 STOPLOSS:
                                    Δabs: -588.0000000004657;
                                    Δ%: -1.5958928016019336%;
                                    cumulative profit: -6.7915030646899295%
2021-07-27 01:24:04,097 ENTRY: E:36838.7 at t:2021-07-27T04:24:04.066930432
2021-07-27 01:24:17,327 STOPLOSS:
                                    Δabs: -269.99999999970896;
                                    Δ%: -0.7329248860565357%;
                                    cumulative profit: -7.524427950746465%
2021-07-27 01:24:18,355 ENTRY: E:36836.0 at t:2021-07-27T04:24:18.328514816
2021-07-27 01:24:24,374 STOPLOSS:
                                    Δabs: -284.9999999998545;
                                    Δ%: -0.7736996416545078%;
                                    cumulative profit: -8.298127592400972%
2021-07-27 01:24:25,394 ENTRY: E:36831.16 at t:2021-07-27T04:24:25.375846144
2021-07-27 01:25:00,232 sl check: 4.1839572796509295;
                sl: -0.4
                check? False
                is positioned? True
2021-07-27 01:25:00,235 exit check, 4.1839572796509295;
                tp: 5.0;
                check? 1st condition: False; 2nd condition: False
                is positioned? True
2021-07-27 01:25:30,066 sl check: 0.9475672229708465;
                sl: -0.4
                check? False
                is positioned? True
2021-07-27 01:25:30,068 exit check, 0.9475672229708465;
                tp: 5.0;
                check? 1st condition: False; 2nd condition: False
                is positioned? True
2021-07-27 01:25:52,827 PROFIT:
                                    Δabs: 18.739999999997963;
                                    Δ%: 5.088083025350806%
                                    cumulative profit: -3.210044567050166%
2021-07-27 01:25:54,893 ENTRY: E:36837.8 at t:2021-07-27T04:25:54.881517312
2021-07-27 01:26:00,925 sl check: 0.1791637937098578;
                sl: -0.4
                check? False
                is positioned? True
2021-07-27 01:26:00,927 exit check, 0.1791637937098578;
                tp: 5.0;
                check? 1st condition: False; 2nd condition: False
                is positioned? True
