2021-04-19 20:43:40,685 [INFO    ] 16088 2324 unicorn_binance_websocket_api_manager: New instance of unicorn-binance-websocket-api_1.30.0-python_3.9.2 on Windows 10 started ...
2021-04-19 20:43:40,685 [INFO    ] 16088 2324 unicorn_binance_websocket_api_manager: Using `process_stream_data`
2021-04-19 20:43:40,686 [INFO    ] 16088 9528 unicorn_binance_websocket_api_manager: BinanceWebSocketApiManager._frequent_checks() new instance created with frequent_checks_id=1618875820.6866448
2021-04-19 20:43:40,687 [INFO    ] 16088 3696 unicorn_binance_websocket_api_manager: BinanceWebSocketApiManager._keepalive_streams() new instance created with keepalive_streams_id=1618875820.6876433
2021-04-19 20:43:40,689 [DEBUG   ] 16088 2324 connectionpool: Starting new HTTPS connection (1): api.github.com:443
2021-04-19 20:43:41,368 [DEBUG   ] 16088 2324 connectionpool: https://api.github.com:443 "GET /repos/oliver-zehentleitner/unicorn-binance-websocket-api/releases/latest HTTP/1.1" 200 1152
2021-04-19 20:43:51,751 [INFO    ] 16088 2324 unicorn_binance_websocket_api_manager: BinanceWebSocketApiManager.create_stream({'kline_15', 'kline_5', 'kline_1'}, ['btcusdt', 'ethusdt'], None, False, False) with stream_id=490b7317-6f75-4460-aaca-2724c020a7b2
2021-04-19 20:43:51,751 [INFO    ] 16088 2324 unicorn_binance_websocket_api_manager: BinanceWebSocketApiManager._add_stream_to_stream_list(490b7317-6f75-4460-aaca-2724c020a7b2, {'kline_15', 'kline_5', 'kline_1'}, ['btcusdt', 'ethusdt'], None, False, False)
2021-04-19 20:43:51,751 [DEBUG   ] 16088 2324 proactor_events: Using proactor: IocpProactor
2021-04-19 20:43:51,752 [DEBUG   ] 16088 16752 unicorn_binance_websocket_api_manager: BinanceWebSocketApiManager.is_stop_request(490b7317-6f75-4460-aaca-2724c020a7b2)
2021-04-19 20:43:51,752 [INFO    ] 16088 16752 unicorn_binance_websocket_api_socket: BinanceWebSocketApiSocket.start_socket(490b7317-6f75-4460-aaca-2724c020a7b2, {'kline_15', 'kline_5', 'kline_1'}, ['btcusdt', 'ethusdt']) socket_id=177899be-81c9-4bc7-80b6-3f391a15ff64 recent_socket_id=177899be-81c9-4bc7-80b6-3f391a15ff64
2021-04-19 20:43:51,753 [DEBUG   ] 16088 16752 unicorn_binance_websocket_api_manager: BinanceWebSocketApiManager.is_stop_request(490b7317-6f75-4460-aaca-2724c020a7b2)
2021-04-19 20:43:51,753 [INFO    ] 16088 16752 unicorn_binance_websocket_api_manager: BinanceWebSocketApiManager.subscribe_to_stream(490b7317-6f75-4460-aaca-2724c020a7b2, {'kline_5', 'kline_1', 'kline_15'}, ['btcusdt', 'ethusdt']) started ...
2021-04-19 20:43:51,754 [INFO    ] 16088 16752 unicorn_binance_websocket_api_manager: BinanceWebSocketApiManager.create_payload(490b7317-6f75-4460-aaca-2724c020a7b2, ['kline_15', 'kline_5', 'kline_1'], ['ethusdt', 'btcusdt']) started ...
2021-04-19 20:43:51,754 [INFO    ] 16088 16752 unicorn_binance_websocket_api_manager: BinanceWebSocketApiManager.create_payload(490b7317-6f75-4460-aaca-2724c020a7b2, ['kline_15', 'kline_5', 'kline_1'], ['ethusdt', 'btcusdt']) - Payload: [{'method': 'SUBSCRIBE', 'params': ['btcusdt@kline_15', 'ethusdt@kline_5', 'ethusdt@kline_1', 'ethusdt@kline_15', 'btcusdt@kline_1', 'btcusdt@kline_5'], 'id': 1}]
2021-04-19 20:43:51,755 [INFO    ] 16088 16752 unicorn_binance_websocket_api_manager: BinanceWebSocketApiManager.create_payload(490b7317-6f75-4460-aaca-2724c020a7b2, ['kline_15', 'kline_5', 'kline_1'], ['ethusdt', 'btcusdt']) finished ...
2021-04-19 20:43:51,755 [INFO    ] 16088 16752 unicorn_binance_websocket_api_manager: BinanceWebSocketApiManager.subscribe_to_stream(490b7317-6f75-4460-aaca-2724c020a7b2, ['kline_5', 'kline_1', 'kline_15'], ['btcusdt', 'ethusdt']) finished ...
2021-04-19 20:43:51,755 [INFO    ] 16088 16752 unicorn_binance_websocket_api_manager: BinanceWebSocketApiManager.create_websocket_uri({'kline_5', 'kline_1', 'kline_15'}, ['btcusdt', 'ethusdt'], , False) - Created websocket URI for stream_id=490b7317-6f75-4460-aaca-2724c020a7b2 is wss://stream.binance.com:9443/stream?streams=ethusdt@kline_15
2021-04-19 20:43:52,174 [DEBUG   ] 16088 16752 protocol: client - state = CONNECTING
2021-04-19 20:43:52,903 [DEBUG   ] 16088 16752 protocol: client - event = connection_made(<asyncio.sslproto._SSLProtocolTransport object at 0x00000244B8FD2C40>)
2021-04-19 20:43:52,904 [DEBUG   ] 16088 16752 client: client > GET /stream?streams=ethusdt@kline_15 HTTP/1.1
2021-04-19 20:43:52,904 [DEBUG   ] 16088 16752 client: client > Headers([('Host', 'stream.binance.com:9443'), ('Upgrade', 'websocket'), ('Connection', 'Upgrade'), ('Sec-WebSocket-Key', 'UkrhsAGH+Fk3DVVupZdfjQ=='), ('Sec-WebSocket-Version', '13'), ('Sec-WebSocket-Extensions', 'permessage-deflate; client_max_window_bits'), ('User-Agent', 'unicorn-binance-websocket-api_1.30.0-python_3.9.2')])
2021-04-19 20:43:53,283 [DEBUG   ] 16088 16752 protocol: client - event = data_received(<267 bytes>)
2021-04-19 20:43:53,283 [DEBUG   ] 16088 16752 client: client < HTTP/1.1 101 Switching Protocols
2021-04-19 20:43:53,283 [DEBUG   ] 16088 16752 client: client < Headers([('Date', 'Mon, 19 Apr 2021 20:44:06 GMT'), ('Connection', 'upgrade'), ('Upgrade', 'websocket'), ('Sec-WebSocket-Accept', 'vW8tlz5sdtcshF1cX9tQrl+T3hQ='), ('Sec-WebSocket-Extensions', 'permessage-deflate; server_no_context_takeover; client_max_window_bits=15')])
2021-04-19 20:43:53,283 [DEBUG   ] 16088 16752 protocol: client - state = OPEN
2021-04-19 20:43:53,283 [DEBUG   ] 16088 16752 unicorn_binance_websocket_api_manager: BinanceWebSocketApiManager.set_heartbeat(490b7317-6f75-4460-aaca-2724c020a7b2)
2021-04-19 20:43:53,283 [DEBUG   ] 16088 16752 unicorn_binance_websocket_api_manager: BinanceWebSocketApiManager.is_stop_request(490b7317-6f75-4460-aaca-2724c020a7b2)
2021-04-19 20:43:53,283 [DEBUG   ] 16088 16752 unicorn_binance_websocket_api_manager: BinanceWebSocketApiManager.is_stop_as_crash_request(490b7317-6f75-4460-aaca-2724c020a7b2)
2021-04-19 20:43:53,283 [INFO    ] 16088 16752 unicorn_binance_websocket_api_socket: BinanceWebSocketApiSocket.start_socket(490b7317-6f75-4460-aaca-2724c020a7b2, {'kline_15', 'kline_5', 'kline_1'}, ['btcusdt', 'ethusdt'] socket_id=177899be-81c9-4bc7-80b6-3f391a15ff64 recent_socket_id=177899be-81c9-4bc7-80b6-3f391a15ff64 - Sending payload started ...
2021-04-19 20:43:53,283 [INFO    ] 16088 16752 unicorn_binance_websocket_api_socket: BinanceWebSocketApiSocket.start_socket(490b7317-6f75-4460-aaca-2724c020a7b2, {'kline_15', 'kline_5', 'kline_1'}, ['btcusdt', 'ethusdt'] - Sending payload: {'method': 'SUBSCRIBE', 'params': ['btcusdt@kline_15', 'ethusdt@kline_5', 'ethusdt@kline_1', 'ethusdt@kline_15', 'btcusdt@kline_1', 'btcusdt@kline_5'], 'id': 1}
2021-04-19 20:43:53,283 [DEBUG   ] 16088 16752 unicorn_binance_websocket_api_manager: BinanceWebSocketApiManager.set_heartbeat(490b7317-6f75-4460-aaca-2724c020a7b2)
2021-04-19 20:43:53,284 [DEBUG   ] 16088 16752 protocol: client > Frame(fin=True, opcode=1, data=b'{"method":"SUBSCRIBE","params":["btcusdt@kline_15","ethusdt@kline_5","ethusdt@kline_1","ethusdt@kline_15","btcusdt@kline_1","btcusdt@kline_5"],"id":1}', rsv1=False, rsv2=False, rsv3=False)
2021-04-19 20:43:53,642 [DEBUG   ] 16088 16752 unicorn_binance_websocket_api_manager: BinanceWebSocketApiManager.set_heartbeat(490b7317-6f75-4460-aaca-2724c020a7b2)
2021-04-19 20:43:53,667 [DEBUG   ] 16088 16752 protocol: client - event = data_received(<24 bytes>)
2021-04-19 20:43:53,667 [DEBUG   ] 16088 16752 protocol: client < Frame(fin=True, opcode=1, data=b'{"result":null,"id":1}', rsv1=False, rsv2=False, rsv3=False)
2021-04-19 20:43:53,667 [DEBUG   ] 16088 16752 unicorn_fy: UnicornFy->binance_websocket({"result":null,"id":1})
2021-04-19 20:43:53,667 [DEBUG   ] 16088 16752 unicorn_fy: UnicornFy->binance_websocket({'result': None, 'id': 1, 'unicorn_fied': ['binance.com', '0.11.0']}, binance.com
2021-04-19 20:43:53,671 [INFO    ] 16088 16752 unicorn_binance_websocket_api_socket: BinanceWebSocketApiSocket.start_socket(490b7317-6f75-4460-aaca-2724c020a7b2) - Received result message: {"result":null,"id":1}
2021-04-19 20:43:53,671 [DEBUG   ] 16088 16752 unicorn_binance_websocket_api_manager: BinanceWebSocketApiManager.is_stop_request(490b7317-6f75-4460-aaca-2724c020a7b2)
2021-04-19 20:43:53,671 [DEBUG   ] 16088 16752 unicorn_binance_websocket_api_manager: BinanceWebSocketApiManager.is_stop_as_crash_request(490b7317-6f75-4460-aaca-2724c020a7b2)
2021-04-19 20:43:53,671 [DEBUG   ] 16088 16752 unicorn_binance_websocket_api_manager: BinanceWebSocketApiManager.set_heartbeat(490b7317-6f75-4460-aaca-2724c020a7b2)
2021-04-19 20:43:54,079 [INFO    ] 16088 9528 unicorn_binance_websocket_api_manager: BinanceWebSocketApiManager._frequent_checks() - reached new `highest_receiving_speed` 71 B/s at 2021-04-19, 23:43:54 UTC
2021-04-19 20:44:13,651 [DEBUG   ] 16088 16752 protocol: client > Frame(fin=True, opcode=9, data=b's\x04z\\', rsv1=False, rsv2=False, rsv3=False)
2021-04-19 20:44:14,093 [DEBUG   ] 16088 16752 protocol: client - event = data_received(<6 bytes>)
2021-04-19 20:44:14,093 [DEBUG   ] 16088 16752 protocol: client < Frame(fin=True, opcode=10, data=b's\x04z\\', rsv1=False, rsv2=False, rsv3=False)
2021-04-19 20:44:14,093 [DEBUG   ] 16088 16752 protocol: client - received solicited pong: 73047a5c
2021-04-19 20:44:34,093 [DEBUG   ] 16088 16752 protocol: client > Frame(fin=True, opcode=9, data=b'\xf7{\x9a6', rsv1=False, rsv2=False, rsv3=False)
2021-04-19 20:44:34,450 [DEBUG   ] 16088 16752 protocol: client - event = data_received(<6 bytes>)
2021-04-19 20:44:34,450 [DEBUG   ] 16088 16752 protocol: client < Frame(fin=True, opcode=10, data=b'\xf7{\x9a6', rsv1=False, rsv2=False, rsv3=False)
2021-04-19 20:44:34,450 [DEBUG   ] 16088 16752 protocol: client - received solicited pong: f77b9a36
2021-04-19 20:44:54,457 [DEBUG   ] 16088 16752 protocol: client > Frame(fin=True, opcode=9, data=b'f\xe0\xe3\xb9', rsv1=False, rsv2=False, rsv3=False)
2021-04-19 20:44:54,822 [DEBUG   ] 16088 16752 protocol: client - event = data_received(<6 bytes>)
2021-04-19 20:44:54,822 [DEBUG   ] 16088 16752 protocol: client < Frame(fin=True, opcode=10, data=b'f\xe0\xe3\xb9', rsv1=False, rsv2=False, rsv3=False)
2021-04-19 20:44:54,822 [DEBUG   ] 16088 16752 protocol: client - received solicited pong: 66e0e3b9
2021-04-19 20:45:14,827 [DEBUG   ] 16088 16752 protocol: client > Frame(fin=True, opcode=9, data=b'\xd8k\x05o', rsv1=False, rsv2=False, rsv3=False)
2021-04-19 20:45:15,188 [DEBUG   ] 16088 16752 protocol: client - event = data_received(<6 bytes>)
2021-04-19 20:45:15,189 [DEBUG   ] 16088 16752 protocol: client < Frame(fin=True, opcode=10, data=b'\xd8k\x05o', rsv1=False, rsv2=False, rsv3=False)
2021-04-19 20:45:15,189 [DEBUG   ] 16088 16752 protocol: client - received solicited pong: d86b056f
2021-04-19 20:45:32,787 [DEBUG   ] 16088 16752 protocol: client - event = data_received(<15 bytes>)
2021-04-19 20:45:32,787 [DEBUG   ] 16088 16752 protocol: client < Frame(fin=True, opcode=9, data=b'1618865145526', rsv1=False, rsv2=False, rsv3=False)
2021-04-19 20:45:32,787 [DEBUG   ] 16088 16752 protocol: client - received ping, sending pong: 31363138383635313435353236
2021-04-19 20:45:32,788 [DEBUG   ] 16088 16752 protocol: client > Frame(fin=True, opcode=10, data=b'1618865145526', rsv1=False, rsv2=False, rsv3=False)
2021-04-19 20:45:35,204 [DEBUG   ] 16088 16752 protocol: client > Frame(fin=True, opcode=9, data=b'\xd8kr\x92', rsv1=False, rsv2=False, rsv3=False)
2021-04-19 20:45:35,642 [DEBUG   ] 16088 16752 protocol: client - event = data_received(<6 bytes>)
2021-04-19 20:45:35,642 [DEBUG   ] 16088 16752 protocol: client < Frame(fin=True, opcode=10, data=b'\xd8kr\x92', rsv1=False, rsv2=False, rsv3=False)
2021-04-19 20:45:35,642 [DEBUG   ] 16088 16752 protocol: client - received solicited pong: d86b7292
2021-04-19 20:45:38,346 [INFO    ] 16088 2324 unicorn_binance_websocket_api_manager: BinanceWebSocketApiManager.stop_stream(490b7317-6f75-4460-aaca-2724c020a7b2)
2021-04-19 20:45:55,652 [DEBUG   ] 16088 16752 protocol: client > Frame(fin=True, opcode=9, data=b'!\xff\xbf\x81', rsv1=False, rsv2=False, rsv3=False)
2021-04-19 20:45:56,086 [DEBUG   ] 16088 16752 protocol: client - event = data_received(<6 bytes>)
2021-04-19 20:45:56,086 [DEBUG   ] 16088 16752 protocol: client < Frame(fin=True, opcode=10, data=b'!\xff\xbf\x81', rsv1=False, rsv2=False, rsv3=False)
2021-04-19 20:45:56,086 [DEBUG   ] 16088 16752 protocol: client - received solicited pong: 21ffbf81
2021-04-19 20:46:16,101 [DEBUG   ] 16088 16752 protocol: client > Frame(fin=True, opcode=9, data=b'H\xc3F~', rsv1=False, rsv2=False, rsv3=False)
2021-04-19 20:46:16,466 [DEBUG   ] 16088 16752 protocol: client - event = data_received(<6 bytes>)
2021-04-19 20:46:16,466 [DEBUG   ] 16088 16752 protocol: client < Frame(fin=True, opcode=10, data=b'H\xc3F~', rsv1=False, rsv2=False, rsv3=False)
2021-04-19 20:46:16,466 [DEBUG   ] 16088 16752 protocol: client - received solicited pong: 48c3467e
2021-04-19 20:46:36,479 [DEBUG   ] 16088 16752 protocol: client > Frame(fin=True, opcode=9, data=b'\x9e`\x0c\xde', rsv1=False, rsv2=False, rsv3=False)
2021-04-19 20:46:36,843 [DEBUG   ] 16088 16752 protocol: client - event = data_received(<6 bytes>)
2021-04-19 20:46:36,843 [DEBUG   ] 16088 16752 protocol: client < Frame(fin=True, opcode=10, data=b'\x9e`\x0c\xde', rsv1=False, rsv2=False, rsv3=False)
2021-04-19 20:46:36,843 [DEBUG   ] 16088 16752 protocol: client - received solicited pong: 9e600cde
2021-04-19 20:46:56,858 [DEBUG   ] 16088 16752 protocol: client > Frame(fin=True, opcode=9, data=b'\xb5\x14\xb8\xd2', rsv1=False, rsv2=False, rsv3=False)
2021-04-19 20:46:57,215 [DEBUG   ] 16088 16752 protocol: client - event = data_received(<6 bytes>)
2021-04-19 20:46:57,215 [DEBUG   ] 16088 16752 protocol: client < Frame(fin=True, opcode=10, data=b'\xb5\x14\xb8\xd2', rsv1=False, rsv2=False, rsv3=False)
2021-04-19 20:46:57,215 [DEBUG   ] 16088 16752 protocol: client - received solicited pong: b514b8d2
2021-04-19 20:47:17,230 [DEBUG   ] 16088 16752 protocol: client > Frame(fin=True, opcode=9, data=b'\xdf\x82\xd43', rsv1=False, rsv2=False, rsv3=False)
2021-04-19 20:47:17,586 [DEBUG   ] 16088 16752 protocol: client - event = data_received(<6 bytes>)
2021-04-19 20:47:17,587 [DEBUG   ] 16088 16752 protocol: client < Frame(fin=True, opcode=10, data=b'\xdf\x82\xd43', rsv1=False, rsv2=False, rsv3=False)
2021-04-19 20:47:17,587 [DEBUG   ] 16088 16752 protocol: client - received solicited pong: df82d433
