2021-07-27 16:51:18,267 ENTRY: E:307.0 at t:2021-07-27T16:51:18.218443776
2021-07-27 16:52:08,748 STOPLOSS: Δabs: -5.000000000001137; Δ%: -1.6286644951143767%; cumulative profit: -1.6286644951143767%
2021-07-27 16:52:09,782 ENTRY: E:306.93 at t:2021-07-27T16:52:09.749737984
2021-07-27 16:52:24,261 STOPLOSS: Δabs: -1.999999999998181; Δ%: -0.6516143746125113%; cumulative profit: -2.280278869726888%
2021-07-27 16:52:25,298 ENTRY: E:306.91 at t:2021-07-27T16:52:25.263227648
2021-07-27 16:53:16,707 PROFIT: Δabs: 15.999999999996817; Δ%: 5.213254700073904%; cumulative profit: 2.932975830347016%
2021-07-27 16:53:21,812 ENTRY: E:307.01 at t:2021-07-27T16:53:21.782391040
2021-07-27 16:55:15,993 STOPLOSS: Δabs: -1.999999999998181; Δ%: -0.6514445783519043%; cumulative profit: 2.2815312519951116%
2021-07-27 16:55:21,110 ENTRY: E:306.97 at t:2021-07-27T16:55:21.095977984
2021-07-27 16:56:23,750 STOPLOSS: Δabs: -8.000000000004093; Δ%: -2.6061178616816276%; cumulative profit: -0.324586609686516%
2021-07-27 16:56:25,789 ENTRY: E:306.88 at t:2021-07-27T16:56:25.770404352
2021-07-27 16:56:35,018 PROFIT: Δabs: 18.000000000000682; Δ%: 5.865484880083643%; cumulative profit: 5.540898270397127%
2021-07-27 16:56:55,489 ENTRY: E:307.15 at t:2021-07-27T16:56:55.462115584
2021-07-27 16:56:59,600 STOPLOSS: Δabs: -4.9999999999954525; Δ%: -1.6278691193213262%; cumulative profit: 3.913029151075801%
2021-07-27 16:57:00,619 ENTRY: E:307.09 at t:2021-07-27T16:57:00.602989568
2021-07-27 16:57:03,689 STOPLOSS: Δabs: -1.999999999998181; Δ%: -0.6512748705585272%; cumulative profit: 3.261754280517274%
2021-07-27 16:57:04,717 ENTRY: E:307.06 at t:2021-07-27T16:57:04.690434048
2021-07-27 16:57:31,348 STOPLOSS: Δabs: -4.000000000002046; Δ%: -1.3026770012382096%; cumulative profit: 1.9590772792790645%
2021-07-27 16:57:32,376 ENTRY: E:307.05 at t:2021-07-27T16:57:32.349577984
2021-07-27 16:57:33,409 STOPLOSS: Δabs: -5.000000000001137; Δ%: -1.6283992835046854%; cumulative profit: 0.33067799577437906%
2021-07-27 16:57:34,427 ENTRY: E:307.0 at t:2021-07-27T16:57:34.410436096
2021-07-27 16:59:20,436 STOPLOSS: Δabs: -18.999999999999773; Δ%: -6.188925081433151%; cumulative profit: -5.858247085658772%
2021-07-27 16:59:21,473 ENTRY: E:306.81 at t:2021-07-27T16:59:21.437117184
2021-07-27 17:02:00,672 STOPLOSS: Δabs: -5.000000000001137; Δ%: -1.6296730875790022%; cumulative profit: -7.487920173237774%
2021-07-27 17:02:01,697 ENTRY: E:306.81 at t:2021-07-27T17:02:01.673748224
2021-07-27 17:02:10,022 PROFIT: Δabs: 16.0000000000025; Δ%: 5.214953880252436%; cumulative profit: -2.2729662929853385%
2021-07-27 17:02:21,328 ENTRY: E:306.89 at t:2021-07-27T17:02:21.312588544
2021-07-27 17:02:33,656 STOPLOSS: Δabs: -6.999999999999318; Δ%: -2.280947570790615%; cumulative profit: -4.5539138637759535%
2021-07-27 17:02:34,672 ENTRY: E:306.82 at t:2021-07-27T17:02:34.658291200
2021-07-27 17:02:49,092 STOPLOSS: Δabs: -8.999999999997499; Δ%: -2.933315950719477%; cumulative profit: -7.48722981449543%
2021-07-27 17:02:50,108 ENTRY: E:306.67 at t:2021-07-27T17:02:50.093726464
2021-07-27 17:02:51,136 STOPLOSS: Δabs: -3.000000000002956; Δ%: -0.9782502364114376%; cumulative profit: -8.465480050906868%
2021-07-27 17:02:52,163 ENTRY: E:306.62 at t:2021-07-27T17:02:52.137078016
2021-07-27 17:02:56,277 STOPLOSS: Δabs: -1.999999999998181; Δ%: -0.6522731720038423%; cumulative profit: -9.117753222910709%
2021-07-27 17:02:57,294 ENTRY: E:306.61 at t:2021-07-27T17:02:57.279176960
2021-07-27 17:03:01,417 STOPLOSS: Δabs: -2.0000000000038654; Δ%: -0.6522944457140554%; cumulative profit: -9.770047668624764%
2021-07-27 17:03:46,659 ENTRY: E:306.69 at t:2021-07-27T17:03:46.643531008
2021-07-27 17:03:50,785 STOPLOSS: Δabs: -4.000000000002046; Δ%: -1.3042485897818794%; cumulative profit: -11.074296258406644%
2021-07-27 17:03:51,801 ENTRY: E:306.68 at t:2021-07-27T17:03:51.786517504
2021-07-27 17:03:58,964 STOPLOSS: Δabs: -6.999999999999318; Δ%: -2.282509456110381%; cumulative profit: -13.356805714517025%
2021-07-27 17:03:59,999 ENTRY: E:306.61 at t:2021-07-27T17:03:59.966262528
2021-07-27 17:04:45,374 PROFIT: Δabs: 15.999999999996817; Δ%: 5.21835556570132%; cumulative profit: -8.138450148815703%
2021-07-27 17:04:50,485 ENTRY: E:306.78 at t:2021-07-27T17:04:50.467192832
2021-07-27 17:04:53,584 STOPLOSS: Δabs: -8.999999999997499; Δ%: -2.9336984158020405%; cumulative profit: -11.072148564617745%
2021-07-27 17:04:54,601 ENTRY: E:306.69 at t:2021-07-27T17:04:54.585684224
2021-07-27 17:05:26,392 STOPLOSS: Δabs: -2.9999999999972715; Δ%: -0.9781864423350196%; cumulative profit: -12.050335006952764%
2021-07-27 17:05:27,418 ENTRY: E:306.67 at t:2021-07-27T17:05:27.393843200
2021-07-27 17:05:32,651 STOPLOSS: Δabs: -2.0000000000038654; Δ%: -0.6521668242749097%; cumulative profit: -12.702501831227673%
2021-07-27 17:05:33,682 ENTRY: E:306.59 at t:2021-07-27T17:05:33.652632320
2021-07-27 17:05:36,792 STOPLOSS: Δabs: -1.999999999998181; Δ%: -0.6523369972922082%; cumulative profit: -13.354838828519881%
2021-07-27 17:05:37,823 ENTRY: E:306.57 at t:2021-07-27T17:05:37.793673728
2021-07-27 17:05:52,271 STOPLOSS: Δabs: -7.999999999998408; Δ%: -2.6095182176985383%; cumulative profit: -15.964357046218419%
2021-07-27 17:05:54,381 ENTRY: E:306.48 at t:2021-07-27T17:05:54.306137088
2021-07-27 17:06:09,764 STOPLOSS: Δabs: -4.000000000002046; Δ%: -1.3051422605070628%; cumulative profit: -17.269499306725482%
2021-07-27 17:06:11,800 ENTRY: E:306.46 at t:2021-07-27T17:06:11.783654656
2021-07-27 17:06:12,839 STOPLOSS: Δabs: -13.999999999998636; Δ%: -4.568296025582012%; cumulative profit: -21.837795332307493%
2021-07-27 17:06:13,877 ENTRY: E:306.3 at t:2021-07-27T17:06:13.840402944
2021-07-27 17:06:16,992 STOPLOSS: Δabs: -6.999999999999318; Δ%: -2.2853411687885465%; cumulative profit: -24.12313650109604%
2021-07-27 17:06:18,023 ENTRY: E:306.24 at t:2021-07-27T17:06:18.006184192
2021-07-27 17:06:48,692 PROFIT: Δabs: 15.999999999996817; Δ%: 5.224660397073151%; cumulative profit: -18.89847610402289%
2021-07-27 17:06:58,009 ENTRY: E:306.33 at t:2021-07-27T17:06:57.967129856
2021-07-27 17:06:59,052 STOPLOSS: Δabs: -1.999999999998181; Δ%: -0.6528906734561359%; cumulative profit: -19.551366777479025%
2021-07-27 17:07:00,117 ENTRY: E:306.32 at t:2021-07-27T17:07:00.054087168
2021-07-27 17:07:01,199 STOPLOSS: Δabs: -1.999999999998181; Δ%: -0.652911987463496%; cumulative profit: -20.204278764942522%
2021-07-27 17:07:02,235 ENTRY: E:306.3 at t:2021-07-27T17:07:02.200966656
2021-07-27 17:07:20,979 STOPLOSS: Δabs: -5.000000000001137; Δ%: -1.6323865491352063%; cumulative profit: -21.836665314077727%
2021-07-27 17:07:22,050 ENTRY: E:306.25 at t:2021-07-27T17:07:21.980581888
2021-07-27 17:07:23,080 STOPLOSS: Δabs: -5.000000000001137; Δ%: -1.632653061224861%; cumulative profit: -23.46931837530259%
2021-07-27 17:07:24,135 ENTRY: E:306.16 at t:2021-07-27T17:07:24.081891840
2021-07-27 17:07:25,201 STOPLOSS: Δabs: -13.00000000000523; Δ%: -4.246145806116157%; cumulative profit: -27.715464181418746%
2021-07-27 17:07:26,249 ENTRY: E:306.04 at t:2021-07-27T17:07:26.203035648
2021-07-27 17:07:27,285 STOPLOSS: Δabs: -4.000000000002046; Δ%: -1.3070186903679406%; cumulative profit: -29.022482871786686%
2021-07-27 17:07:28,342 ENTRY: E:305.91 at t:2021-07-27T17:07:28.287232000
2021-07-27 17:07:29,369 STOPLOSS: Δabs: -7.000000000005002; Δ%: -2.2882547154408166%; cumulative profit: -31.310737587227504%
2021-07-27 17:07:30,398 ENTRY: E:305.89 at t:2021-07-27T17:07:30.371988224
2021-07-27 17:07:31,441 STOPLOSS: Δabs: -1.999999999998181; Δ%: -0.6538298081003566%; cumulative profit: -31.96456739532786%
2021-07-27 17:07:32,493 ENTRY: E:305.79 at t:2021-07-27T17:07:32.443544576
2021-07-27 17:07:33,543 STOPLOSS: Δabs: -5.000000000001137; Δ%: -1.635109061774792%; cumulative profit: -33.59967645710265%
2021-07-27 17:07:34,586 ENTRY: E:305.72 at t:2021-07-27T17:07:34.543697408
2021-07-27 17:07:46,067 STOPLOSS: Δabs: -3.000000000002956; Δ%: -0.981290069345465%; cumulative profit: -34.580966526448115%
2021-07-27 17:08:30,475 ENTRY: E:306.06 at t:2021-07-27T17:08:30.447267840
2021-07-27 17:08:34,553 STOPLOSS: Δabs: -5.000000000001137; Δ%: -1.633666601320374%; cumulative profit: -36.21463312776849%
2021-07-27 17:08:35,582 ENTRY: E:306.01 at t:2021-07-27T17:08:35.555724288
2021-07-27 17:08:38,682 STOPLOSS: Δabs: -5.000000000001137; Δ%: -1.6339335315843067%; cumulative profit: -37.84856665935279%
2021-07-27 17:08:39,744 ENTRY: E:305.92 at t:2021-07-27T17:08:39.685042176
2021-07-27 17:08:40,815 STOPLOSS: Δabs: -2.0000000000038654; Δ%: -0.6537656903778325%; cumulative profit: -38.50233234973062%
2021-07-27 17:08:41,926 ENTRY: E:305.84 at t:2021-07-27T17:08:41.880561920
2021-07-27 17:08:50,224 PROFIT: Δabs: 17.00000000000159; Δ%: 5.558461940884643%; cumulative profit: -32.94387040884598%
2021-07-27 17:09:27,852 ENTRY: E:306.48 at t:2021-07-27T17:09:27.790210304
2021-07-27 17:09:28,894 STOPLOSS: Δabs: -2.0000000000038654; Δ%: -0.6525711302544587%; cumulative profit: -33.59644153910044%
2021-07-27 17:09:29,942 ENTRY: E:306.46 at t:2021-07-27T17:09:29.896233728
2021-07-27 17:09:37,399 PROFIT: Δabs: 18.000000000000682; Δ%: 5.8735234614633836%; cumulative profit: -27.722918077637054%
2021-07-27 17:09:48,962 ENTRY: E:306.63 at t:2021-07-27T17:09:48.926740992
2021-07-27 17:10:01,241 PROFIT: Δabs: 17.00000000000159; Δ%: 5.544141147311611%; cumulative profit: -22.178776930325444%
2021-07-27 17:10:11,386 ENTRY: E:306.8 at t:2021-07-27T17:10:11.372396032
2021-07-27 17:10:20,692 PROFIT: Δabs: 15.999999999996817; Δ%: 5.2151238591906175%; cumulative profit: -16.96365307113483%
2021-07-27 17:10:23,830 ENTRY: E:306.85 at t:2021-07-27T17:10:23.767303424
2021-07-27 17:10:25,946 STOPLOSS: Δabs: -3.000000000002956; Δ%: -0.9776763891161661%; cumulative profit: -17.941329460250994%
2021-07-27 17:10:27,018 ENTRY: E:306.82 at t:2021-07-27T17:10:26.949525248
2021-07-27 17:10:28,060 STOPLOSS: Δabs: -6.999999999999318; Δ%: -2.2814679616711158%; cumulative profit: -20.22279742192211%
2021-07-27 17:10:29,108 ENTRY: E:306.75 at t:2021-07-27T17:10:29.062357504
2021-07-27 17:10:31,209 STOPLOSS: Δabs: -7.999999999998408; Δ%: -2.607986960064681%; cumulative profit: -22.830784381986792%
2021-07-27 17:10:32,285 ENTRY: E:306.76 at t:2021-07-27T17:10:32.213539840
2021-07-27 17:10:34,391 STOPLOSS: Δabs: -5.000000000001137; Δ%: -1.6299387143047128%; cumulative profit: -24.460723096291506%
2021-07-27 17:10:35,454 ENTRY: E:306.66 at t:2021-07-27T17:10:35.393677824
2021-07-27 17:10:41,759 STOPLOSS: Δabs: -2.0000000000038654; Δ%: -0.6521880910467179%; cumulative profit: -25.112911187338224%
2021-07-27 17:10:42,805 ENTRY: E:306.65 at t:2021-07-27T17:10:42.760356864
2021-07-27 17:10:49,060 STOPLOSS: Δabs: -4.9999999999954525; Δ%: -1.6305233980092786%; cumulative profit: -26.7434345853475%
2021-07-27 17:10:51,186 ENTRY: E:306.6 at t:2021-07-27T17:10:51.117161984
2021-07-27 17:10:55,350 STOPLOSS: Δabs: -2.0000000000038654; Δ%: -0.6523157208101321%; cumulative profit: -27.395750306157634%
2021-07-27 17:10:56,381 ENTRY: E:306.59 at t:2021-07-27T17:10:56.350503424
2021-07-27 17:10:58,493 STOPLOSS: Δabs: -10.99999999999568; Δ%: -3.587853485108999%; cumulative profit: -30.98360379126663%
2021-07-27 17:10:59,596 ENTRY: E:306.47 at t:2021-07-27T17:10:59.497121536
2021-07-27 17:11:24,017 PROFIT: Δabs: 16.999999999995907; Δ%: 5.54703559891536%; cumulative profit: -25.43656819235127%
2021-07-27 17:11:44,720 ENTRY: E:306.91 at t:2021-07-27T17:11:44.689958656
2021-07-27 17:12:21,313 PROFIT: Δabs: 16.999999999995907; Δ%: 5.53908311882829%; cumulative profit: -19.89748507352298%
2021-07-27 17:12:44,087 ENTRY: E:307.19 at t:2021-07-27T17:12:44.046178304
2021-07-27 17:12:48,167 STOPLOSS: Δabs: -1.999999999998181; Δ%: -0.6510628601185524%; cumulative profit: -20.548547933641533%
2021-07-27 17:12:49,195 ENTRY: E:307.17 at t:2021-07-27T17:12:49.168659200
2021-07-27 17:12:53,277 STOPLOSS: Δabs: -6.000000000000227; Δ%: -1.9533157534916257%; cumulative profit: -22.50186368713316%
2021-07-27 17:12:54,299 ENTRY: E:307.06 at t:2021-07-27T17:12:54.278776576
2021-07-27 17:12:58,397 STOPLOSS: Δabs: -1.999999999998181; Δ%: -0.6513385006181792%; cumulative profit: -23.15320218775134%
2021-07-27 17:12:59,412 ENTRY: E:307.04 at t:2021-07-27T17:12:59.399307520
2021-07-27 17:13:14,740 PROFIT: Δabs: 28.999999999996362; Δ%: 9.445023449712208%; cumulative profit: -13.708178738039132%
2021-07-27 17:13:28,230 ENTRY: E:307.17 at t:2021-07-27T17:13:28.169676800
2021-07-27 17:13:58,361 PROFIT: Δabs: 15.999999999996817; Δ%: 5.208842009309768%; cumulative profit: -8.499336728729364%
2021-07-27 17:14:34,904 ENTRY: E:307.53 at t:2021-07-27T17:14:34.855617792
2021-07-27 17:14:41,189 PROFIT: Δabs: 23.00000000000182; Δ%: 7.478945143563822%; cumulative profit: -1.0203915851655427%
2021-07-27 17:14:51,802 ENTRY: E:307.77 at t:2021-07-27T17:14:51.779751424
2021-07-27 17:14:58,153 STOPLOSS: Δabs: -1.999999999998181; Δ%: -0.6498359164305102%; cumulative profit: -1.6702275015960528%
2021-07-27 17:14:59,172 ENTRY: E:307.69 at t:2021-07-27T17:14:59.155992320
2021-07-27 17:15:08,808 STOPLOSS: Δabs: -2.9999999999972715; Δ%: -0.9750073125539573%; cumulative profit: -2.64523481415001%
2021-07-27 17:15:09,869 ENTRY: E:307.66 at t:2021-07-27T17:15:09.810088192
2021-07-27 17:15:11,960 PROFIT: Δabs: 20.999999999997954; Δ%: 6.825716700252861%; cumulative profit: 4.180481886102851%
2021-07-27 17:15:20,555 ENTRY: E:307.62 at t:2021-07-27T17:15:20.479803392
2021-07-27 17:15:29,115 STOPLOSS: Δabs: -5.000000000001137; Δ%: -1.6253819647620886%; cumulative profit: 2.555099921340762%
2021-07-27 17:15:30,216 ENTRY: E:307.51 at t:2021-07-27T17:15:30.121320704
2021-07-27 17:15:36,557 STOPLOSS: Δabs: -12.999999999999545; Δ%: -4.227504796591833%; cumulative profit: -1.672404875251071%
2021-07-27 17:15:37,608 ENTRY: E:307.4 at t:2021-07-27T17:15:37.569927936
2021-07-27 17:15:38,672 STOPLOSS: Δabs: -1.999999999998181; Δ%: -0.650618087182232%; cumulative profit: -2.3230229624333028%
2021-07-27 17:15:39,764 ENTRY: E:307.39 at t:2021-07-27T17:15:39.696080640
2021-07-27 17:15:43,103 PROFIT: Δabs: 17.00000000000159; Δ%: 5.530433651062687%; cumulative profit: 3.207410688629384%
2021-07-27 17:16:01,985 ENTRY: E:307.59 at t:2021-07-27T17:16:01.953570048
2021-07-27 17:16:07,116 STOPLOSS: Δabs: -12.999999999999545; Δ%: -4.226405279755371%; cumulative profit: -1.0189945911259866%
2021-07-27 17:16:08,139 ENTRY: E:307.45 at t:2021-07-27T17:16:08.117247488
2021-07-27 17:16:18,743 PROFIT: Δabs: 18.000000000000682; Δ%: 5.854610505773518%; cumulative profit: 4.835615914647532%
2021-07-27 17:16:31,870 ENTRY: E:307.52 at t:2021-07-27T17:16:31.807815424
2021-07-27 17:16:49,357 PROFIT: Δabs: 18.999999999999773; Δ%: 6.178459937564963%; cumulative profit: 11.014075852212494%
2021-07-27 17:17:22,647 ENTRY: E:307.88 at t:2021-07-27T17:17:22.602753024
2021-07-27 17:17:23,697 STOPLOSS: Δabs: -2.9999999999972715; Δ%: -0.9744056125754423%; cumulative profit: 10.039670239637053%
2021-07-27 17:17:24,744 ENTRY: E:307.92 at t:2021-07-27T17:17:24.699325184
2021-07-27 17:17:27,910 STOPLOSS: Δabs: -8.000000000004093; Δ%: -2.5980774227085255%; cumulative profit: 7.441592816928527%
2021-07-27 17:17:28,969 ENTRY: E:307.82 at t:2021-07-27T17:17:28.912239360
2021-07-27 17:17:37,388 PROFIT: Δabs: 16.0000000000025; Δ%: 5.197842895199305%; cumulative profit: 12.639435712127831%
2021-07-27 17:17:50,104 ENTRY: E:308.0 at t:2021-07-27T17:17:50.006995712
2021-07-27 17:17:53,247 STOPLOSS: Δabs: -5.000000000001137; Δ%: -1.6233766233769924%; cumulative profit: 11.016059088750838%
2021-07-27 17:17:54,315 ENTRY: E:307.93 at t:2021-07-27T17:17:54.248659712
2021-07-27 17:17:55,358 STOPLOSS: Δabs: -1.999999999998181; Δ%: -0.6494982625915567%; cumulative profit: 10.366560826159281%
2021-07-27 17:17:56,400 ENTRY: E:307.91 at t:2021-07-27T17:17:56.360473600
2021-07-27 17:18:01,636 STOPLOSS: Δabs: -4.000000000002046; Δ%: -1.2990809002637282%; cumulative profit: 9.067479925895553%
2021-07-27 17:18:02,700 ENTRY: E:307.83 at t:2021-07-27T17:18:02.648287232
2021-07-27 17:18:10,130 STOPLOSS: Δabs: -2.9999999999972715; Δ%: -0.9745638826616223%; cumulative profit: 8.09291604323393%
2021-07-27 17:18:11,172 ENTRY: E:307.8 at t:2021-07-27T17:18:11.132871168
2021-07-27 17:18:13,275 STOPLOSS: Δabs: -4.000000000002046; Δ%: -1.2995451591949467%; cumulative profit: 6.793370884038984%
2021-07-27 17:18:14,352 ENTRY: E:307.75 at t:2021-07-27T17:18:14.306712064
2021-07-27 17:18:15,396 STOPLOSS: Δabs: -1.999999999998181; Δ%: -0.6498781478466876%; cumulative profit: 6.143492736192296%
2021-07-27 17:18:16,437 ENTRY: E:307.71 at t:2021-07-27T17:18:16.399454208
2021-07-27 17:18:17,500 STOPLOSS: Δabs: -4.9999999999954525; Δ%: -1.6249065678708696%; cumulative profit: 4.518586168321426%
2021-07-27 17:18:18,561 ENTRY: E:307.65 at t:2021-07-27T17:18:18.502161408
2021-07-27 17:18:34,295 PROFIT: Δabs: 22.00000000000273; Δ%: 7.1509832601991645%; cumulative profit: 11.66956942852059%
2021-07-27 17:18:59,610 ENTRY: E:308.04 at t:2021-07-27T17:18:59.560378112
2021-07-27 17:19:10,085 STOPLOSS: Δabs: -9.000000000003183; Δ%: -2.9216984807178235%; cumulative profit: 8.747870947802767%
2021-07-27 17:19:11,136 ENTRY: E:307.96 at t:2021-07-27T17:19:11.086973440
2021-07-27 17:19:15,329 PROFIT: Δabs: 21.000000000003638; Δ%: 6.819067411353305%; cumulative profit: 15.566938359156072%
2021-07-27 17:19:24,747 ENTRY: E:308.11 at t:2021-07-27T17:19:24.693703680
2021-07-27 17:19:25,791 STOPLOSS: Δabs: -6.999999999999318; Δ%: -2.271915874200551%; cumulative profit: 13.29502248495552%
2021-07-27 17:19:26,837 ENTRY: E:308.04 at t:2021-07-27T17:19:26.793317888
2021-07-27 17:19:33,136 STOPLOSS: Δabs: -3.000000000002956; Δ%: -0.9738994935732228%; cumulative profit: 12.321122991382298%
2021-07-27 17:19:34,186 ENTRY: E:308.0 at t:2021-07-27T17:19:34.138514688
2021-07-27 17:19:45,742 STOPLOSS: Δabs: -4.000000000002046; Δ%: -1.298701298701963%; cumulative profit: 11.022421692680336%
2021-07-27 17:19:47,837 ENTRY: E:307.96 at t:2021-07-27T17:19:47.798459648
2021-07-27 17:19:52,032 STOPLOSS: Δabs: -4.9999999999954525; Δ%: -1.6235874788918863%; cumulative profit: 9.398834213788449%
2021-07-27 17:19:53,081 ENTRY: E:307.9 at t:2021-07-27T17:19:53.033626112
2021-07-27 17:20:22,022 PROFIT: Δabs: 16.0000000000025; Δ%: 5.196492367652648%; cumulative profit: 14.595326581441096%
2021-07-27 17:20:36,374 ENTRY: E:308.04 at t:2021-07-27T17:20:36.348610048
2021-07-27 17:20:38,436 STOPLOSS: Δabs: -4.000000000002046; Δ%: -1.2985326580970153%; cumulative profit: 13.296793923344081%
2021-07-27 17:20:39,458 ENTRY: E:308.0 at t:2021-07-27T17:20:39.438050560
2021-07-27 17:20:45,622 STOPLOSS: Δabs: -6.000000000000227; Δ%: -1.948051948052022%; cumulative profit: 11.348741975292059%
2021-07-27 17:20:46,671 ENTRY: E:307.92 at t:2021-07-27T17:20:46.623549696
2021-07-27 17:21:05,568 PROFIT: Δabs: 19.999999999998863; Δ%: 6.495193556767623%; cumulative profit: 17.84393553205968%
2021-07-27 17:21:21,038 ENTRY: E:308.14 at t:2021-07-27T17:21:21.017187584
2021-07-27 17:21:23,072 STOPLOSS: Δabs: -3.999999999996362; Δ%: -1.2981112481327843%; cumulative profit: 16.545824283926898%
2021-07-27 17:21:25,109 ENTRY: E:308.11 at t:2021-07-27T17:21:25.091660544
2021-07-27 17:21:33,316 STOPLOSS: Δabs: -3.000000000002956; Δ%: -0.9736782318012903%; cumulative profit: 15.572146052125607%
2021-07-27 17:21:34,338 ENTRY: E:308.05 at t:2021-07-27T17:21:34.322791424
2021-07-27 17:21:45,671 STOPLOSS: Δabs: -4.000000000002046; Δ%: -1.298490504788848%; cumulative profit: 14.273655547336759%
2021-07-27 17:21:46,695 ENTRY: E:308.0 at t:2021-07-27T17:21:46.672492800
2021-07-27 17:21:52,823 STOPLOSS: Δabs: -2.9999999999972715; Δ%: -0.9740259740250881%; cumulative profit: 13.299629573311671%
2021-07-27 17:21:53,840 ENTRY: E:307.95 at t:2021-07-27T17:21:53.825001984
2021-07-27 17:22:03,103 STOPLOSS: Δabs: -2.9999999999972715; Δ%: -0.974184120797945%; cumulative profit: 12.325445452513726%
2021-07-27 17:22:04,188 ENTRY: E:307.92 at t:2021-07-27T17:22:04.110960640
2021-07-27 17:22:17,823 STOPLOSS: Δabs: -2.0000000000038654; Δ%: -0.6495193556780544%; cumulative profit: 11.675926096835672%
2021-07-27 17:22:18,906 ENTRY: E:307.91 at t:2021-07-27T17:22:18.823598080
2021-07-27 17:22:21,990 STOPLOSS: Δabs: -6.000000000000227; Δ%: -1.9486213503946697%; cumulative profit: 9.727304746441003%
2021-07-27 17:22:24,039 ENTRY: E:307.77 at t:2021-07-27T17:22:24.023892992
2021-07-27 17:22:25,054 STOPLOSS: Δabs: -1.999999999998181; Δ%: -0.6498359164305102%; cumulative profit: 9.077468830010494%
2021-07-27 17:22:26,070 ENTRY: E:307.76 at t:2021-07-27T17:22:26.055853824
2021-07-27 17:22:28,116 STOPLOSS: Δabs: -1.999999999998181; Δ%: -0.6498570314524893%; cumulative profit: 8.427611798558004%
2021-07-27 17:22:29,133 ENTRY: E:307.74 at t:2021-07-27T17:22:29.116878848
2021-07-27 17:22:34,274 STOPLOSS: Δabs: -1.999999999998181; Δ%: -0.6498992656132389%; cumulative profit: 7.777712532944766%
2021-07-27 17:22:35,324 ENTRY: E:307.7 at t:2021-07-27T17:22:35.300565248
2021-07-27 17:22:36,341 STOPLOSS: Δabs: -2.9999999999972715; Δ%: -0.974975625608473%; cumulative profit: 6.802736907336293%
2021-07-27 17:22:37,361 ENTRY: E:307.64 at t:2021-07-27T17:22:37.344974848
2021-07-27 17:22:41,436 STOPLOSS: Δabs: -1.999999999998181; Δ%: -0.6501105187876027%; cumulative profit: 6.15262638854869%
2021-07-27 17:22:42,491 ENTRY: E:307.56 at t:2021-07-27T17:22:42.439188736
2021-07-27 17:23:32,569 PROFIT: Δabs: 17.00000000000159; Δ%: 5.527376772012483%; cumulative profit: 11.680003160561172%
2021-07-27 17:23:50,244 ENTRY: E:307.83 at t:2021-07-27T17:23:50.206009344
2021-07-27 17:23:52,359 STOPLOSS: Δabs: -14.999999999997726; Δ%: -4.872819413311804%; cumulative profit: 6.807183747249368%
2021-07-27 17:23:53,466 ENTRY: E:307.68 at t:2021-07-27T17:23:53.388901632
2021-07-27 17:24:14,101 STOPLOSS: Δabs: -3.000000000002956; Δ%: -0.975039001561023%; cumulative profit: 5.832144745688345%
2021-07-27 17:24:15,150 ENTRY: E:307.62 at t:2021-07-27T17:24:15.130366976
