2021-07-27 16:51:16,786 ENTRY: E:2236.0 at t:2021-07-27T16:51:16.741847552
2021-07-27 16:51:36,332 STOPLOSS: Δabs: -11.999999999989086; Δ%: -0.5366726296953974%; cumulative profit: -0.5366726296953974%
2021-07-27 16:51:37,370 ENTRY: E:2235.88 at t:2021-07-27T16:51:37.333856000
2021-07-27 16:51:44,536 STOPLOSS: Δabs: -11.999999999989086; Δ%: -0.536701432992338%; cumulative profit: -1.0733740626877353%
2021-07-27 16:52:16,541 ENTRY: E:2235.88 at t:2021-07-27T16:52:16.523796736
2021-07-27 16:52:18,588 STOPLOSS: Δabs: -17.000000000007276; Δ%: -0.7603270300734957%; cumulative profit: -1.833701092761231%
2021-07-27 16:52:19,613 ENTRY: E:2235.68 at t:2021-07-27T16:52:19.589660672
2021-07-27 16:53:26,357 PROFIT: Δabs: 164.00000000003274; Δ%: 7.335575753239853%; cumulative profit: 5.501874660478622%
2021-07-27 16:53:42,668 ENTRY: E:2237.32 at t:2021-07-27T16:53:42.652287488
2021-07-27 16:53:43,683 STOPLOSS: Δabs: -15.000000000009095; Δ%: -0.6704449966928778%; cumulative profit: 4.831429663785745%
2021-07-27 16:53:44,699 ENTRY: E:2237.17 at t:2021-07-27T16:53:44.685044992
2021-07-27 16:53:58,010 STOPLOSS: Δabs: -13.000000000010914; Δ%: -0.5810912894420591%; cumulative profit: 4.250338374343685%
2021-07-27 16:53:59,045 ENTRY: E:2237.03 at t:2021-07-27T16:53:59.012897792
2021-07-27 16:54:08,222 STOPLOSS: Δabs: -38.000000000010914; Δ%: -1.6986808402216738%; cumulative profit: 2.551657534122011%
2021-07-27 16:54:09,251 ENTRY: E:2236.45 at t:2021-07-27T16:54:09.223803392
2021-07-27 16:54:14,362 STOPLOSS: Δabs: -13.999999999987267; Δ%: -0.625992085670919%; cumulative profit: 1.9256654484510922%
2021-07-27 16:54:15,378 ENTRY: E:2236.29 at t:2021-07-27T16:54:15.363744768
2021-07-27 16:54:17,414 STOPLOSS: Δabs: -13.999999999987267; Δ%: -0.626036873571284%; cumulative profit: 1.2996285748798082%
2021-07-27 16:54:18,449 ENTRY: E:2236.14 at t:2021-07-27T16:54:18.415620352
2021-07-27 16:55:01,798 PROFIT: Δabs: 115.0000000000091; Δ%: 5.1427907018348185%; cumulative profit: 6.442419276714626%
2021-07-27 16:55:09,025 ENTRY: E:2237.13 at t:2021-07-27T16:55:09.008510208
2021-07-27 16:55:10,041 STOPLOSS: Δabs: -14.000000000032742; Δ%: -0.6258018085686904%; cumulative profit: 5.816617468145936%
2021-07-27 16:55:11,069 ENTRY: E:2236.99 at t:2021-07-27T16:55:11.043077632
2021-07-27 16:55:17,184 STOPLOSS: Δabs: -21.99999999997999; Δ%: -0.9834643874125496%; cumulative profit: 4.8331530807333865%
2021-07-27 16:55:18,209 ENTRY: E:2236.77 at t:2021-07-27T16:55:18.185785344
2021-07-27 16:55:29,518 STOPLOSS: Δabs: -44.99999999998181; Δ%: -2.01182955779905%; cumulative profit: 2.8213235229343363%
2021-07-27 16:55:30,549 ENTRY: E:2236.32 at t:2021-07-27T16:55:30.519940096
2021-07-27 16:55:36,680 STOPLOSS: Δabs: -12.00000000003456; Δ%: -0.536595836017858%; cumulative profit: 2.2847276869164785%
2021-07-27 16:55:37,728 ENTRY: E:2236.16 at t:2021-07-27T16:55:37.682379264
2021-07-27 16:57:37,897 PROFIT: Δabs: 130.0000000000182; Δ%: 5.8135374928456915%; cumulative profit: 8.09826517976217%
2021-07-27 16:57:57,386 ENTRY: E:2239.1 at t:2021-07-27T16:57:57.347193088
2021-07-27 16:58:00,473 STOPLOSS: Δabs: -15.999999999985448; Δ%: -0.7145728194357308%; cumulative profit: 7.383692360326439%
2021-07-27 16:58:01,512 ENTRY: E:2238.94 at t:2021-07-27T16:58:01.475918592
2021-07-27 16:58:44,684 PROFIT: Δabs: 146.00000000000364; Δ%: 6.520942946215783%; cumulative profit: 13.904635306542222%
2021-07-27 16:58:56,109 ENTRY: E:2239.46 at t:2021-07-27T16:58:56.093687808
2021-07-27 16:58:59,187 STOPLOSS: Δabs: -72.00000000002547; Δ%: -3.2150607735804817%; cumulative profit: 10.689574532961739%
2021-07-27 16:59:00,204 ENTRY: E:2238.5 at t:2021-07-27T16:59:00.189172992
2021-07-27 16:59:08,497 STOPLOSS: Δabs: -11.999999999989086; Δ%: -0.5360732633455031%; cumulative profit: 10.153501269616235%
2021-07-27 16:59:09,529 ENTRY: E:2238.38 at t:2021-07-27T16:59:09.499613184
2021-07-27 17:00:45,941 STOPLOSS: Δabs: -67.00000000000728; Δ%: -2.9932361797374565%; cumulative profit: 7.160265089878779%
2021-07-27 17:00:47,998 ENTRY: E:2237.55 at t:2021-07-27T17:00:47.972508928
2021-07-27 17:00:51,078 STOPLOSS: Δabs: -22.000000000025466; Δ%: -0.9832182521072362%; cumulative profit: 6.177046837771543%
2021-07-27 17:00:52,097 ENTRY: E:2237.29 at t:2021-07-27T17:00:52.080496640
2021-07-27 17:00:59,239 STOPLOSS: Δabs: -19.99999999998181; Δ%: -0.8939386489897068%; cumulative profit: 5.283108188781836%
2021-07-27 17:01:00,255 ENTRY: E:2237.08 at t:2021-07-27T17:01:00.242676480
2021-07-27 17:01:08,441 STOPLOSS: Δabs: -11.999999999989086; Δ%: -0.5364135390772384%; cumulative profit: 4.746694649704597%
2021-07-27 17:02:05,073 ENTRY: E:2236.02 at t:2021-07-27T17:02:05.054991872
2021-07-27 17:04:20,124 STOPLOSS: Δabs: -17.000000000007276; Δ%: -0.7602794250501907%; cumulative profit: 3.9864152246544067%
2021-07-27 17:04:21,146 ENTRY: E:2235.84 at t:2021-07-27T17:04:21.125726464
2021-07-27 17:04:28,430 STOPLOSS: Δabs: -14.000000000032742; Δ%: -0.6261628739101519%; cumulative profit: 3.360252350744255%
2021-07-27 17:04:29,461 ENTRY: E:2235.7 at t:2021-07-27T17:04:29.432264192
2021-07-27 17:04:32,584 STOPLOSS: Δabs: -40.99999999998545; Δ%: -1.833877532763137%; cumulative profit: 1.526374817981118%
2021-07-27 17:04:33,625 ENTRY: E:2235.17 at t:2021-07-27T17:04:33.585648128
2021-07-27 17:04:37,798 STOPLOSS: Δabs: -15.999999999985448; Δ%: -0.7158292210429384%; cumulative profit: 0.8105455969381796%
2021-07-27 17:04:38,846 ENTRY: E:2235.01 at t:2021-07-27T17:04:38.800194304
2021-07-27 17:04:48,097 PROFIT: Δabs: 159.9999999999909; Δ%: 7.158804658591725%; cumulative profit: 7.969350255529905%
2021-07-27 17:05:02,546 ENTRY: E:2236.21 at t:2021-07-27T17:05:02.526993664
2021-07-27 17:05:15,929 STOPLOSS: Δabs: -17.000000000007276; Δ%: -0.7602148277669484%; cumulative profit: 7.2091354277629565%
2021-07-27 17:05:16,948 ENTRY: E:2236.02 at t:2021-07-27T17:05:16.930328832
2021-07-27 17:05:17,976 STOPLOSS: Δabs: -38.000000000010914; Δ%: -1.6994481265825399%; cumulative profit: 5.509687301180417%
2021-07-27 17:05:18,996 ENTRY: E:2235.58 at t:2021-07-27T17:05:18.978254080
2021-07-27 17:05:23,060 STOPLOSS: Δabs: -15.000000000009095; Δ%: -0.6709668184546782%; cumulative profit: 4.838720482725739%
2021-07-27 17:05:24,077 ENTRY: E:2235.43 at t:2021-07-27T17:05:24.060540928
2021-07-27 17:05:31,286 STOPLOSS: Δabs: -17.99999999998363; Δ%: -0.8052142093460153%; cumulative profit: 4.033506273379723%
2021-07-27 17:05:32,344 ENTRY: E:2235.24 at t:2021-07-27T17:05:32.287211520
2021-07-27 17:05:35,495 STOPLOSS: Δabs: -12.99999999996544; Δ%: -0.5815930280401854%; cumulative profit: 3.451913245339538%
2021-07-27 17:05:38,551 ENTRY: E:2234.18 at t:2021-07-27T17:05:38.530179584
2021-07-27 17:05:39,572 STOPLOSS: Δabs: -42.99999999998363; Δ%: -1.9246434933614855%; cumulative profit: 1.5272697519780523%
2021-07-27 17:05:40,595 ENTRY: E:2233.62 at t:2021-07-27T17:05:40.573469440
2021-07-27 17:06:03,200 STOPLOSS: Δabs: -34.999999999990905; Δ%: -1.5669630465339182%; cumulative profit: -0.0396932945558659%
2021-07-27 17:06:41,406 ENTRY: E:2234.87 at t:2021-07-27T17:06:41.391555328
2021-07-27 17:06:44,456 STOPLOSS: Δabs: -17.000000000007276; Δ%: -0.760670643035491%; cumulative profit: -0.8003639375913569%
2021-07-27 17:06:46,502 ENTRY: E:2234.62 at t:2021-07-27T17:06:46.485515264
2021-07-27 17:06:48,534 STOPLOSS: Δabs: -13.999999999987267; Δ%: -0.6265047301101426%; cumulative profit: -1.4268686677014997%
2021-07-27 17:06:49,584 ENTRY: E:2234.49 at t:2021-07-27T17:06:49.535947264
2021-07-27 17:06:54,776 STOPLOSS: Δabs: -29.999999999972715; Δ%: -1.342588241610959%; cumulative profit: -2.7694569093124586%
2021-07-27 17:06:55,811 ENTRY: E:2234.19 at t:2021-07-27T17:06:55.777005056
2021-07-27 17:07:04,181 STOPLOSS: Δabs: -49.00000000002365; Δ%: -2.193188582887921%; cumulative profit: -4.96264549220038%
2021-07-27 17:07:05,240 ENTRY: E:2233.71 at t:2021-07-27T17:07:05.183083264
2021-07-27 17:07:06,283 STOPLOSS: Δabs: -13.999999999987267; Δ%: -0.6267599643636492%; cumulative profit: -5.589405456564029%
2021-07-27 17:07:07,315 ENTRY: E:2233.57 at t:2021-07-27T17:07:07.284782336
2021-07-27 17:07:09,398 STOPLOSS: Δabs: -24.000000000023647; Δ%: -1.0745129993697822%; cumulative profit: -6.663918455933811%
2021-07-27 17:07:10,430 ENTRY: E:2233.31 at t:2021-07-27T17:07:10.400096512
2021-07-27 17:07:20,883 STOPLOSS: Δabs: -30.999999999994543; Δ%: -1.3880742037600935%; cumulative profit: -8.051992659693905%
2021-07-27 17:07:21,917 ENTRY: E:2233.0 at t:2021-07-27T17:07:21.885448960
2021-07-27 17:07:40,699 PROFIT: Δabs: 121.99999999997999; Δ%: 5.463502015225257%; cumulative profit: -2.5884906444686484%
2021-07-27 17:08:06,795 ENTRY: E:2234.65 at t:2021-07-27T17:08:06.767083520
2021-07-27 17:08:12,027 STOPLOSS: Δabs: -15.000000000009095; Δ%: -0.6712460564298255%; cumulative profit: -3.2597367008984737%
2021-07-27 17:08:13,075 ENTRY: E:2234.07 at t:2021-07-27T17:08:13.040375552
2021-07-27 17:08:14,104 STOPLOSS: Δabs: -44.00000000000546; Δ%: -1.9694996128145248%; cumulative profit: -5.229236313712999%
2021-07-27 17:08:15,120 ENTRY: E:2233.75 at t:2021-07-27T17:08:15.105270016
2021-07-27 17:08:17,175 STOPLOSS: Δabs: -15.000000000009095; Δ%: -0.671516508114565%; cumulative profit: -5.900752821827564%
2021-07-27 17:08:18,200 ENTRY: E:2233.6 at t:2021-07-27T17:08:18.183529984
2021-07-27 17:08:42,926 PROFIT: Δabs: 113.00000000001091; Δ%: 5.059097421203927%; cumulative profit: -0.8416554006236368%
2021-07-27 17:08:51,171 ENTRY: E:2234.33 at t:2021-07-27T17:08:51.138886656
2021-07-27 17:08:54,326 STOPLOSS: Δabs: -40.99999999998545; Δ%: -1.8350019916478517%; cumulative profit: -2.6766573922714887%
2021-07-27 17:08:55,372 ENTRY: E:2233.91 at t:2021-07-27T17:08:55.329128448
2021-07-27 17:08:58,469 STOPLOSS: Δabs: -21.99999999997999; Δ%: -0.9848203374343636%; cumulative profit: -3.6614777297058523%
2021-07-27 17:08:59,523 ENTRY: E:2233.78 at t:2021-07-27T17:08:59.470560000
2021-07-27 17:09:02,661 STOPLOSS: Δabs: -28.00000000002001; Δ%: -1.253480647155047%; cumulative profit: -4.914958376860899%
2021-07-27 17:09:03,698 ENTRY: E:2233.51 at t:2021-07-27T17:09:03.663039488
2021-07-27 17:09:07,864 STOPLOSS: Δabs: -25.0; Δ%: -1.1193144422903858%; cumulative profit: -6.034272819151285%
2021-07-27 17:09:08,902 ENTRY: E:2233.47 at t:2021-07-27T17:09:08.866109184
2021-07-27 17:09:16,255 STOPLOSS: Δabs: -23.00000000000182; Δ%: -1.029787729407685%; cumulative profit: -7.06406054855897%
2021-07-27 17:09:18,320 ENTRY: E:2233.18 at t:2021-07-27T17:09:18.290355712
2021-07-27 17:09:23,531 STOPLOSS: Δabs: -14.99999999996362; Δ%: -0.6716879069292946%; cumulative profit: -7.735748455488265%
2021-07-27 17:09:24,562 ENTRY: E:2232.54 at t:2021-07-27T17:09:24.533648128
2021-07-27 17:09:30,933 PROFIT: Δabs: 115.99999999998545; Δ%: 5.195875549821524%; cumulative profit: -2.5398729056667406%
2021-07-27 17:09:48,859 ENTRY: E:2233.3 at t:2021-07-27T17:09:48.843683840
2021-07-27 17:09:52,970 STOPLOSS: Δabs: -93.0000000000291; Δ%: -4.164241257333503%; cumulative profit: -6.704114163000243%
2021-07-27 17:09:54,007 ENTRY: E:2232.37 at t:2021-07-27T17:09:53.971773440
2021-07-27 17:09:57,057 STOPLOSS: Δabs: -15.999999999985448; Δ%: -0.716727065853127%; cumulative profit: -7.42084122885337%
2021-07-27 17:09:58,071 ENTRY: E:2232.21 at t:2021-07-27T17:09:58.058694400
2021-07-27 17:10:35,319 STOPLOSS: Δabs: -11.999999999989086; Δ%: -0.5375838294779204%; cumulative profit: -7.958425058331291%
2021-07-27 17:10:36,381 ENTRY: E:2232.09 at t:2021-07-27T17:10:36.321709568
2021-07-27 17:10:48,925 STOPLOSS: Δabs: -28.999999999996362; Δ%: -1.299230765784371%; cumulative profit: -9.257655824115663%
2021-07-27 17:10:50,007 ENTRY: E:2231.79 at t:2021-07-27T17:10:49.926874112
2021-07-27 17:10:52,128 STOPLOSS: Δabs: -11.999999999989086; Δ%: -0.5376849972438754%; cumulative profit: -9.795340821359538%
2021-07-27 17:10:53,185 ENTRY: E:2231.68 at t:2021-07-27T17:10:53.130232576
2021-07-27 17:11:00,572 STOPLOSS: Δabs: -11.999999999989086; Δ%: -0.5377114998561212%; cumulative profit: -10.333052321215659%
2021-07-27 17:11:16,437 ENTRY: E:2230.74 at t:2021-07-27T17:11:16.370595328
2021-07-27 17:11:18,598 STOPLOSS: Δabs: -98.99999999997817; Δ%: -4.437989187443547%; cumulative profit: -14.771041508659206%
2021-07-27 17:11:19,663 ENTRY: E:2228.73 at t:2021-07-27T17:11:19.600153344
2021-07-27 17:11:20,743 STOPLOSS: Δabs: -63.99999999998727; Δ%: -2.871590547082296%; cumulative profit: -17.6426320557415%
2021-07-27 17:11:21,825 ENTRY: E:2228.62 at t:2021-07-27T17:11:21.763083264
2021-07-27 17:11:25,082 STOPLOSS: Δabs: -25.0; Δ%: -1.1217704229523202%; cumulative profit: -18.76440247869382%
2021-07-27 17:11:26,165 ENTRY: E:2227.1 at t:2021-07-27T17:11:26.094706176
2021-07-27 17:11:27,188 STOPLOSS: Δabs: -25.999999999976353; Δ%: -1.1674374747418774%; cumulative profit: -19.9318399534357%
2021-07-27 17:11:28,224 ENTRY: E:2226.55 at t:2021-07-27T17:11:28.207662080
2021-07-27 17:11:33,387 PROFIT: Δabs: 133.99999999996908; Δ%: 6.018279400865422%; cumulative profit: -13.913560552570276%
2021-07-27 17:12:43,034 ENTRY: E:2228.31 at t:2021-07-27T17:12:43.004771584
2021-07-27 17:12:44,067 STOPLOSS: Δabs: -26.99999999999818; Δ%: -1.2116806009934966%; cumulative profit: -15.125241153563772%
2021-07-27 17:12:45,089 ENTRY: E:2227.59 at t:2021-07-27T17:12:45.068861440
2021-07-27 17:12:49,158 STOPLOSS: Δabs: -28.999999999996362; Δ%: -1.3018553683575684%; cumulative profit: -16.427096521921342%
2021-07-27 17:12:50,175 ENTRY: E:2227.31 at t:2021-07-27T17:12:50.160374528
2021-07-27 17:12:52,205 STOPLOSS: Δabs: -28.999999999996362; Δ%: -1.3020190274365204%; cumulative profit: -17.729115549357864%
2021-07-27 17:12:53,224 ENTRY: E:2227.22 at t:2021-07-27T17:12:53.207120896
2021-07-27 17:12:54,246 STOPLOSS: Δabs: -53.99999999999636; Δ%: -2.424547193361965%; cumulative profit: -20.15366274271983%
2021-07-27 17:12:55,267 ENTRY: E:2226.69 at t:2021-07-27T17:12:55.246961664
2021-07-27 17:12:56,295 STOPLOSS: Δabs: -63.000000000010914; Δ%: -2.829311668890187%; cumulative profit: -22.98297441161002%
2021-07-27 17:12:57,325 ENTRY: E:2226.06 at t:2021-07-27T17:12:57.297020160
2021-07-27 17:13:02,453 PROFIT: Δabs: 142.99999999998363; Δ%: 6.423905914484948%; cumulative profit: -16.55906849712507%
2021-07-27 17:13:32,498 ENTRY: E:2229.2 at t:2021-07-27T17:13:32.443654656
2021-07-27 17:13:34,579 STOPLOSS: Δabs: -27.999999999974534; Δ%: -1.2560559842084396%; cumulative profit: -17.815124481333513%
2021-07-27 17:13:35,598 ENTRY: E:2229.37 at t:2021-07-27T17:13:35.580876544
2021-07-27 17:13:39,691 STOPLOSS: Δabs: -26.99999999999818; Δ%: -1.211104482432175%; cumulative profit: -19.02622896376569%
2021-07-27 17:13:40,710 ENTRY: E:2229.1 at t:2021-07-27T17:13:40.692955904
2021-07-27 17:13:47,850 PROFIT: Δabs: 119.00000000000546; Δ%: 5.3384774124088406%; cumulative profit: -13.687751551356849%
2021-07-27 17:14:01,469 ENTRY: E:2230.25 at t:2021-07-27T17:14:01.442076672
2021-07-27 17:14:09,991 PROFIT: Δabs: 134.9999999999909; Δ%: 6.053133056831785%; cumulative profit: -7.634618494525063%
2021-07-27 17:14:27,494 ENTRY: E:2231.36 at t:2021-07-27T17:14:27.403672576
2021-07-27 17:14:35,874 PROFIT: Δabs: 112.99999999996544; Δ%: 5.064176107842995%; cumulative profit: -2.5704423866820685%
2021-07-27 17:14:41,203 ENTRY: E:2231.31 at t:2021-07-27T17:14:41.142553344
2021-07-27 17:14:42,232 PROFIT: Δabs: 157.99999999999272; Δ%: 7.081042078419975%; cumulative profit: 4.510599691737906%
2021-07-27 17:14:57,152 ENTRY: E:2232.58 at t:2021-07-27T17:14:57.113266944
2021-07-27 17:15:11,006 PROFIT: Δabs: 113.00000000001091; Δ%: 5.061408773706247%; cumulative profit: 9.572008465444153%
2021-07-27 17:15:16,172 ENTRY: E:2233.08 at t:2021-07-27T17:15:16.100846848
2021-07-27 17:15:19,432 STOPLOSS: Δabs: -75.0; Δ%: -3.358589929603955%; cumulative profit: 6.213418535840198%
2021-07-27 17:15:20,490 ENTRY: E:2232.17 at t:2021-07-27T17:15:20.433669888
2021-07-27 17:15:31,328 STOPLOSS: Δabs: -46.00000000000364; Δ%: -2.0607749409768807%; cumulative profit: 4.152643594863317%
2021-07-27 17:15:32,363 ENTRY: E:2231.71 at t:2021-07-27T17:15:32.338831872
2021-07-27 17:15:34,477 STOPLOSS: Δabs: -17.99999999998363; Δ%: -0.806556407417793%; cumulative profit: 3.3460871874455242%
2021-07-27 17:15:35,509 ENTRY: E:2231.32 at t:2021-07-27T17:15:35.479653632
2021-07-27 17:15:54,824 STOPLOSS: Δabs: -23.00000000000182; Δ%: -1.0307799867343912%; cumulative profit: 2.315307200711133%
2021-07-27 17:15:57,922 ENTRY: E:2230.84 at t:2021-07-27T17:15:57.903225600
2021-07-27 17:15:58,945 STOPLOSS: Δabs: -28.999999999996362; Δ%: -1.2999587599288325%; cumulative profit: 1.0153484407823004%
2021-07-27 17:15:59,968 ENTRY: E:2230.32 at t:2021-07-27T17:15:59.948552960
2021-07-27 17:16:25,309 PROFIT: Δabs: 148.99999999997817; Δ%: 6.680655690662244%; cumulative profit: 7.696004131444544%
2021-07-27 17:16:45,191 ENTRY: E:2232.84 at t:2021-07-27T17:16:45.172307200
2021-07-27 17:17:01,561 STOPLOSS: Δabs: -18.000000000029104; Δ%: -0.8061482237880502%; cumulative profit: 6.889855907656495%
2021-07-27 17:17:02,645 ENTRY: E:2232.67 at t:2021-07-27T17:17:02.563013376
2021-07-27 17:17:21,702 STOPLOSS: Δabs: -19.000000000005457; Δ%: -0.8509990280697756%; cumulative profit: 6.038856879586719%
2021-07-27 17:17:23,792 ENTRY: E:2232.48 at t:2021-07-27T17:17:23.746715392
2021-07-27 17:17:39,532 PROFIT: Δabs: 161.00000000001273; Δ%: 7.211710743209916%; cumulative profit: 13.250567622796634%
2021-07-27 17:17:56,314 ENTRY: E:2234.76 at t:2021-07-27T17:17:56.269423104
2021-07-27 17:17:57,370 STOPLOSS: Δabs: -37.00000000003456; Δ%: -1.655658773203143%; cumulative profit: 11.59490884959349%
2021-07-27 17:17:58,416 ENTRY: E:2234.39 at t:2021-07-27T17:17:58.372379648
2021-07-27 17:18:15,437 STOPLOSS: Δabs: -73.99999999997817; Δ%: -3.311865878381938%; cumulative profit: 8.283042971211554%
2021-07-27 17:18:16,498 ENTRY: E:2233.71 at t:2021-07-27T17:18:16.439026688
2021-07-27 17:18:19,650 STOPLOSS: Δabs: -38.000000000010914; Δ%: -1.7012056175605121%; cumulative profit: 6.581837353651042%
2021-07-27 17:18:20,700 ENTRY: E:2233.32 at t:2021-07-27T17:18:20.652588544
2021-07-27 17:18:44,936 STOPLOSS: Δabs: -18.000000000029104; Δ%: -0.8059749610458466%; cumulative profit: 5.7758623926051955%
2021-07-27 17:18:48,124 ENTRY: E:2232.88 at t:2021-07-27T17:18:48.076980480
2021-07-27 17:18:53,381 STOPLOSS: Δabs: -11.999999999989086; Δ%: -0.5374225215859825%; cumulative profit: 5.238439871019213%
2021-07-27 17:18:54,423 ENTRY: E:2232.77 at t:2021-07-27T17:18:54.382585344
2021-07-27 17:18:55,468 STOPLOSS: Δabs: -15.999999999985448; Δ%: -0.7165986644385874%; cumulative profit: 4.521841206580626%
2021-07-27 17:18:56,526 ENTRY: E:2232.35 at t:2021-07-27T17:18:56.470147584
2021-07-27 17:19:17,539 PROFIT: Δabs: 118.0000000000291; Δ%: 5.285909467602711%; cumulative profit: 9.807750674183337%
2021-07-27 17:19:50,151 ENTRY: E:2235.8 at t:2021-07-27T17:19:50.111857920
2021-07-27 17:19:53,277 STOPLOSS: Δabs: -41.00000000003092; Δ%: -1.8337955094387206%; cumulative profit: 7.973955164744616%
2021-07-27 17:19:54,322 ENTRY: E:2235.57 at t:2021-07-27T17:19:54.278842112
2021-07-27 17:20:22,157 PROFIT: Δabs: 121.99999999997999; Δ%: 5.457221200856157%; cumulative profit: 13.431176365600773%
2021-07-27 17:20:43,666 ENTRY: E:2238.02 at t:2021-07-27T17:20:43.627106048
2021-07-27 17:20:54,910 PROFIT: Δabs: 115.99999999998545; Δ%: 5.183152965567129%; cumulative profit: 18.6143293311679%
2021-07-27 17:21:15,830 ENTRY: E:2239.62 at t:2021-07-27T17:21:15.795648256
2021-07-27 17:21:17,921 STOPLOSS: Δabs: -25.999999999976353; Δ%: -1.1609112260104997%; cumulative profit: 17.453418105157404%
2021-07-27 17:21:18,972 ENTRY: E:2239.34 at t:2021-07-27T17:21:18.943083008
2021-07-27 17:21:22,082 PROFIT: Δabs: 177.99999999997453; Δ%: 7.948770619913659%; cumulative profit: 25.402188725071063%
2021-07-27 17:21:35,343 ENTRY: E:2240.49 at t:2021-07-27T17:21:35.323640576
2021-07-27 17:21:38,459 PROFIT: Δabs: 162.00000000003456; Δ%: 7.23056117188805%; cumulative profit: 32.63274989695911%
2021-07-27 17:21:39,485 ENTRY: E:2242.73 at t:2021-07-27T17:21:39.460419072
2021-07-27 17:21:40,524 STOPLOSS: Δabs: -19.99999999998181; Δ%: -0.8917702978058798%; cumulative profit: 31.74097959915323%
2021-07-27 17:21:49,725 ENTRY: E:2240.96 at t:2021-07-27T17:21:49.699768576
2021-07-27 17:21:58,941 STOPLOSS: Δabs: -21.000000000003638; Δ%: -0.9370983864059884%; cumulative profit: 30.803881212747243%
2021-07-27 17:21:59,984 ENTRY: E:2240.66 at t:2021-07-27T17:21:59.943291392
2021-07-27 17:22:11,469 STOPLOSS: Δabs: -12.99999999996544; Δ%: -0.5801861951373898%; cumulative profit: 30.223695017609852%
2021-07-27 17:22:43,482 ENTRY: E:2243.55 at t:2021-07-27T17:22:43.455146240
2021-07-27 17:22:44,514 STOPLOSS: Δabs: -23.00000000000182; Δ%: -1.025161017138099%; cumulative profit: 29.198534000471753%
2021-07-27 17:22:45,533 ENTRY: E:2243.31 at t:2021-07-27T17:22:45.516292352
2021-07-27 17:22:47,573 STOPLOSS: Δabs: -78.99999999999636; Δ%: -3.52158194810331%; cumulative profit: 25.676952052368442%
2021-07-27 17:22:48,590 ENTRY: E:2242.4 at t:2021-07-27T17:22:48.574767872
2021-07-27 17:22:49,606 STOPLOSS: Δabs: -11.999999999989086; Δ%: -0.5351409204418964%; cumulative profit: 25.141811131926545%
2021-07-27 17:22:50,629 ENTRY: E:2242.27 at t:2021-07-27T17:22:50.607738368
2021-07-27 17:22:54,712 STOPLOSS: Δabs: -38.99999999998727; Δ%: -1.7393088254308031%; cumulative profit: 23.40250230649574%
2021-07-27 17:22:55,734 ENTRY: E:2242.23 at t:2021-07-27T17:22:55.716916224
2021-07-27 17:22:57,773 STOPLOSS: Δabs: -92.00000000000728; Δ%: -4.103058116250664%; cumulative profit: 19.299444190245076%
2021-07-27 17:22:58,790 ENTRY: E:2241.51 at t:2021-07-27T17:22:58.773621760
2021-07-27 17:23:05,935 STOPLOSS: Δabs: -17.000000000007276; Δ%: -0.7584173168983084%; cumulative profit: 18.541026873346766%
2021-07-27 17:23:06,965 ENTRY: E:2241.34 at t:2021-07-27T17:23:06.937089792
2021-07-27 17:23:11,089 STOPLOSS: Δabs: -18.000000000029104; Δ%: -0.8030910080589784%; cumulative profit: 17.73793586528779%
2021-07-27 17:23:12,107 ENTRY: E:2241.16 at t:2021-07-27T17:23:12.090353408
2021-07-27 17:23:32,539 STOPLOSS: Δabs: -12.99999999996544; Δ%: -0.5800567563210766%; cumulative profit: 17.15787910896671%
2021-07-27 17:23:33,558 ENTRY: E:2241.04 at t:2021-07-27T17:23:33.540283904
2021-07-27 17:23:50,237 STOPLOSS: Δabs: -13.999999999987267; Δ%: -0.6247099560912464%; cumulative profit: 16.533169152875466%
2021-07-27 17:23:52,343 ENTRY: E:2240.65 at t:2021-07-27T17:23:52.313769216
2021-07-27 17:23:54,439 STOPLOSS: Δabs: -11.999999999989086; Δ%: -0.5355588780036635%; cumulative profit: 15.997610274871803%
2021-07-27 17:23:55,494 ENTRY: E:2240.5 at t:2021-07-27T17:23:55.440275456
2021-07-27 17:24:01,834 PROFIT: Δabs: 138.99999999998727; Δ%: 6.203972327604877%; cumulative profit: 22.20158260247668%
2021-07-27 17:24:40,025 ENTRY: E:2246.52 at t:2021-07-27T17:24:40.003626240
