2021-07-26 03:11:16,067 ENTRY: E:2359.16 at t:2021-07-26T06:11:16.037828096
2021-07-26 03:11:17,098 sl check: 0.042387968599566506;
        sl: -0.2
        check? False
2021-07-26 03:11:17,099 exit check, 0.042387968599566506;
        tp: 1.5;
        check? False
2021-07-26 03:11:18,129 sl check: 1.5683548381639767;
        sl: -0.2
        check? False
2021-07-26 03:11:18,130 exit check, 1.5683548381639767;
        tp: 1.5;
        check? True
2021-07-26 03:11:19,162 sl check: 2.882381864732775;
        sl: -0.2
        check? False
2021-07-26 03:11:19,163 exit check, 2.882381864732775;
        tp: 1.5;
        check? True
2021-07-26 03:11:20,191 sl check: 3.8573051425094818;
        sl: -0.2
        check? False
2021-07-26 03:11:20,191 exit check, 3.8573051425094818;
        tp: 1.5;
        check? True
2021-07-26 03:11:21,224 sl check: 4.959392326082668;
        sl: -0.2
        check? False
2021-07-26 03:11:21,225 exit check, 4.959392326082668;
        tp: 1.5;
        check? True
2021-07-26 03:11:22,255 sl check: 3.6029773309165236;
        sl: -0.2
        check? False
2021-07-26 03:11:22,255 exit check, 3.6029773309165236;
        tp: 1.5;
        check? True
2021-07-26 03:11:23,286 sl check: 2.5432781159406836;
        sl: -0.2
        check? False
2021-07-26 03:11:23,286 exit check, 2.5432781159406836;
        tp: 1.5;
        check? True
2021-07-26 03:11:24,316 sl check: 3.51820139371517;
        sl: -0.2
        check? False
2021-07-26 03:11:24,316 exit check, 3.51820139371517;
        tp: 1.5;
        check? True
2021-07-26 03:11:25,351 sl check: 2.4585021787415506;
        sl: -0.2
        check? False
2021-07-26 03:11:25,352 exit check, 2.4585021787415506;
        tp: 1.5;
        check? True
2021-07-26 03:11:26,380 sl check: 4.959392326082668;
        sl: -0.2
        check? False
2021-07-26 03:11:26,380 exit check, 4.959392326082668;
        tp: 1.5;
        check? True
2021-07-26 03:11:27,413 sl check: 8.435205751200492;
        sl: -0.2
        check? False
2021-07-26 03:11:27,414 exit check, 8.435205751200492;
        tp: 1.5;
        check? True
2021-07-26 03:11:28,442 sl check: 8.647145594193884;
        sl: -0.2
        check? False
2021-07-26 03:11:28,443 exit check, 8.647145594193884;
        tp: 1.5;
        check? True
2021-07-26 03:11:29,458 sl check: 7.926550128012355;
        sl: -0.2
        check? False
2021-07-26 03:11:29,459 exit check, 7.926550128012355;
        tp: 1.5;
        check? True
2021-07-26 03:11:30,488 sl check: 8.816697468589929;
        sl: -0.2
        check? False
2021-07-26 03:11:30,490 exit check, 8.816697468589929;
        tp: 1.5;
        check? True
2021-07-26 03:11:31,523 sl check: 7.375506536224652;
        sl: -0.2
        check? False
2021-07-26 03:11:31,523 exit check, 7.375506536224652;
        tp: 1.5;
        check? True
2021-07-26 03:11:32,552 sl check: 6.5701351328439905;
        sl: -0.2
        check? False
2021-07-26 03:11:32,553 exit check, 6.5701351328439905;
        tp: 1.5;
        check? True
2021-07-26 03:11:33,587 sl check: 7.672222316417177;
        sl: -0.2
        check? False
2021-07-26 03:11:33,587 exit check, 7.672222316417177;
        tp: 1.5;
        check? True
2021-07-26 03:11:34,618 sl check: 9.15580121738424;
        sl: -0.2
        check? False
2021-07-26 03:11:34,618 exit check, 9.15580121738424;
        tp: 1.5;
        check? True
2021-07-26 03:11:35,650 sl check: 8.265653876804446;
        sl: -0.2
        check? False
2021-07-26 03:11:35,651 exit check, 8.265653876804446;
        tp: 1.5;
        check? True
2021-07-26 03:11:36,683 sl check: 9.706844809169723;
        sl: -0.2
        check? False
2021-07-26 03:11:36,685 exit check, 9.706844809169723;
        tp: 1.5;
        check? True
2021-07-26 03:11:37,719 sl check: 7.5450584106206975;
        sl: -0.2
        check? False
2021-07-26 03:11:37,719 exit check, 7.5450584106206975;
        tp: 1.5;
        check? True
2021-07-26 03:11:38,750 sl check: 7.841774190815443;
        sl: -0.2
        check? False
2021-07-26 03:11:38,750 exit check, 7.841774190815443;
        tp: 1.5;
        check? True
2021-07-26 03:11:39,781 sl check: 11.232811678734134;
        sl: -0.2
        check? False
2021-07-26 03:11:39,781 exit check, 11.232811678734134;
        tp: 1.5;
        check? True
2021-07-26 03:11:40,810 sl check: 10.724156055545997;
        sl: -0.2
        check? False
2021-07-26 03:11:40,810 exit check, 10.724156055545997;
        tp: 1.5;
        check? True
2021-07-26 03:11:41,841 sl check: 10.257888400957427;
        sl: -0.2
        check? False
2021-07-26 03:11:41,842 exit check, 10.257888400957427;
        tp: 1.5;
        check? True
2021-07-26 03:11:42,873 sl check: 10.639380118349084;
        sl: -0.2
        check? False
2021-07-26 03:11:42,873 exit check, 10.639380118349084;
        tp: 1.5;
        check? True
2021-07-26 03:11:43,907 sl check: 11.020871835740742;
        sl: -0.2
        check? False
2021-07-26 03:11:43,908 exit check, 11.020871835740742;
        tp: 1.5;
        check? True
2021-07-26 03:11:44,935 sl check: 9.664456840570157;
        sl: -0.2
        check? False
2021-07-26 03:11:44,936 exit check, 9.664456840570157;
        tp: 1.5;
        check? True
2021-07-26 03:11:45,969 sl check: 9.452516997574545;
        sl: -0.2
        check? False
2021-07-26 03:11:45,970 exit check, 9.452516997574545;
        tp: 1.5;
        check? True
2021-07-26 03:11:47,001 sl check: 9.367741060377632;
        sl: -0.2
        check? False
2021-07-26 03:11:47,002 exit check, 9.367741060377632;
        tp: 1.5;
        check? True
2021-07-26 03:11:48,035 sl check: 9.410129028977199;
        sl: -0.2
        check? False
2021-07-26 03:11:48,035 exit check, 9.410129028977199;
        tp: 1.5;
        check? True
2021-07-26 03:11:49,065 sl check: 11.148035741535;
        sl: -0.2
        check? False
2021-07-26 03:11:49,065 exit check, 11.148035741535;
        tp: 1.5;
        check? True
2021-07-26 03:11:50,100 sl check: 12.758778548298544;
        sl: -0.2
        check? False
2021-07-26 03:11:50,101 exit check, 12.758778548298544;
        tp: 1.5;
        check? True
2021-07-26 03:11:51,134 sl check: 15.895488224622056;
        sl: -0.2
        check? False
2021-07-26 03:11:51,135 exit check, 15.895488224622056;
        tp: 1.5;
        check? True
2021-07-26 03:11:52,169 sl check: 17.71817087438121;
        sl: -0.2
        check? False
2021-07-26 03:11:52,169 exit check, 17.71817087438121;
        tp: 1.5;
        check? True
2021-07-26 03:11:53,197 sl check: 17.548618999985166;
        sl: -0.2
        check? False
2021-07-26 03:11:53,198 exit check, 17.548618999985166;
        tp: 1.5;
        check? True
2021-07-26 03:11:54,229 sl check: 13.182658234287548;
        sl: -0.2
        check? False
2021-07-26 03:11:54,230 exit check, 13.182658234287548;
        tp: 1.5;
        check? True
2021-07-26 03:11:55,260 sl check: 12.080571050714362;
        sl: -0.2
        check? False
2021-07-26 03:11:55,260 exit check, 12.080571050714362;
        tp: 1.5;
        check? True
2021-07-26 03:11:56,296 sl check: 16.276979942013714;
        sl: -0.2
        check? False
2021-07-26 03:11:56,296 exit check, 16.276979942013714;
        tp: 1.5;
        check? True
2021-07-26 03:11:57,326 sl check: 14.835789009648437;
        sl: -0.2
        check? False
2021-07-26 03:11:57,326 exit check, 14.835789009648437;
        tp: 1.5;
        check? True
2021-07-26 03:11:58,353 sl check: 13.818477763272163;
        sl: -0.2
        check? False
2021-07-26 03:11:58,353 exit check, 13.818477763272163;
        tp: 1.5;
        check? True
2021-07-26 03:11:58,355 uptime: 0 days 00:00:00.000000061;
                                      Δ%*leverage: 13.818477763272599;
                                      leverage: 100;
                                      status: Alive? Positioned? (True, True)
                                      
2021-07-26 03:11:59,365 sl check: 13.055494328488848;
        sl: -0.2
        check? False
2021-07-26 03:11:59,365 exit check, 13.055494328488848;
        tp: 1.5;
        check? True
2021-07-26 03:12:00,389 sl check: 13.39459807728316;
        sl: -0.2
        check? False
2021-07-26 03:12:00,389 exit check, 13.39459807728316;
        tp: 1.5;
        check? True
2021-07-26 03:12:01,418 sl check: 11.148035741535;
        sl: -0.2
        check? False
2021-07-26 03:12:01,418 exit check, 11.148035741535;
        tp: 1.5;
        check? True
2021-07-26 03:12:02,450 sl check: 11.232811678734134;
        sl: -0.2
        check? False
2021-07-26 03:12:02,451 exit check, 11.232811678734134;
        tp: 1.5;
        check? True
2021-07-26 03:12:03,481 sl check: 14.623849166652825;
        sl: -0.2
        check? False
2021-07-26 03:12:03,481 exit check, 14.623849166652825;
        tp: 1.5;
        check? True
2021-07-26 03:12:04,512 sl check: 12.080571050714362;
        sl: -0.2
        check? False
2021-07-26 03:12:04,512 exit check, 12.080571050714362;
        tp: 1.5;
        check? True
2021-07-26 03:12:05,542 sl check: 12.122959019311708;
        sl: -0.2
        check? False
2021-07-26 03:12:05,542 exit check, 12.122959019311708;
        tp: 1.5;
        check? True
2021-07-26 03:12:06,574 sl check: 9.74923277776929;
        sl: -0.2
        check? False
2021-07-26 03:12:06,574 exit check, 9.74923277776929;
        tp: 1.5;
        check? True
2021-07-26 03:12:07,604 sl check: 7.078790756032127;
        sl: -0.2
        check? False
2021-07-26 03:12:07,604 exit check, 7.078790756032127;
        tp: 1.5;
        check? True
2021-07-26 03:12:08,635 sl check: 6.4429712270475115;
        sl: -0.2
        check? False
2021-07-26 03:12:08,636 exit check, 6.4429712270475115;
        tp: 1.5;
        check? True
2021-07-26 03:12:09,665 sl check: 5.425659980671238;
        sl: -0.2
        check? False
2021-07-26 03:12:09,665 exit check, 5.425659980671238;
        tp: 1.5;
        check? True
2021-07-26 03:12:10,698 sl check: 4.4931246714940976;
        sl: -0.2
        check? False
2021-07-26 03:12:10,699 exit check, 4.4931246714940976;
        tp: 1.5;
        check? True
2021-07-26 03:12:11,734 sl check: 4.4931246714940976;
        sl: -0.2
        check? False
2021-07-26 03:12:11,734 exit check, 4.4931246714940976;
        tp: 1.5;
        check? True
2021-07-26 03:12:12,766 sl check: 4.4931246714940976;
        sl: -0.2
        check? False
2021-07-26 03:12:12,767 exit check, 4.4931246714940976;
        tp: 1.5;
        check? True
2021-07-26 03:12:13,797 sl check: 4.196408891301573;
        sl: -0.2
        check? False
2021-07-26 03:12:13,798 exit check, 4.196408891301573;
        tp: 1.5;
        check? True
2021-07-26 03:12:14,830 sl check: 2.5856660845380297;
        sl: -0.2
        check? False
2021-07-26 03:12:14,831 exit check, 2.5856660845380297;
        tp: 1.5;
        check? True
2021-07-26 03:12:15,861 sl check: 1.6531307753631097;
        sl: -0.2
        check? False
2021-07-26 03:12:15,862 exit check, 1.6531307753631097;
        tp: 1.5;
        check? True
2021-07-26 03:12:16,883 sl check: 2.5856660845380297;
        sl: -0.2
        check? False
2021-07-26 03:12:16,883 exit check, 2.5856660845380297;
        tp: 1.5;
        check? True
2021-07-26 03:12:17,913 sl check: 2.500890147341117;
        sl: -0.2
        check? False
2021-07-26 03:12:17,913 exit check, 2.500890147341117;
        tp: 1.5;
        check? True
2021-07-26 03:12:18,946 sl check: 3.263873582122212;
        sl: -0.2
        check? False
2021-07-26 03:12:18,947 exit check, 3.263873582122212;
        tp: 1.5;
        check? True
2021-07-26 03:12:19,976 sl check: 3.984469048305961;
        sl: -0.2
        check? False
2021-07-26 03:12:19,976 exit check, 3.984469048305961;
        tp: 1.5;
        check? True
2021-07-26 03:12:21,005 sl check: 5.807151698062896;
        sl: -0.2
        check? False
2021-07-26 03:12:21,005 exit check, 5.807151698062896;
        tp: 1.5;
        check? True
2021-07-26 03:12:22,034 sl check: 6.146255446854987;
        sl: -0.2
        check? False
2021-07-26 03:12:22,035 exit check, 6.146255446854987;
        tp: 1.5;
        check? True
2021-07-26 03:12:23,069 sl check: 6.188643415452333;
        sl: -0.2
        check? False
2021-07-26 03:12:23,069 exit check, 6.188643415452333;
        tp: 1.5;
        check? True
2021-07-26 03:12:24,098 sl check: 6.315807321251032;
        sl: -0.2
        check? False
2021-07-26 03:12:24,098 exit check, 6.315807321251032;
        tp: 1.5;
        check? True
2021-07-26 03:12:25,132 sl check: 6.909238881636082;
        sl: -0.2
        check? False
2021-07-26 03:12:25,132 exit check, 6.909238881636082;
        tp: 1.5;
        check? True
2021-07-26 03:12:26,147 sl check: 7.16356669322904;
        sl: -0.2
        check? False
2021-07-26 03:12:26,147 exit check, 7.16356669322904;
        tp: 1.5;
        check? True
2021-07-26 03:12:27,176 sl check: 7.121178724631694;
        sl: -0.2
        check? False
2021-07-26 03:12:27,176 exit check, 7.121178724631694;
        tp: 1.5;
        check? True
2021-07-26 03:12:28,194 sl check: 8.011326065211488;
        sl: -0.2
        check? False
2021-07-26 03:12:28,194 exit check, 8.011326065211488;
        tp: 1.5;
        check? True
2021-07-26 03:12:29,232 sl check: 8.477593719797838;
        sl: -0.2
        check? False
2021-07-26 03:12:29,233 exit check, 8.477593719797838;
        tp: 1.5;
        check? True
2021-07-26 03:12:30,262 sl check: 7.290730599027739;
        sl: -0.2
        check? False
2021-07-26 03:12:30,262 exit check, 7.290730599027739;
        tp: 1.5;
        check? True
2021-07-26 03:12:31,295 sl check: 7.248342630428173;
        sl: -0.2
        check? False
2021-07-26 03:12:31,295 exit check, 7.248342630428173;
        tp: 1.5;
        check? True
2021-07-26 03:12:32,326 sl check: 7.290730599027739;
        sl: -0.2
        check? False
2021-07-26 03:12:32,327 exit check, 7.290730599027739;
        tp: 1.5;
        check? True
2021-07-26 03:12:33,356 sl check: 7.248342630428173;
        sl: -0.2
        check? False
2021-07-26 03:12:33,356 exit check, 7.248342630428173;
        tp: 1.5;
        check? True
2021-07-26 03:12:34,385 sl check: 6.739687007240036;
        sl: -0.2
        check? False
2021-07-26 03:12:34,385 exit check, 6.739687007240036;
        tp: 1.5;
        check? True
2021-07-26 03:12:35,416 sl check: 6.188643415452333;
        sl: -0.2
        check? False
2021-07-26 03:12:35,416 exit check, 6.188643415452333;
        tp: 1.5;
        check? True
2021-07-26 03:12:36,442 sl check: 4.535512640093664;
        sl: -0.2
        check? False
2021-07-26 03:12:36,442 exit check, 4.535512640093664;
        tp: 1.5;
        check? True
2021-07-26 03:12:37,457 sl check: 4.620288577290577;
        sl: -0.2
        check? False
2021-07-26 03:12:37,457 exit check, 4.620288577290577;
        tp: 1.5;
        check? True
2021-07-26 03:12:38,485 sl check: 5.17133216907828;
        sl: -0.2
        check? False
2021-07-26 03:12:38,485 exit check, 5.17133216907828;
        tp: 1.5;
        check? True
2021-07-26 03:12:39,516 sl check: 5.807151698062896;
        sl: -0.2
        check? False
2021-07-26 03:12:39,516 exit check, 5.807151698062896;
        tp: 1.5;
        check? True
2021-07-26 03:12:40,546 sl check: 7.290730599027739;
        sl: -0.2
        check? False
2021-07-26 03:12:40,546 exit check, 7.290730599027739;
        tp: 1.5;
        check? True
2021-07-26 03:12:41,578 sl check: 8.308041845401792;
        sl: -0.2
        check? False
2021-07-26 03:12:41,579 exit check, 8.308041845401792;
        tp: 1.5;
        check? True
2021-07-26 03:12:42,607 sl check: 8.138489971007967;
        sl: -0.2
        check? False
2021-07-26 03:12:42,608 exit check, 8.138489971007967;
        tp: 1.5;
        check? True
2021-07-26 03:12:43,638 sl check: 6.824462944439169;
        sl: -0.2
        check? False
2021-07-26 03:12:43,638 exit check, 6.824462944439169;
        tp: 1.5;
        check? True
2021-07-26 03:12:44,668 sl check: 12.716390579696757;
        sl: -0.2
        check? False
2021-07-26 03:12:44,668 exit check, 12.716390579696757;
        tp: 1.5;
        check? True
2021-07-26 03:12:45,700 sl check: 10.936095898539389;
        sl: -0.2
        check? False
2021-07-26 03:12:45,700 exit check, 10.936095898539389;
        tp: 1.5;
        check? True
2021-07-26 03:12:46,731 sl check: 12.716390579696757;
        sl: -0.2
        check? False
2021-07-26 03:12:46,731 exit check, 12.716390579696757;
        tp: 1.5;
        check? True
2021-07-26 03:12:47,763 sl check: 13.73370182607525;
        sl: -0.2
        check? False
2021-07-26 03:12:47,763 exit check, 13.73370182607525;
        tp: 1.5;
        check? True
2021-07-26 03:12:48,777 sl check: 12.758778548298544;
        sl: -0.2
        check? False
2021-07-26 03:12:48,777 exit check, 12.758778548298544;
        tp: 1.5;
        check? True
2021-07-26 03:12:49,808 sl check: 12.80116651689589;
        sl: -0.2
        check? False
2021-07-26 03:12:49,808 exit check, 12.80116651689589;
        tp: 1.5;
        check? True
2021-07-26 03:12:50,838 sl check: 12.292510893707753;
        sl: -0.2
        check? False
2021-07-26 03:12:50,838 exit check, 12.292510893707753;
        tp: 1.5;
        check? True
2021-07-26 03:12:51,867 sl check: 12.758778548298544;
        sl: -0.2
        check? False
2021-07-26 03:12:51,868 exit check, 12.758778548298544;
        tp: 1.5;
        check? True
2021-07-26 03:12:52,899 sl check: 14.666237135252391;
        sl: -0.2
        check? False
2021-07-26 03:12:52,900 exit check, 14.666237135252391;
        tp: 1.5;
        check? True
2021-07-26 03:12:53,931 sl check: 14.666237135252391;
        sl: -0.2
        check? False
2021-07-26 03:12:53,932 exit check, 14.666237135252391;
        tp: 1.5;
        check? True
2021-07-26 03:12:54,961 sl check: 14.581461198053258;
        sl: -0.2
        check? False
2021-07-26 03:12:54,962 exit check, 14.581461198053258;
        tp: 1.5;
        check? True
2021-07-26 03:12:55,992 sl check: 13.013106359891502;
        sl: -0.2
        check? False
2021-07-26 03:12:55,993 exit check, 13.013106359891502;
        tp: 1.5;
        check? True
2021-07-26 03:12:57,023 sl check: 14.496685260856346;
        sl: -0.2
        check? False
2021-07-26 03:12:57,024 exit check, 14.496685260856346;
        tp: 1.5;
        check? True
2021-07-26 03:12:58,053 sl check: 16.065040099018102;
        sl: -0.2
        check? False
2021-07-26 03:12:58,054 exit check, 16.065040099018102;
        tp: 1.5;
        check? True
2021-07-26 03:12:59,086 sl check: 15.641160413029098;
        sl: -0.2
        check? False
2021-07-26 03:12:59,086 exit check, 15.641160413029098;
        tp: 1.5;
        check? True
2021-07-26 03:13:00,119 sl check: 16.065040099018102;
        sl: -0.2
        check? False
2021-07-26 03:13:00,119 exit check, 16.065040099018102;
        tp: 1.5;
        check? True
2021-07-26 03:13:01,153 sl check: 15.641160413029098;
        sl: -0.2
        check? False
2021-07-26 03:13:01,153 exit check, 15.641160413029098;
        tp: 1.5;
        check? True
2021-07-26 03:13:02,180 sl check: 15.598772444429532;
        sl: -0.2
        check? False
2021-07-26 03:13:02,180 exit check, 15.598772444429532;
        tp: 1.5;
        check? True
2021-07-26 03:13:03,197 sl check: 16.10742806761767;
        sl: -0.2
        check? False
2021-07-26 03:13:03,198 exit check, 16.10742806761767;
        tp: 1.5;
        check? True
2021-07-26 03:13:04,220 sl check: 16.700859628002718;
        sl: -0.2
        check? False
2021-07-26 03:13:04,220 exit check, 16.700859628002718;
        tp: 1.5;
        check? True
2021-07-26 03:13:05,248 sl check: 16.022652130420756;
        sl: -0.2
        check? False
2021-07-26 03:13:05,248 exit check, 16.022652130420756;
        tp: 1.5;
        check? True
2021-07-26 03:13:06,270 sl check: 15.302056664237007;
        sl: -0.2
        check? False
2021-07-26 03:13:06,270 exit check, 15.302056664237007;
        tp: 1.5;
        check? True
2021-07-26 03:13:07,286 sl check: 17.84533478017547;
        sl: -0.2
        check? False
2021-07-26 03:13:07,287 exit check, 17.84533478017547;
        tp: 1.5;
        check? True
2021-07-26 03:13:08,309 sl check: 16.700859628002718;
        sl: -0.2
        check? False
2021-07-26 03:13:08,309 exit check, 16.700859628002718;
        tp: 1.5;
        check? True
2021-07-26 03:13:09,336 sl check: 17.802946811578124;
        sl: -0.2
        check? False
2021-07-26 03:13:09,336 exit check, 17.802946811578124;
        tp: 1.5;
        check? True
2021-07-26 03:13:10,365 sl check: 17.84533478017547;
        sl: -0.2
        check? False
2021-07-26 03:13:10,365 exit check, 17.84533478017547;
        tp: 1.5;
        check? True
2021-07-26 03:13:11,380 sl check: 16.997575408197463;
        sl: -0.2
        check? False
2021-07-26 03:13:11,380 exit check, 16.997575408197463;
        tp: 1.5;
        check? True
2021-07-26 03:13:12,409 sl check: 17.463843062786033;
        sl: -0.2
        check? False
2021-07-26 03:13:12,410 exit check, 17.463843062786033;
        tp: 1.5;
        check? True
2021-07-26 03:13:13,434 sl check: 17.463843062786033;
        sl: -0.2
        check? False
2021-07-26 03:13:13,434 exit check, 17.463843062786033;
        tp: 1.5;
        check? True
2021-07-26 03:13:14,463 sl check: 17.421455094186467;
        sl: -0.2
        check? False
2021-07-26 03:13:14,463 exit check, 17.421455094186467;
        tp: 1.5;
        check? True
2021-07-26 03:13:15,491 sl check: 17.336679156989554;
        sl: -0.2
        check? False
2021-07-26 03:13:15,492 exit check, 17.336679156989554;
        tp: 1.5;
        check? True
2021-07-26 03:13:16,517 sl check: 17.84533478017547;
        sl: -0.2
        check? False
2021-07-26 03:13:16,518 exit check, 17.84533478017547;
        tp: 1.5;
        check? True
2021-07-26 03:13:17,547 sl check: 17.802946811578124;
        sl: -0.2
        check? False
2021-07-26 03:13:17,547 exit check, 17.802946811578124;
        tp: 1.5;
        check? True
2021-07-26 03:13:18,577 sl check: 17.802946811578124;
        sl: -0.2
        check? False
2021-07-26 03:13:18,577 exit check, 17.802946811578124;
        tp: 1.5;
        check? True
2021-07-26 03:13:19,598 sl check: 16.743247596602284;
        sl: -0.2
        check? False
2021-07-26 03:13:19,598 exit check, 16.743247596602284;
        tp: 1.5;
        check? True
2021-07-26 03:13:20,628 sl check: 17.082351345394375;
        sl: -0.2
        check? False
2021-07-26 03:13:20,628 exit check, 17.082351345394375;
        tp: 1.5;
        check? True
2021-07-26 03:13:21,657 sl check: 17.887722748775037;
        sl: -0.2
        check? False
2021-07-26 03:13:21,657 exit check, 17.887722748775037;
        tp: 1.5;
        check? True
2021-07-26 03:13:22,692 sl check: 17.71817087438121;
        sl: -0.2
        check? False
2021-07-26 03:13:22,693 exit check, 17.71817087438121;
        tp: 1.5;
        check? True
2021-07-26 03:13:23,718 sl check: 17.37906712558912;
        sl: -0.2
        check? False
2021-07-26 03:13:23,718 exit check, 17.37906712558912;
        tp: 1.5;
        check? True
2021-07-26 03:13:24,729 sl check: 17.548618999985166;
        sl: -0.2
        check? False
2021-07-26 03:13:24,729 exit check, 17.548618999985166;
        tp: 1.5;
        check? True
2021-07-26 03:13:25,765 sl check: 16.234591973414148;
        sl: -0.2
        check? False
2021-07-26 03:13:25,765 exit check, 16.234591973414148;
        tp: 1.5;
        check? True
2021-07-26 03:13:26,803 sl check: 17.336679156989554;
        sl: -0.2
        check? False
2021-07-26 03:13:26,804 exit check, 17.336679156989554;
        tp: 1.5;
        check? True
2021-07-26 03:13:27,839 sl check: 17.84533478017547;
        sl: -0.2
        check? False
2021-07-26 03:13:27,839 exit check, 17.84533478017547;
        tp: 1.5;
        check? True
2021-07-26 03:13:28,880 sl check: 16.1922040048168;
        sl: -0.2
        check? False
2021-07-26 03:13:28,880 exit check, 16.1922040048168;
        tp: 1.5;
        check? True
2021-07-26 03:13:29,918 sl check: 16.57369572220846;
        sl: -0.2
        check? False
2021-07-26 03:13:29,918 exit check, 16.57369572220846;
        tp: 1.5;
        check? True
2021-07-26 03:13:30,958 sl check: 17.124739313993942;
        sl: -0.2
        check? False
2021-07-26 03:13:30,958 exit check, 17.124739313993942;
        tp: 1.5;
        check? True
2021-07-26 03:13:31,993 sl check: 14.751013072449304;
        sl: -0.2
        check? False
2021-07-26 03:13:31,993 exit check, 14.751013072449304;
        tp: 1.5;
        check? True
2021-07-26 03:13:33,031 sl check: 14.708625103851958;
        sl: -0.2
        check? False
2021-07-26 03:13:33,032 exit check, 14.708625103851958;
        tp: 1.5;
        check? True
2021-07-26 03:13:34,060 sl check: 13.691313857475684;
        sl: -0.2
        check? False
2021-07-26 03:13:34,060 exit check, 13.691313857475684;
        tp: 1.5;
        check? True
2021-07-26 03:13:35,077 sl check: 14.79340104104887;
        sl: -0.2
        check? False
2021-07-26 03:13:35,077 exit check, 14.79340104104887;
        tp: 1.5;
        check? True
2021-07-26 03:13:36,115 sl check: 16.276979942013714;
        sl: -0.2
        check? False
2021-07-26 03:13:36,116 exit check, 16.276979942013714;
        tp: 1.5;
        check? True
2021-07-26 03:13:37,154 sl check: 16.276979942013714;
        sl: -0.2
        check? False
2021-07-26 03:13:37,154 exit check, 16.276979942013714;
        tp: 1.5;
        check? True
2021-07-26 03:13:38,192 sl check: 16.234591973414148;
        sl: -0.2
        check? False
2021-07-26 03:13:38,192 exit check, 16.234591973414148;
        tp: 1.5;
        check? True
2021-07-26 03:13:39,234 sl check: 16.1922040048168;
        sl: -0.2
        check? False
2021-07-26 03:13:39,234 exit check, 16.1922040048168;
        tp: 1.5;
        check? True
2021-07-26 03:13:40,273 sl check: 17.124739313993942;
        sl: -0.2
        check? False
2021-07-26 03:13:40,274 exit check, 17.124739313993942;
        tp: 1.5;
        check? True
2021-07-26 03:13:41,314 sl check: 16.10742806761767;
        sl: -0.2
        check? False
2021-07-26 03:13:41,314 exit check, 16.10742806761767;
        tp: 1.5;
        check? True
2021-07-26 03:13:42,325 sl check: 15.98026416182119;
        sl: -0.2
        check? False
2021-07-26 03:13:42,325 exit check, 15.98026416182119;
        tp: 1.5;
        check? True
2021-07-26 03:13:43,343 sl check: 15.98026416182119;
        sl: -0.2
        check? False
2021-07-26 03:13:43,344 exit check, 15.98026416182119;
        tp: 1.5;
        check? True
2021-07-26 03:13:44,352 sl check: 17.16712728259351;
        sl: -0.2
        check? False
2021-07-26 03:13:44,352 exit check, 17.16712728259351;
        tp: 1.5;
        check? True
2021-07-26 03:13:45,378 sl check: 13.055494328488848;
        sl: -0.2
        check? False
2021-07-26 03:13:45,379 exit check, 13.055494328488848;
        tp: 1.5;
        check? True
2021-07-26 03:13:46,407 sl check: 13.436986045880506;
        sl: -0.2
        check? False
2021-07-26 03:13:46,407 exit check, 13.436986045880506;
        tp: 1.5;
        check? True
2021-07-26 03:13:47,438 sl check: 15.302056664237007;
        sl: -0.2
        check? False
2021-07-26 03:13:47,438 exit check, 15.302056664237007;
        tp: 1.5;
        check? True
2021-07-26 03:13:48,465 sl check: 16.022652130420756;
        sl: -0.2
        check? False
2021-07-26 03:13:48,465 exit check, 16.022652130420756;
        tp: 1.5;
        check? True
2021-07-26 03:13:49,494 sl check: 16.10742806761767;
        sl: -0.2
        check? False
2021-07-26 03:13:49,494 exit check, 16.10742806761767;
        tp: 1.5;
        check? True
