2021-07-26 03:21:37,516 ENTRY: E:2383.15 at t:2021-07-26T06:21:37.510143488
2021-07-26 03:21:43,549 sl check: -1.6784507899214596;
        sl: -0.2
        check? True
2021-07-26 03:21:44,582 sl check: -0.4196126974798098;
        sl: -0.2
        check? True
2021-07-26 03:21:45,612 sl check: -0.46157396722867894;
        sl: -0.2
        check? True
2021-07-26 03:21:46,643 sl check: -1.3847219016849266;
        sl: -0.2
        check? True
2021-07-26 03:21:47,674 sl check: -1.1749155529450217;
        sl: -0.2
        check? True
2021-07-26 03:21:48,706 sl check: 1.3007993621894087;
        sl: -0.2
        check? False
2021-07-26 03:21:48,706 exit check, 1.3007993621894087;
        tp: 1.5;
        check? False
2021-07-26 03:21:49,734 sl check: 2.0141409479057515;
        sl: -0.2
        check? False
2021-07-26 03:21:49,735 exit check, 2.0141409479057515;
        tp: 1.5;
        check? True
2021-07-26 03:21:50,767 sl check: 1.972179678155772;
        sl: -0.2
        check? False
2021-07-26 03:21:50,767 exit check, 1.972179678155772;
        tp: 1.5;
        check? True
2021-07-26 03:21:51,797 sl check: 2.89532761261313;
        sl: -0.2
        check? False
2021-07-26 03:21:51,798 exit check, 2.89532761261313;
        tp: 1.5;
        check? True
2021-07-26 03:21:52,830 sl check: 2.89532761261313;
        sl: -0.2
        check? False
2021-07-26 03:21:52,830 exit check, 2.89532761261313;
        tp: 1.5;
        check? True
2021-07-26 03:21:53,859 sl check: 3.3569015798406987;
        sl: -0.2
        check? False
2021-07-26 03:21:53,859 exit check, 3.3569015798406987;
        tp: 1.5;
        check? True
2021-07-26 03:21:54,873 sl check: 3.5247466588317344;
        sl: -0.2
        check? False
2021-07-26 03:21:54,873 exit check, 3.5247466588317344;
        tp: 1.5;
        check? True
2021-07-26 03:21:55,903 sl check: 1.426683171430465;
        sl: -0.2
        check? False
2021-07-26 03:21:55,903 exit check, 1.426683171430465;
        tp: 1.5;
        check? False
2021-07-26 03:21:56,935 sl check: 2.3498311058900434;
        sl: -0.2
        check? False
2021-07-26 03:21:56,935 exit check, 2.3498311058900434;
        tp: 1.5;
        check? True
2021-07-26 03:21:57,965 sl check: 3.482785389086196;
        sl: -0.2
        check? False
2021-07-26 03:21:57,965 exit check, 3.482785389086196;
        tp: 1.5;
        check? True
2021-07-26 03:21:58,997 sl check: 3.566707928581714;
        sl: -0.2
        check? False
2021-07-26 03:21:58,997 exit check, 3.566707928581714;
        tp: 1.5;
        check? True
2021-07-26 03:22:00,027 sl check: 1.4686444411804445;
        sl: -0.2
        check? False
2021-07-26 03:22:00,027 exit check, 1.4686444411804445;
        tp: 1.5;
        check? False
2021-07-26 03:22:01,060 sl check: 1.8043345991647364;
        sl: -0.2
        check? False
2021-07-26 03:22:01,061 exit check, 1.8043345991647364;
        tp: 1.5;
        check? True
2021-07-26 03:22:02,090 sl check: 2.7274825336220943;
        sl: -0.2
        check? False
2021-07-26 03:22:02,091 exit check, 2.7274825336220943;
        tp: 1.5;
        check? True
2021-07-26 03:22:03,127 sl check: 1.972179678155772;
        sl: -0.2
        check? False
2021-07-26 03:22:03,127 exit check, 1.972179678155772;
        tp: 1.5;
        check? True
2021-07-26 03:22:04,157 sl check: 1.426683171430465;
        sl: -0.2
        check? False
2021-07-26 03:22:04,158 exit check, 1.426683171430465;
        tp: 1.5;
        check? False
2021-07-26 03:22:05,189 sl check: 1.3847219016849266;
        sl: -0.2
        check? False
2021-07-26 03:22:05,190 exit check, 1.3847219016849266;
        tp: 1.5;
        check? False
2021-07-26 03:22:06,219 sl check: 1.0490317437006347;
        sl: -0.2
        check? False
2021-07-26 03:22:06,220 exit check, 1.0490317437006347;
        tp: 1.5;
        check? False
2021-07-26 03:22:07,250 sl check: 1.6784507899214596;
        sl: -0.2
        check? False
2021-07-26 03:22:07,250 exit check, 1.6784507899214596;
        tp: 1.5;
        check? True
2021-07-26 03:22:08,260 sl check: 1.6364895201714802;
        sl: -0.2
        check? False
2021-07-26 03:22:08,260 exit check, 1.6364895201714802;
        tp: 1.5;
        check? True
2021-07-26 03:22:09,289 sl check: 1.6784507899214596;
        sl: -0.2
        check? False
2021-07-26 03:22:09,289 exit check, 1.6784507899214596;
        tp: 1.5;
        check? True
2021-07-26 03:22:10,318 sl check: 2.223947296644546;
        sl: -0.2
        check? False
2021-07-26 03:22:10,318 exit check, 2.223947296644546;
        tp: 1.5;
        check? True
2021-07-26 03:22:11,349 sl check: -0.5874577764719557;
        sl: -0.2
        check? True
2021-07-26 03:22:12,375 sl check: 2.517676184881079;
        sl: -0.2
        check? False
2021-07-26 03:22:12,376 exit check, 2.517676184881079;
        tp: 1.5;
        check? True
2021-07-26 03:22:13,405 sl check: 3.3149403100929398;
        sl: -0.2
        check? False
2021-07-26 03:22:13,406 exit check, 3.3149403100929398;
        tp: 1.5;
        check? True
2021-07-26 03:22:14,415 sl check: 2.4757149151310998;
        sl: -0.2
        check? False
2021-07-26 03:22:14,415 exit check, 2.4757149151310998;
        tp: 1.5;
        check? True
2021-07-26 03:22:15,446 sl check: 2.4757149151310998;
        sl: -0.2
        check? False
2021-07-26 03:22:15,447 exit check, 2.4757149151310998;
        tp: 1.5;
        check? True
2021-07-26 03:22:16,482 sl check: 3.5247466588317344;
        sl: -0.2
        check? False
2021-07-26 03:22:16,482 exit check, 3.5247466588317344;
        tp: 1.5;
        check? True
2021-07-26 03:22:17,515 sl check: 3.5247466588317344;
        sl: -0.2
        check? False
2021-07-26 03:22:17,516 exit check, 3.5247466588317344;
        tp: 1.5;
        check? True
2021-07-26 03:22:18,543 sl check: 6.294190462203808;
        sl: -0.2
        check? False
2021-07-26 03:22:18,543 exit check, 6.294190462203808;
        tp: 1.5;
        check? True
2021-07-26 03:22:19,581 sl check: 6.713803159683618;
        sl: -0.2
        check? False
2021-07-26 03:22:19,582 exit check, 6.713803159683618;
        tp: 1.5;
        check? True
2021-07-26 03:22:20,611 sl check: 6.713803159683618;
        sl: -0.2
        check? False
2021-07-26 03:22:20,611 exit check, 6.713803159683618;
        tp: 1.5;
        check? True
2021-07-26 03:22:20,613 uptime: 0 days 00:00:00.000000060;
                                      Δ%*leverage: 6.713803159683229;
                                      leverage: 100;
                                      status: Alive? Positioned? (True, True)
                                      
2021-07-26 03:22:21,644 sl check: 6.6718418899336385;
        sl: -0.2
        check? False
2021-07-26 03:22:21,645 exit check, 6.6718418899336385;
        tp: 1.5;
        check? True
2021-07-26 03:22:22,676 sl check: 6.6718418899336385;
        sl: -0.2
        check? False
2021-07-26 03:22:22,676 exit check, 6.6718418899336385;
        tp: 1.5;
        check? True
2021-07-26 03:22:23,706 sl check: 5.706732685730742;
        sl: -0.2
        check? False
2021-07-26 03:22:23,706 exit check, 5.706732685730742;
        tp: 1.5;
        check? True
2021-07-26 03:22:24,734 sl check: 5.664771415982983;
        sl: -0.2
        check? False
2021-07-26 03:22:24,735 exit check, 5.664771415982983;
        tp: 1.5;
        check? True
2021-07-26 03:22:25,768 sl check: 7.972641252125268;
        sl: -0.2
        check? False
2021-07-26 03:22:25,768 exit check, 7.972641252125268;
        tp: 1.5;
        check? True
2021-07-26 03:22:26,798 sl check: 8.30833141010956;
        sl: -0.2
        check? False
2021-07-26 03:22:26,798 exit check, 8.30833141010956;
        tp: 1.5;
        check? True
2021-07-26 03:22:27,829 sl check: 8.476176489100595;
        sl: -0.2
        check? False
2021-07-26 03:22:27,830 exit check, 8.476176489100595;
        tp: 1.5;
        check? True
