2021-07-26 03:14:24,347 ENTRY: E:2370.65 at t:2021-07-26T06:14:24.313383680
2021-07-26 03:14:25,368 sl check: -0.5483728091459916;
        sl: -0.2
        check? True
2021-07-26 03:14:26,394 sl check: -1.560753379874491;
        sl: -0.2
        check? True
2021-07-26 03:14:27,424 sl check: -1.560753379874491;
        sl: -0.2
        check? True
2021-07-26 03:14:28,457 sl check: -1.5185708560949696;
        sl: -0.2
        check? True
2021-07-26 03:14:29,487 sl check: -1.6029359036551227;
        sl: -0.2
        check? True
2021-07-26 03:14:30,519 sl check: -1.6873009512163861;
        sl: -0.2
        check? True
2021-07-26 03:14:31,549 sl check: -1.8560310463378027;
        sl: -0.2
        check? True
2021-07-26 03:14:32,583 sl check: -1.560753379874491;
        sl: -0.2
        check? True
2021-07-26 03:14:33,611 sl check: -1.1389281420703945;
        sl: -0.2
        check? True
2021-07-26 03:14:34,643 sl check: -1.0123805707307199;
        sl: -0.2
        check? True
2021-07-26 03:14:35,670 sl check: -1.1389281420703945;
        sl: -0.2
        check? True
2021-07-26 03:14:36,702 sl check: -2.657498998165364;
        sl: -0.2
        check? True
2021-07-26 03:14:37,733 sl check: -2.6996815219448855;
        sl: -0.2
        check? True
2021-07-26 03:14:38,766 sl check: -2.657498998165364;
        sl: -0.2
        check? True
2021-07-26 03:14:39,796 sl check: -2.6996815219448855;
        sl: -0.2
        check? True
2021-07-26 03:14:40,828 sl check: -2.6996815219448855;
        sl: -0.2
        check? True
2021-07-26 03:14:41,856 sl check: -2.7418640457266275;
        sl: -0.2
        check? True
2021-07-26 03:14:42,892 sl check: -2.6996815219448855;
        sl: -0.2
        check? True
2021-07-26 03:14:43,920 sl check: -2.7418640457266275;
        sl: -0.2
        check? True
2021-07-26 03:14:44,950 sl check: -2.7418640457266275;
        sl: -0.2
        check? True
2021-07-26 03:14:45,978 sl check: -2.7418640457266275;
        sl: -0.2
        check? True
2021-07-26 03:14:47,010 sl check: -2.7418640457266275;
        sl: -0.2
        check? True
2021-07-26 03:14:48,039 sl check: -2.6996815219448855;
        sl: -0.2
        check? True
2021-07-26 03:14:49,070 sl check: -2.6996815219448855;
        sl: -0.2
        check? True
2021-07-26 03:14:50,100 sl check: -2.7418640457266275;
        sl: -0.2
        check? True
2021-07-26 03:14:51,130 sl check: -2.6996815219448855;
        sl: -0.2
        check? True
2021-07-26 03:14:52,159 sl check: -2.7418640457266275;
        sl: -0.2
        check? True
2021-07-26 03:14:53,191 sl check: -2.6996815219448855;
        sl: -0.2
        check? True
2021-07-26 03:14:54,220 sl check: -2.7418640457266275;
        sl: -0.2
        check? True
2021-07-26 03:14:55,250 sl check: -2.7418640457266275;
        sl: -0.2
        check? True
2021-07-26 03:14:56,279 sl check: -2.7418640457266275;
        sl: -0.2
        check? True
2021-07-26 03:14:57,287 sl check: -2.7418640457266275;
        sl: -0.2
        check? True
2021-07-26 03:14:58,313 sl check: -2.7418640457266275;
        sl: -0.2
        check? True
2021-07-26 03:14:59,322 sl check: -2.7418640457266275;
        sl: -0.2
        check? True
2021-07-26 03:15:00,340 sl check: -7.761584375594044;
        sl: -0.2
        check? True
2021-07-26 03:15:01,358 sl check: -9.997258135954201;
        sl: -0.2
        check? True
2021-07-26 03:15:02,371 sl check: -9.95507561217468;
        sl: -0.2
        check? True
2021-07-26 03:15:03,401 sl check: -8.984877565225702;
        sl: -0.2
        check? True
2021-07-26 03:15:04,430 sl check: -11.136186278024596;
        sl: -0.2
        check? True
2021-07-26 03:15:05,446 sl check: -11.558011515829802;
        sl: -0.2
        check? True
2021-07-26 03:15:06,478 sl check: -9.575432898150105;
        sl: -0.2
        check? True
2021-07-26 03:15:07,504 sl check: -9.744162993271521;
        sl: -0.2
        check? True
2021-07-26 03:15:08,533 sl check: -9.744162993271521;
        sl: -0.2
        check? True
2021-07-26 03:15:09,564 sl check: -8.94269504144396;
        sl: -0.2
        check? True
2021-07-26 03:15:10,596 sl check: -8.352139708518447;
        sl: -0.2
        check? True
2021-07-26 03:15:11,631 sl check: -8.94269504144396;
        sl: -0.2
        check? True
2021-07-26 03:15:12,663 sl check: -8.94269504144396;
        sl: -0.2
        check? True
2021-07-26 03:15:13,677 sl check: -11.136186278024596;
        sl: -0.2
        check? True
2021-07-26 03:15:14,706 sl check: -12.317296943876732;
        sl: -0.2
        check? True
2021-07-26 03:15:15,738 sl check: -12.317296943876732;
        sl: -0.2
        check? True
2021-07-26 03:15:16,767 sl check: -13.414042562167605;
        sl: -0.2
        check? True
2021-07-26 03:15:17,799 sl check: -13.624955181068543;
        sl: -0.2
        check? True
2021-07-26 03:15:18,829 sl check: -13.624955181068543;
        sl: -0.2
        check? True
2021-07-26 03:15:19,861 sl check: -15.438803703626824;
        sl: -0.2
        check? True
2021-07-26 03:15:20,890 sl check: -13.118764895704293;
        sl: -0.2
        check? True
2021-07-26 03:15:21,920 sl check: -13.118764895704293;
        sl: -0.2
        check? True
2021-07-26 03:15:22,953 sl check: -12.570392086558302;
        sl: -0.2
        check? True
2021-07-26 03:15:23,987 sl check: -13.03439984814303;
        sl: -0.2
        check? True
2021-07-26 03:15:25,017 sl check: -13.456225085947127;
        sl: -0.2
        check? True
2021-07-26 03:15:26,050 sl check: -13.203129943264447;
        sl: -0.2
        check? True
2021-07-26 03:15:27,060 sl check: -12.52820956277878;
        sl: -0.2
        check? True
2021-07-26 03:15:28,088 sl check: -13.28749499082571;
        sl: -0.2
        check? True
2021-07-26 03:15:29,115 sl check: -12.148566848755316;
        sl: -0.2
        check? True
2021-07-26 03:15:30,145 sl check: -13.709320228629807;
        sl: -0.2
        check? True
2021-07-26 03:15:31,173 sl check: -12.148566848755316;
        sl: -0.2
        check? True
2021-07-26 03:15:32,206 sl check: -13.28749499082571;
        sl: -0.2
        check? True
2021-07-26 03:15:33,232 sl check: -12.486027038998149;
        sl: -0.2
        check? True
2021-07-26 03:15:34,262 sl check: -13.076582371922552;
        sl: -0.2
        check? True
2021-07-26 03:15:35,290 sl check: -12.148566848755316;
        sl: -0.2
        check? True
2021-07-26 03:15:36,319 sl check: -8.394322232300189;
        sl: -0.2
        check? True
2021-07-26 03:15:37,348 sl check: -8.099044565836877;
        sl: -0.2
        check? True
2021-07-26 03:15:38,381 sl check: -5.694640710353083;
        sl: -0.2
        check? True
2021-07-26 03:15:39,408 sl check: -5.821188281694978;
        sl: -0.2
        check? True
2021-07-26 03:15:40,420 sl check: -5.863370805474499;
        sl: -0.2
        check? True
2021-07-26 03:15:41,429 sl check: -5.863370805474499;
        sl: -0.2
        check? True
2021-07-26 03:15:42,437 sl check: -6.285196043280816;
        sl: -0.2
        check? True
2021-07-26 03:15:43,449 sl check: -7.044481471326636;
        sl: -0.2
        check? True
2021-07-26 03:15:44,460 sl check: -7.002298947547114;
        sl: -0.2
        check? True
2021-07-26 03:15:45,478 sl check: -7.002298947547114;
        sl: -0.2
        check? True
2021-07-26 03:15:46,505 sl check: -6.538291185962386;
        sl: -0.2
        check? True
2021-07-26 03:15:47,531 sl check: -7.002298947547114;
        sl: -0.2
        check? True
2021-07-26 03:15:48,564 sl check: -3.248054331090877;
        sl: -0.2
        check? True
2021-07-26 03:15:49,593 sl check: -4.218252378039855;
        sl: -0.2
        check? True
2021-07-26 03:15:50,623 sl check: -3.8386096640175005;
        sl: -0.2
        check? True
2021-07-26 03:15:51,648 sl check: -3.4589669499929254;
        sl: -0.2
        check? True
2021-07-26 03:15:52,679 sl check: -4.176069854260334;
        sl: -0.2
        check? True
2021-07-26 03:15:53,707 sl check: 3.501149473772447;
        sl: -0.2
        check? False
2021-07-26 03:15:53,707 exit check, 3.501149473772447;
        tp: 1.5;
        check? True
2021-07-26 03:15:54,738 sl check: 1.434205808532596;
        sl: -0.2
        check? False
2021-07-26 03:15:54,738 exit check, 1.434205808532596;
        tp: 1.5;
        check? False
2021-07-26 03:15:55,771 sl check: 3.248054331090877;
        sl: -0.2
        check? False
2021-07-26 03:15:55,771 exit check, 3.248054331090877;
        tp: 1.5;
        check? True
2021-07-26 03:15:56,804 sl check: 2.6996815219448855;
        sl: -0.2
        check? False
2021-07-26 03:15:56,804 exit check, 2.6996815219448855;
        tp: 1.5;
        check? True
2021-07-26 03:15:57,833 sl check: 2.1934912365795256;
        sl: -0.2
        check? False
2021-07-26 03:15:57,833 exit check, 2.1934912365795256;
        tp: 1.5;
        check? True
2021-07-26 03:15:58,863 sl check: 2.1934912365795256;
        sl: -0.2
        check? False
2021-07-26 03:15:58,864 exit check, 2.1934912365795256;
        tp: 1.5;
        check? True
2021-07-26 03:15:59,891 sl check: 0.1687300951225268;
        sl: -0.2
        check? False
2021-07-26 03:15:59,891 exit check, 0.1687300951225268;
        tp: 1.5;
        check? False
2021-07-26 03:16:00,921 sl check: 0.6749203804856663;
        sl: -0.2
        check? False
2021-07-26 03:16:00,921 exit check, 0.6749203804856663;
        tp: 1.5;
        check? False
2021-07-26 03:16:01,930 sl check: 0.6749203804856663;
        sl: -0.2
        check? False
2021-07-26 03:16:01,930 exit check, 0.6749203804856663;
        tp: 1.5;
        check? False
2021-07-26 03:16:02,960 sl check: 0.717102904266298;
        sl: -0.2
        check? False
2021-07-26 03:16:02,961 exit check, 0.717102904266298;
        tp: 1.5;
        check? False
2021-07-26 03:16:03,989 sl check: 0.04218252377841125;
        sl: -0.2
        check? False
2021-07-26 03:16:03,989 exit check, 0.04218252377841125;
        tp: 1.5;
        check? False
2021-07-26 03:16:03,990 uptime: 0 days 00:00:00.000000120;
                                      Δ%*leverage: 0.0421825237794003;
                                      leverage: 100;
                                      status: Alive? Positioned? (True, True)
                                      
2021-07-26 03:16:05,020 sl check: 3.9229747115765434;
        sl: -0.2
        check? False
2021-07-26 03:16:05,020 exit check, 3.9229747115765434;
        tp: 1.5;
        check? True
2021-07-26 03:16:06,046 sl check: 2.8684116170674123;
        sl: -0.2
        check? False
2021-07-26 03:16:06,047 exit check, 2.8684116170674123;
        tp: 1.5;
        check? True
2021-07-26 03:16:07,079 sl check: 1.6029359036551227;
        sl: -0.2
        check? False
2021-07-26 03:16:07,080 exit check, 1.6029359036551227;
        tp: 1.5;
        check? True
2021-07-26 03:16:08,110 sl check: 4.6822601396256935;
        sl: -0.2
        check? False
2021-07-26 03:16:08,111 exit check, 4.6822601396256935;
        tp: 1.5;
        check? True
2021-07-26 03:16:09,126 sl check: 5.694640710354193;
        sl: -0.2
        check? False
2021-07-26 03:16:09,127 exit check, 5.694640710354193;
        tp: 1.5;
        check? True
2021-07-26 03:16:10,154 sl check: 3.2058718073102455;
        sl: -0.2
        check? False
2021-07-26 03:16:10,155 exit check, 3.2058718073102455;
        tp: 1.5;
        check? True
2021-07-26 03:16:11,184 sl check: 6.032100900597026;
        sl: -0.2
        check? False
2021-07-26 03:16:11,185 exit check, 6.032100900597026;
        tp: 1.5;
        check? True
2021-07-26 03:16:12,211 sl check: 7.635036804252149;
        sl: -0.2
        check? False
2021-07-26 03:16:12,211 exit check, 7.635036804252149;
        tp: 1.5;
        check? True
2021-07-26 03:16:13,240 sl check: 8.520869803640974;
        sl: -0.2
        check? False
2021-07-26 03:16:13,240 exit check, 8.520869803640974;
        tp: 1.5;
        check? True
2021-07-26 03:16:14,251 sl check: 9.406702803029798;
        sl: -0.2
        check? False
2021-07-26 03:16:14,251 exit check, 9.406702803029798;
        tp: 1.5;
        check? True
2021-07-26 03:16:15,288 sl check: 11.811106658510262;
        sl: -0.2
        check? False
2021-07-26 03:16:15,288 exit check, 11.811106658510262;
        tp: 1.5;
        check? True
2021-07-26 03:16:16,323 sl check: 9.95507561217357;
        sl: -0.2
        check? False
2021-07-26 03:16:16,323 exit check, 9.95507561217357;
        tp: 1.5;
        check? True
2021-07-26 03:16:17,353 sl check: 8.478687279858121;
        sl: -0.2
        check? False
2021-07-26 03:16:17,353 exit check, 8.478687279858121;
        tp: 1.5;
        check? True
