2021-07-27 01:28:08,204 ENTRY: E:36807.69 at t:2021-07-27T04:28:08.171689728
2021-07-27 01:28:21,424 STOPLOSS:
                                    Δabs: -306.9999999999709;
                                    Δ%: -0.8340648380813109%;
                                    cumulative profit: -0.8340648380813109%
2021-07-27 01:28:22,455 ENTRY: E:36803.95 at t:2021-07-27T04:28:22.425521152
2021-07-27 01:28:28,478 STOPLOSS:
                                    Δabs: -275.0;
                                    Δ%: -0.7472024062634582%;
                                    cumulative profit: -1.5812672443447693%
2021-07-27 01:28:29,510 ENTRY: E:36801.21 at t:2021-07-27T04:28:29.480359424
2021-07-27 01:28:45,851 STOPLOSS:
                                    Δabs: -294.00000000023283;
                                    Δ%: -0.7988867757343653%;
                                    cumulative profit: -2.3801540200791345%
2021-07-27 01:28:46,883 ENTRY: E:36796.76 at t:2021-07-27T04:28:46.853247488
2021-07-27 01:29:00,078 sl check: 0.14403442042176806;
                sl: -0.4
                check? False
                is positioned? True
2021-07-27 01:29:00,079 exit check, 0.14403442042176806;
                tp: 5.0;
                check? 1st condition: False; 2nd condition: True
                is positioned? True
2021-07-27 01:29:04,131 STOPLOSS:
                                    Δabs: -352.00000000040745;
                                    Δ%: -0.9566059620477657%;
                                    cumulative profit: -3.3367599821269%
2021-07-27 01:29:05,155 ENTRY: E:36794.05 at t:2021-07-27T04:29:05.133148416
2021-07-27 01:29:15,268 STOPLOSS:
                                    Δabs: -174.00000000052387;
                                    Δ%: -0.47290254810363047%;
                                    cumulative profit: -3.8096625302305305%
2021-07-27 01:29:16,293 ENTRY: E:36792.31 at t:2021-07-27T04:29:16.273086208
