2021-07-27 01:28:06,789 ENTRY: E:301.51 at t:2021-07-27T04:28:06.758256384
2021-07-27 01:28:25,177 STOPLOSS:
                                    Δabs: -6.000000000000227;
                                    Δ%: -1.9899837484661298%;
                                    cumulative profit: -1.9899837484661298%
2021-07-27 01:28:26,209 ENTRY: E:301.45 at t:2021-07-27T04:28:26.178897664
2021-07-27 01:28:45,654 STOPLOSS:
                                    Δabs: -1.999999999998181;
                                    Δ%: -0.6634599436053015%;
                                    cumulative profit: -2.6534436920714315%
2021-07-27 01:28:46,682 ENTRY: E:301.42 at t:2021-07-27T04:28:46.656185856
2021-07-27 01:29:00,975 sl check: -0.33176298852022335;
                sl: -0.4
                check? False
                is positioned? True
2021-07-27 01:29:00,976 exit check, -0.33176298852022335;
                tp: 5.0;
                check? 1st condition: False; 2nd condition: True
                is positioned? True
2021-07-27 01:29:02,003 STOPLOSS:
                                    Δabs: -2.0000000000038654;
                                    Δ%: -0.6635259770432835%;
                                    cumulative profit: -3.316969669114715%
2021-07-27 01:29:03,030 ENTRY: E:301.41 at t:2021-07-27T04:29:03.005029632
