2021-07-27 01:28:05,357 ENTRY: E:2178.85 at t:2021-07-27T04:28:05.324297984
2021-07-27 01:28:12,384 STOPLOSS:
                                    Δabs: -17.99999999998363;
                                    Δ%: -0.8261238726843808%;
                                    cumulative profit: -0.8261238726843808%
2021-07-27 01:28:13,403 ENTRY: E:2179.05 at t:2021-07-27T04:28:13.385157888
2021-07-27 01:28:21,491 STOPLOSS:
                                    Δabs: -23.00000000000182;
                                    Δ%: -1.0555058397008705%;
                                    cumulative profit: -1.8816297123852515%
2021-07-27 01:28:22,515 ENTRY: E:2178.98 at t:2021-07-27T04:28:22.492924160
2021-07-27 01:28:28,540 STOPLOSS:
                                    Δabs: -9.000000000014552;
                                    Δ%: -0.4130372926788934%;
                                    cumulative profit: -2.2946670050641447%
2021-07-27 01:28:29,557 ENTRY: E:2178.89 at t:2021-07-27T04:28:29.541427456
2021-07-27 01:28:35,577 STOPLOSS:
                                    Δabs: -17.99999999998363;
                                    Δ%: -0.8261087067260684%;
                                    cumulative profit: -3.120775711790213%
2021-07-27 01:28:36,600 ENTRY: E:2178.7 at t:2021-07-27T04:28:36.579337984
2021-07-27 01:28:46,705 STOPLOSS:
                                    Δabs: -16.9999999999618;
                                    Δ%: -0.780281819431854%;
                                    cumulative profit: -3.901057531222067%
2021-07-27 01:28:47,728 ENTRY: E:2178.52 at t:2021-07-27T04:28:47.706765312
2021-07-27 01:29:00,989 sl check: 0.0;
                sl: -0.4
                check? False
                is positioned? True
2021-07-27 01:29:00,990 exit check, 0.0;
                tp: 5.0;
                check? 1st condition: False; 2nd condition: True
                is positioned? True
2021-07-27 01:29:20,525 STOPLOSS:
                                    Δabs: -9.999999999990905;
                                    Δ%: -0.4590272294948362%;
                                    cumulative profit: -4.360084760716903%
2021-07-27 01:29:21,555 ENTRY: E:2178.41 at t:2021-07-27T04:29:21.526743808
