2021-07-27 16:10:04,691 ENTRY: E:2243.69 at t:2021-07-27T16:10:04.672301824
2021-07-27 16:10:14,086 STOPLOSS: Δabs: -74.00000000002365; Δ%: -3.298138334619473%; cumulative profit: -3.298138334619473%
2021-07-27 16:10:15,118 ENTRY: E:2242.59 at t:2021-07-27T16:10:15.088484352
2021-07-27 16:10:36,872 STOPLOSS: Δabs: -65.0000000000091; Δ%: -2.8984343995116846%; cumulative profit: -6.196572734131157%
2021-07-27 16:10:37,903 ENTRY: E:2241.93 at t:2021-07-27T16:10:37.873689856
2021-07-27 16:10:41,038 STOPLOSS: Δabs: -12.99999999996544; Δ%: -0.5798575334629288%; cumulative profit: -6.776430267594086%
2021-07-27 16:10:42,076 ENTRY: E:2241.79 at t:2021-07-27T16:10:42.041220352
2021-07-27 16:10:44,128 STOPLOSS: Δabs: -15.999999999985448; Δ%: -0.7137153792275568%; cumulative profit: -7.4901456468216425%
2021-07-27 16:10:45,178 ENTRY: E:2241.63 at t:2021-07-27T16:10:45.129684992
2021-07-27 16:10:54,440 STOPLOSS: Δabs: -18.000000000029104; Δ%: -0.8029871120581499%; cumulative profit: -8.293132758879793%
2021-07-27 16:11:02,710 ENTRY: E:2240.74 at t:2021-07-27T16:11:02.676334080
2021-07-27 16:11:05,804 STOPLOSS: Δabs: -22.999999999956344; Δ%: -1.026446620310984%; cumulative profit: -9.319579379190778%
2021-07-27 16:11:06,853 ENTRY: E:2240.52 at t:2021-07-27T16:11:06.806845696
2021-07-27 16:11:17,204 PROFIT: Δabs: 140.0000000000091; Δ%: 6.248549443879505%; cumulative profit: -3.071029935311272%
2021-07-27 16:11:31,887 ENTRY: E:2241.69 at t:2021-07-27T16:11:31.821934080
2021-07-27 16:11:36,132 STOPLOSS: Δabs: -15.000000000009095; Δ%: -0.6691380164076699%; cumulative profit: -3.7401679517189423%
2021-07-27 16:11:37,222 ENTRY: E:2241.22 at t:2021-07-27T16:11:37.134019328
2021-07-27 16:11:59,198 PROFIT: Δabs: 128.00000000002; Δ%: 5.7111751635279004%; cumulative profit: 1.971007211808958%
2021-07-27 16:12:09,590 ENTRY: E:2241.58 at t:2021-07-27T16:12:09.564000512
2021-07-27 16:12:15,861 STOPLOSS: Δabs: -15.999999999985448; Δ%: -0.7137822428816036%; cumulative profit: 1.2572249689273545%
2021-07-27 16:12:16,913 ENTRY: E:2241.41 at t:2021-07-27T16:12:16.863471872
2021-07-27 16:12:17,934 STOPLOSS: Δabs: -12.99999999996544; Δ%: -0.579992058568733%; cumulative profit: 0.6772329103586214%
2021-07-27 16:12:18,961 ENTRY: E:2241.27 at t:2021-07-27T16:12:18.935678208
2021-07-27 16:12:31,602 STOPLOSS: Δabs: -67.99999999998363; Δ%: -3.0339941194047855%; cumulative profit: -2.356761209046164%
2021-07-27 16:12:33,652 ENTRY: E:2240.86 at t:2021-07-27T16:12:33.633747456
2021-07-27 16:12:36,765 STOPLOSS: Δabs: -32.00000000001637; Δ%: -1.4280231696766585%; cumulative profit: -3.7847843787228226%
2021-07-27 16:12:37,833 ENTRY: E:2240.87 at t:2021-07-27T16:12:37.766851328
2021-07-27 16:13:07,548 PROFIT: Δabs: 113.00000000001091; Δ%: 5.042684314574738%; cumulative profit: 1.2578999358519156%
2021-07-27 16:13:16,728 ENTRY: E:2241.36 at t:2021-07-27T16:13:16.710643968
2021-07-27 16:13:22,861 STOPLOSS: Δabs: -16.000000000030923; Δ%: -0.7138523039596907%; cumulative profit: 0.5440476318922249%
2021-07-27 16:13:23,877 ENTRY: E:2240.94 at t:2021-07-27T16:13:23.862974976
2021-07-27 16:13:27,021 STOPLOSS: Δabs: -15.000000000009095; Δ%: -0.6693619641761535%; cumulative profit: -0.12531433228392852%
2021-07-27 16:13:28,088 ENTRY: E:2240.78 at t:2021-07-27T16:13:28.022654464
2021-07-27 16:13:30,297 STOPLOSS: Δabs: -24.000000000023647; Δ%: -1.0710556145638415%; cumulative profit: -1.19636994684777%
2021-07-27 16:13:31,314 ENTRY: E:2240.54 at t:2021-07-27T16:13:31.298472448
2021-07-27 16:13:41,793 PROFIT: Δabs: 117.99999999998363; Δ%: 5.266587519079492%; cumulative profit: 4.070217572231722%
2021-07-27 16:14:04,905 ENTRY: E:2241.66 at t:2021-07-27T16:14:04.841131264
2021-07-27 16:14:06,976 STOPLOSS: Δabs: -19.000000000005457; Δ%: -0.847586163825266%; cumulative profit: 3.222631408406456%
2021-07-27 16:14:08,010 ENTRY: E:2241.42 at t:2021-07-27T16:14:07.978499584
2021-07-27 16:14:10,161 STOPLOSS: Δabs: -20.000000000027285; Δ%: -0.892291493786407%; cumulative profit: 2.330339914620049%
2021-07-27 16:14:11,201 ENTRY: E:2241.44 at t:2021-07-27T16:14:11.163969024
2021-07-27 16:14:39,762 PROFIT: Δabs: 117.00000000000728; Δ%: 5.219858662288853%; cumulative profit: 7.550198576908903%
2021-07-27 16:14:52,233 ENTRY: E:2242.22 at t:2021-07-27T16:14:52.209393920
2021-07-27 16:16:00,904 PROFIT: Δabs: 145.00000000002728; Δ%: 6.466805219827997%; cumulative profit: 14.0170037967369%
2021-07-27 16:16:08,128 ENTRY: E:2242.16 at t:2021-07-27T16:16:08.096881920
2021-07-27 16:16:13,241 STOPLOSS: Δabs: -14.99999999996362; Δ%: -0.6689977521659303%; cumulative profit: 13.348006044570969%
2021-07-27 16:16:14,361 ENTRY: E:2242.01 at t:2021-07-27T16:16:14.258164992
2021-07-27 16:16:25,794 PROFIT: Δabs: 136.9999999999891; Δ%: 6.110588266777984%; cumulative profit: 19.458594311348953%
