2021-07-27 16:10:07,047 ENTRY: E:307.8 at t:2021-07-27T16:10:06.983876096
2021-07-27 16:10:20,615 STOPLOSS: Δabs: -4.000000000002046; Δ%: -1.2995451591949467%; cumulative profit: -1.2995451591949467%
2021-07-27 16:10:21,651 ENTRY: E:307.76 at t:2021-07-27T16:10:21.617429760
2021-07-27 16:10:25,866 STOPLOSS: Δabs: -8.999999999997499; Δ%: -2.924356641538049%; cumulative profit: -4.223901800732996%
2021-07-27 16:10:26,961 ENTRY: E:307.66 at t:2021-07-27T16:10:26.870764032
2021-07-27 16:10:42,750 STOPLOSS: Δabs: -2.0000000000038654; Δ%: -0.6500682571682588%; cumulative profit: -4.873970057901255%
2021-07-27 16:10:43,777 ENTRY: E:307.62 at t:2021-07-27T16:10:43.752275200
2021-07-27 16:11:07,543 STOPLOSS: Δabs: -1.999999999998181; Δ%: -0.6501527859040962%; cumulative profit: -5.524122843805351%
2021-07-27 16:11:08,601 ENTRY: E:307.6 at t:2021-07-27T16:11:08.545156096
2021-07-27 16:11:11,684 STOPLOSS: Δabs: -4.000000000002046; Δ%: -1.3003901170357757%; cumulative profit: -6.824512960841127%
2021-07-27 16:11:12,729 ENTRY: E:307.56 at t:2021-07-27T16:11:12.685364736
2021-07-27 16:11:45,223 STOPLOSS: Δabs: -4.000000000002046; Δ%: -1.300559240474069%; cumulative profit: -8.125072201315195%
2021-07-27 16:11:46,253 ENTRY: E:307.51 at t:2021-07-27T16:11:46.225486080
2021-07-27 16:11:52,405 PROFIT: Δabs: 17.00000000000159; Δ%: 5.528275503236184%; cumulative profit: -2.596796698079011%
2021-07-27 16:12:09,116 ENTRY: E:307.6 at t:2021-07-27T16:12:09.077558784
2021-07-27 16:12:10,155 STOPLOSS: Δabs: -2.0000000000038654; Δ%: -0.6501950585188119%; cumulative profit: -3.246991756597823%
2021-07-27 16:12:11,215 ENTRY: E:307.58 at t:2021-07-27T16:12:11.157328128
2021-07-27 16:12:20,549 STOPLOSS: Δabs: -5.000000000001137; Δ%: -1.6255933415700425%; cumulative profit: -4.872585098167866%
2021-07-27 16:12:21,592 ENTRY: E:307.54 at t:2021-07-27T16:12:21.550818048
2021-07-27 16:12:22,638 STOPLOSS: Δabs: -2.0000000000038654; Δ%: -0.6503219093463827%; cumulative profit: -5.522907007514249%
2021-07-27 16:12:23,659 ENTRY: E:307.51 at t:2021-07-27T16:12:23.639717888
2021-07-27 16:12:40,832 PROFIT: Δabs: 16.0000000000025; Δ%: 5.203082826575559%; cumulative profit: -0.3198241809386895%
2021-07-27 16:12:47,585 ENTRY: E:307.61 at t:2021-07-27T16:12:47.463691776
2021-07-27 16:12:52,352 STOPLOSS: Δabs: -2.0000000000038654; Δ%: -0.6501739215252642%; cumulative profit: -0.9699981024639537%
2021-07-27 16:12:53,581 ENTRY: E:307.58 at t:2021-07-27T16:12:53.371465728
2021-07-27 16:13:05,542 STOPLOSS: Δabs: -1.999999999998181; Δ%: -0.6502373366272778%; cumulative profit: -1.6202354390912315%
2021-07-27 16:13:06,563 ENTRY: E:307.56 at t:2021-07-27T16:13:06.544095744
2021-07-27 16:13:12,715 PROFIT: Δabs: 17.00000000000159; Δ%: 5.527376772012483%; cumulative profit: 3.907141332921251%
2021-07-27 16:13:33,329 ENTRY: E:307.69 at t:2021-07-27T16:13:33.310508800
2021-07-27 16:14:11,198 STOPLOSS: Δabs: -1.999999999998181; Δ%: -0.6500048750359717%; cumulative profit: 3.2571364578852795%
2021-07-27 16:14:12,246 ENTRY: E:307.67 at t:2021-07-27T16:14:12.200619520
2021-07-27 16:14:14,313 STOPLOSS: Δabs: -3.000000000002956; Δ%: -0.975070692626176%; cumulative profit: 2.2820657652591034%
2021-07-27 16:14:15,330 ENTRY: E:307.64 at t:2021-07-27T16:14:15.314042624
2021-07-27 16:14:39,279 PROFIT: Δabs: 16.0000000000025; Δ%: 5.200884150306365%; cumulative profit: 7.482949915565468%
2021-07-27 16:14:44,569 ENTRY: E:307.76 at t:2021-07-27T16:14:44.434103808
2021-07-27 16:14:47,641 STOPLOSS: Δabs: -1.999999999998181; Δ%: -0.6498570314524893%; cumulative profit: 6.833092884112979%
2021-07-27 16:14:48,684 ENTRY: E:307.74 at t:2021-07-27T16:14:48.643719168
2021-07-27 16:14:51,846 STOPLOSS: Δabs: -1.999999999998181; Δ%: -0.6498992656132389%; cumulative profit: 6.1831936184997405%
2021-07-27 16:14:52,895 ENTRY: E:307.73 at t:2021-07-27T16:14:52.847441152
2021-07-27 16:15:03,365 STOPLOSS: Δabs: -6.000000000000227; Δ%: -1.9497611542586768%; cumulative profit: 4.233432464241064%
2021-07-27 16:15:04,406 ENTRY: E:307.68 at t:2021-07-27T16:15:04.367195392
2021-07-27 16:15:06,490 STOPLOSS: Δabs: -1.999999999998181; Δ%: -0.6500260010394504%; cumulative profit: 3.5834064632016136%
2021-07-27 16:15:07,552 ENTRY: E:307.64 at t:2021-07-27T16:15:07.492967936
2021-07-27 16:15:11,655 STOPLOSS: Δabs: -2.9999999999972715; Δ%: -0.975165778181404%; cumulative profit: 2.60824068502021%
2021-07-27 16:15:12,696 ENTRY: E:307.63 at t:2021-07-27T16:15:12.656834816
2021-07-27 16:15:14,731 STOPLOSS: Δabs: -2.9999999999972715; Δ%: -0.9751974774883047%; cumulative profit: 1.6330432075319052%
2021-07-27 16:15:15,749 ENTRY: E:307.6 at t:2021-07-27T16:15:15.733495296
2021-07-27 16:15:17,794 STOPLOSS: Δabs: -3.000000000002956; Δ%: -0.9752925877772939%; cumulative profit: 0.6577506197546114%
2021-07-27 16:15:18,817 ENTRY: E:307.56 at t:2021-07-27T16:15:18.795489024
2021-07-27 16:15:23,911 STOPLOSS: Δabs: -4.000000000002046; Δ%: -1.300559240474069%; cumulative profit: -0.6428086207194575%
2021-07-27 16:15:24,931 ENTRY: E:307.52 at t:2021-07-27T16:15:24.913203968
2021-07-27 16:15:59,852 STOPLOSS: Δabs: -8.999999999997499; Δ%: -2.9266389177931513%; cumulative profit: -3.569447538512609%
2021-07-27 16:16:00,884 ENTRY: E:307.42 at t:2021-07-27T16:16:00.854030080
2021-07-27 16:16:03,965 PROFIT: Δabs: 16.999999999995907; Δ%: 5.529893956149863%; cumulative profit: 1.9604464176372538%
2021-07-27 16:16:05,005 ENTRY: E:307.55 at t:2021-07-27T16:16:04.967427584
2021-07-27 16:16:10,165 STOPLOSS: Δabs: -2.0000000000038654; Δ%: -0.6503007641046545%; cumulative profit: 1.3101456535325993%
2021-07-27 16:16:12,202 ENTRY: E:307.51 at t:2021-07-27T16:16:12.184099072
2021-07-27 16:16:34,184 STOPLOSS: Δabs: -2.9999999999972715; Δ%: -0.9755780299818775%; cumulative profit: 0.3345676235507218%
2021-07-27 16:16:36,450 ENTRY: E:307.42 at t:2021-07-27T16:16:36.420620800
2021-07-27 16:16:37,471 STOPLOSS: Δabs: -5.000000000001137; Δ%: -1.6264393988683679%; cumulative profit: -1.291871775317646%
