2021-07-27 10:47:26,043 ENTRY: E:48.98 at t:2021-07-27T13:47:25.999578368
2021-07-27 10:47:36,286 STOPLOSS: Δabs: -2.999999999999403; Δ%: -6.124948958757459%; cumulative profit: -6.124948958757459%
2021-07-27 10:47:37,334 ENTRY: E:48.95 at t:2021-07-27T13:47:37.297686016
2021-07-27 10:47:43,374 STOPLOSS: Δabs: -1.0000000000005116; Δ%: -2.0429009193064585%; cumulative profit: -8.167849878063917%
2021-07-27 10:47:44,394 ENTRY: E:48.95 at t:2021-07-27T13:47:44.379446528
2021-07-27 10:47:51,438 STOPLOSS: Δabs: -1.0000000000005116; Δ%: -2.0429009193064585%; cumulative profit: -10.210750797370375%
2021-07-27 10:47:52,482 ENTRY: E:48.9 at t:2021-07-27T13:47:52.447855872
2021-07-27 10:47:58,579 STOPLOSS: Δabs: -1.999999999999602; Δ%: -4.089979550101436%; cumulative profit: -14.300730347471811%
2021-07-27 10:47:59,634 ENTRY: E:48.87 at t:2021-07-27T13:47:59.593429760
2021-07-27 10:48:05,684 STOPLOSS: Δabs: -0.999999999999801; Δ%: -2.046245140167385%; cumulative profit: -16.346975487639195%
2021-07-27 10:48:06,708 ENTRY: E:48.84 at t:2021-07-27T13:48:06.695099136
2021-07-27 10:48:12,736 STOPLOSS: Δabs: -1.0000000000005116; Δ%: -2.047502047503095%; cumulative profit: -18.39447753514229%
2021-07-27 10:48:13,779 ENTRY: E:48.82 at t:2021-07-27T13:48:13.746049536
2021-07-27 10:48:20,821 STOPLOSS: Δabs: -0.999999999999801; Δ%: -2.04834084391602%; cumulative profit: -20.44281837905831%
2021-07-27 10:48:21,875 ENTRY: E:48.81 at t:2021-07-27T13:48:21.827988736
2021-07-27 10:48:28,919 PROFIT: Δabs: 3.0000000000001137; Δ%: 6.146281499692918%; cumulative profit: -14.29653687936539%
2021-07-27 10:48:29,938 ENTRY: E:48.8 at t:2021-07-27T13:48:29.922790912
2021-07-27 10:48:38,011 STOPLOSS: Δabs: -1.999999999999602; Δ%: -4.098360655736889%; cumulative profit: -18.39489753510228%
2021-07-27 10:48:39,035 ENTRY: E:48.76 at t:2021-07-27T13:48:39.014634496
2021-07-27 10:48:47,103 STOPLOSS: Δabs: -0.999999999999801; Δ%: -2.0508613617715366%; cumulative profit: -20.44575889687382%
2021-07-27 10:48:48,122 ENTRY: E:48.74 at t:2021-07-27T13:48:48.105935616
2021-07-27 10:48:55,179 PROFIT: Δabs: 3.9999999999999147; Δ%: 8.206811653672373%; cumulative profit: -12.238947243201446%
2021-07-27 10:49:22,062 ENTRY: E:48.88 at t:2021-07-27T13:49:22.038926848
2021-07-27 10:49:32,345 PROFIT: Δabs: 2.999999999999403; Δ%: 6.137479541733639%; cumulative profit: -6.101467701467807%
2021-07-27 10:49:33,460 ENTRY: E:48.9 at t:2021-07-27T13:49:33.366027520
2021-07-27 10:49:43,587 STOPLOSS: Δabs: -3.0000000000001137; Δ%: -6.134969325153607%; cumulative profit: -12.236437026621413%
2021-07-27 10:49:44,664 ENTRY: E:48.89 at t:2021-07-27T13:49:44.596358656
2021-07-27 10:49:51,725 PROFIT: Δabs: 3.9999999999999147; Δ%: 8.181632235630834%; cumulative profit: -4.054804790990579%
2021-07-27 10:49:52,754 ENTRY: E:48.92 at t:2021-07-27T13:49:52.730570496
2021-07-27 10:50:06,010 STOPLOSS: Δabs: -1.0000000000005116; Δ%: -2.044153720360817%; cumulative profit: -6.0989585113513956%
2021-07-27 10:50:08,058 ENTRY: E:48.91 at t:2021-07-27T13:50:08.040732416
2021-07-27 10:50:18,283 PROFIT: Δabs: 3.0000000000001137; Δ%: 6.133714986710517%; cumulative profit: 0.03475647535912163%
2021-07-27 10:50:57,571 ENTRY: E:49.23 at t:2021-07-27T13:50:57.542281728
2021-07-27 10:51:03,617 STOPLOSS: Δabs: -0.999999999999801; Δ%: -2.031281738776764%; cumulative profit: -1.9965252634176425%
2021-07-27 10:51:04,659 ENTRY: E:49.21 at t:2021-07-27T13:51:04.627659264
2021-07-27 10:51:10,680 STOPLOSS: Δabs: -3.0000000000001137; Δ%: -6.0963218857958%; cumulative profit: -8.092847149213442%
2021-07-27 10:51:11,716 ENTRY: E:49.14 at t:2021-07-27T13:51:11.688939008
2021-07-27 10:51:17,766 STOPLOSS: Δabs: -0.999999999999801; Δ%: -2.0350020350016305%; cumulative profit: -10.127849184215073%
2021-07-27 10:51:18,814 ENTRY: E:49.14 at t:2021-07-27T13:51:18.782461952
2021-07-27 10:51:26,918 PROFIT: Δabs: 3.0000000000001137; Δ%: 6.105006105006336%; cumulative profit: -4.022843079208737%
2021-07-27 10:51:27,960 ENTRY: E:49.16 at t:2021-07-27T13:51:27.928763136
2021-07-27 10:51:34,001 STOPLOSS: Δabs: -0.999999999999801; Δ%: -2.0341741253047214%; cumulative profit: -6.057017204513459%
2021-07-27 10:51:35,045 ENTRY: E:49.17 at t:2021-07-27T13:51:35.007146496
2021-07-27 10:51:41,129 PROFIT: Δabs: 3.9999999999999147; Δ%: 8.135041692088498%; cumulative profit: 2.078024487575039%
2021-07-27 10:51:42,185 ENTRY: E:49.22 at t:2021-07-27T13:51:42.147210752
2021-07-27 10:51:49,241 PROFIT: Δabs: 3.0000000000001137; Δ%: 6.095083299471991%; cumulative profit: 8.17310778704703%
2021-07-27 10:52:14,038 ENTRY: E:49.38 at t:2021-07-27T13:52:13.955265280
2021-07-27 10:52:20,068 STOPLOSS: Δabs: -3.0000000000001137; Δ%: -6.075334143378116%; cumulative profit: 2.097773643668914%
2021-07-27 10:52:21,091 ENTRY: E:49.35 at t:2021-07-27T13:52:21.075939584
2021-07-27 10:52:27,112 STOPLOSS: Δabs: -0.999999999999801; Δ%: -2.0263424518739637%; cumulative profit: 0.07143119179495017%
2021-07-27 10:52:28,135 ENTRY: E:49.35 at t:2021-07-27T13:52:28.119245312
2021-07-27 10:52:34,155 STOPLOSS: Δabs: -3.0000000000001137; Δ%: -6.079027355623331%; cumulative profit: -6.007596163828381%
2021-07-27 10:52:35,194 ENTRY: E:49.31 at t:2021-07-27T13:52:35.160458240
2021-07-27 10:52:41,224 STOPLOSS: Δabs: -1.0000000000005116; Δ%: -2.0279862096948116%; cumulative profit: -8.035582373523193%
2021-07-27 10:52:42,253 ENTRY: E:49.31 at t:2021-07-27T13:52:42.231298304
2021-07-27 10:52:48,302 PROFIT: Δabs: 5.999999999999517; Δ%: 12.167917258161664%; cumulative profit: 4.132334884638471%
2021-07-27 10:52:49,358 ENTRY: E:49.36 at t:2021-07-27T13:52:49.317971200
2021-07-27 10:52:58,631 STOPLOSS: Δabs: -0.999999999999801; Δ%: -2.025931928686793%; cumulative profit: 2.106402955951678%
2021-07-27 10:52:59,702 ENTRY: E:49.35 at t:2021-07-27T13:52:59.641738496
2021-07-27 10:53:05,794 STOPLOSS: Δabs: -2.0000000000003126; Δ%: -4.052684903749367%; cumulative profit: -1.9462819477976891%
2021-07-27 10:53:06,894 ENTRY: E:49.33 at t:2021-07-27T13:53:06.812665856
2021-07-27 10:53:15,051 PROFIT: Δabs: 3.0000000000001137; Δ%: 6.081491992702441%; cumulative profit: 4.135210044904752%
2021-07-27 10:53:16,104 ENTRY: E:49.36 at t:2021-07-27T13:53:16.070470400
2021-07-27 10:53:23,202 PROFIT: Δabs: 3.0000000000001137; Δ%: 6.077795786061819%; cumulative profit: 10.213005830966571%
2021-07-27 10:53:59,321 ENTRY: E:49.47 at t:2021-07-27T13:53:59.295589120
2021-07-27 10:54:06,388 STOPLOSS: Δabs: -0.999999999999801; Δ%: -2.0214271275516498%; cumulative profit: 8.19157870341492%
2021-07-27 10:54:07,476 ENTRY: E:49.48 at t:2021-07-27T13:54:07.415923712
2021-07-27 10:54:14,549 STOPLOSS: Δabs: -3.9999999999999147; Δ%: -8.084074373484064%; cumulative profit: 0.10750432993085646%
2021-07-27 10:54:15,568 ENTRY: E:49.4 at t:2021-07-27T13:54:15.552563200
2021-07-27 10:54:21,601 STOPLOSS: Δabs: -1.999999999999602; Δ%: -4.048582995950612%; cumulative profit: -3.941078666019756%
2021-07-27 10:54:22,643 ENTRY: E:49.43 at t:2021-07-27T13:54:22.615990528
2021-07-27 10:54:28,670 STOPLOSS: Δabs: -2.0000000000003126; Δ%: -4.046125834514086%; cumulative profit: -7.987204500533842%
2021-07-27 10:54:29,700 ENTRY: E:49.42 at t:2021-07-27T13:54:29.676106752
2021-07-27 10:54:36,748 STOPLOSS: Δabs: -6.000000000000227; Δ%: -12.140833670579172%; cumulative profit: -20.128038171113012%
2021-07-27 10:54:37,773 ENTRY: E:49.35 at t:2021-07-27T13:54:37.756515328
2021-07-27 10:54:48,972 PROFIT: Δabs: 4.999999999999716; Δ%: 10.131712259371257%; cumulative profit: -9.996325911741755%
2021-07-27 10:55:02,185 ENTRY: E:49.35 at t:2021-07-27T13:55:02.121722112
2021-07-27 10:55:08,205 STOPLOSS: Δabs: -3.0000000000001137; Δ%: -6.079027355623331%; cumulative profit: -16.075353267365085%
2021-07-27 10:55:09,233 ENTRY: E:49.34 at t:2021-07-27T13:55:09.214909184
2021-07-27 10:55:16,295 PROFIT: Δabs: 5.999999999999517; Δ%: 12.160518848803237%; cumulative profit: -3.9148344185618473%
2021-07-27 10:55:38,192 ENTRY: E:49.37 at t:2021-07-27T13:55:38.175926272
